#
# A fatal error has been detected by the Java Runtime Environment:
#
#  SIGSEGV (0xb) at pc=0x00007f2ead4fc729, pid=25371, tid=139838486431488
#
# JRE version: OpenJDK Runtime Environment (7.0_75-b13) (build 1.7.0_75-b13)
# Java VM: OpenJDK 64-Bit Server VM (24.75-b04 mixed mode linux-amd64 compressed oops)
# Derivative: IcedTea 2.5.4
# Distribution: Ubuntu 14.04 LTS, package 7u75-2.5.4-1~trusty1
# Problematic frame:
# C  [swrast_dri.so+0x387729]
#
# Failed to write core dump. Core dumps have been disabled. To enable core dumping, try "ulimit -c unlimited" before starting Java again
#
# If you would like to submit a bug report, please include
# instructions on how to reproduce the bug and visit:
#   http://icedtea.classpath.org/bugzilla
# The crash happened outside the Java Virtual Machine in native code.
# See problematic frame for where to report the bug.
#

---------------  T H R E A D  ---------------

Current thread (0x00007f2ef4366000):  JavaThread "LWJGL Application" [_thread_in_native, id=25395, stack(0x00007f2eaf3f4000,0x00007f2eaf4f5000)]

siginfo:si_signo=SIGSEGV: si_errno=0, si_code=1 (SEGV_MAPERR), si_addr=0x0000000000000020

Registers:
RAX=0x0000000000000000, RBX=0x0000000000000000, RCX=0x0000000000000000, RDX=0x00007f2e98000040
RSP=0x00007f2eaf4f28a0, RBP=0x0000000000000020, RSI=0x00000000ffffffff, RDI=0x0000000000000020
R8 =0x00007f2e98b8d700, R9 =0x00007f2e98b8d720, R10=0x00007f2efd839fe0, R11=0x0000000000000000
R12=0x0000000000000020, R13=0x0000000000000003, R14=0x0000000000000003, R15=0x00007f2eaf4f2a40
RIP=0x00007f2ead4fc729, EFLAGS=0x0000000000010206, CSGSFS=0x0000000000000033, ERR=0x0000000000000004
  TRAPNO=0x000000000000000e

Top of Stack: (sp=0x00007f2eaf4f28a0)
0x00007f2eaf4f28a0:   00007f2e98b8d9e0 00007f2e98b8d778
0x00007f2eaf4f28b0:   00007f2e98b8d790 00007f2e98b8d7a8
0x00007f2eaf4f28c0:   0000000100000000 00007f2ea2d5f799
0x00007f2eaf4f28d0:   00007f2e00000000 00007f2e98b8d768
0x00007f2eaf4f28e0:   0000000000000003 0000000000000003
0x00007f2eaf4f28f0:   00007f2eaf4f2a40 0000000000000000
0x00007f2eaf4f2900:   00007f2e98b8c4e0 00007f2ead4fc810
0x00007f2eaf4f2910:   00007f2eaf4f2980 0000000000000000
0x00007f2eaf4f2920:   00007f2eaf4f2980 00007f2e9806d770
0x00007f2eaf4f2930:   0000000000000003 0000000000000003
0x00007f2eaf4f2940:   00007f2eaf4f2a40 00007f2e98b8c4e0
0x00007f2eaf4f2950:   00007f2e98b8b410 00007f2e9806d770
0x00007f2eaf4f2960:   0000000000000003 0000000000000003
0x00007f2eaf4f2970:   00007f2eaf4f2a40 00007f2ead500191
0x00007f2eaf4f2980:   766c6c5f77617264 7261765f73765f6d
0x00007f2eaf4f2990:   00000030746e6169 0000000000000000
0x00007f2eaf4f29a0:   0000000000000000 0000000000000000
0x00007f2eaf4f29b0:   0000000000000000 0000000000000000
0x00007f2eaf4f29c0:   0000000000000000 9f10c7d588c1bd00
0x00007f2eaf4f29d0:   00007f2eadb23580 00007f2e98059960
0x00007f2eaf4f29e0:   00007f2e98b8be10 00007f2eaf4f2a40
0x00007f2eaf4f29f0:   0000000000000003 00007f2e98b8be10
0x00007f2eaf4f2a00:   00007f2e98b8b410 00007f2ead501735
0x00007f2eaf4f2a10:   00007f2e00000000 00007f2e00000000
0x00007f2eaf4f2a20:   00007f2e98b8b410 0000000000000000
0x00007f2eaf4f2a30:   0000000300000000 00007f2eaf4f2a40
0x00007f2eaf4f2a40:   0000000307000003 0000000000000000
0x00007f2eaf4f2a50:   0000001d00000000 0000000000000008
0x00007f2eaf4f2a60:   0000004300000000 000000000000000c
0x00007f2eaf4f2a70:   0000001d00000000 00007f2e98b8c368
0x00007f2eaf4f2a80:   0000000100000000 00007f2ea2d5f799
0x00007f2eaf4f2a90:   00007f2e00000000 00007f2e98b8c328 

Instructions: (pc=0x00007f2ead4fc729)
0x00007f2ead4fc709:   e8 5b 5d 41 5c 41 5d c3 66 2e 0f 1f 84 00 00 00
0x00007f2ead4fc719:   00 00 0f 1f 44 00 00 55 48 89 fd 53 48 83 ec 58
0x00007f2ead4fc729:   48 8b 3f e8 8f 04 ce ff 48 8b 7d 00 48 89 c3 48
0x00007f2ead4fc739:   89 44 24 20 48 89 44 24 18 48 89 44 24 10 48 89 

Register to memory mapping:

RAX=0x0000000000000000 is an unknown value
RBX=0x0000000000000000 is an unknown value
RCX=0x0000000000000000 is an unknown value
RDX=0x00007f2e98000040 is an unknown value
RSP=0x00007f2eaf4f28a0 is pointing into the stack for thread: 0x00007f2ef4366000
RBP=0x0000000000000020 is an unknown value
RSI=0x00000000ffffffff is an unknown value
RDI=0x0000000000000020 is an unknown value
R8 =0x00007f2e98b8d700 is an unknown value
R9 =0x00007f2e98b8d720 is an unknown value
R10=0x00007f2efd839fe0: <offset 0x3bdfe0> in /lib/x86_64-linux-gnu/libc.so.6 at 0x00007f2efd47c000
R11=0x0000000000000000 is an unknown value
R12=0x0000000000000020 is an unknown value
R13=0x0000000000000003 is an unknown value
R14=0x0000000000000003 is an unknown value
R15=0x00007f2eaf4f2a40 is pointing into the stack for thread: 0x00007f2ef4366000


Stack: [0x00007f2eaf3f4000,0x00007f2eaf4f5000],  sp=0x00007f2eaf4f28a0,  free space=1018k
Native frames: (J=compiled Java code, j=interpreted, Vv=VM code, C=native code)
C  [swrast_dri.so+0x387729]

[error occurred during error reporting (printing native stack), id 0xb]

Java frames: (J=compiled Java code, j=interpreted, Vv=VM code)
j  org.lwjgl.opengl.GL11.nglDrawElements(IIIJJ)V+0
j  org.lwjgl.opengl.GL11.glDrawElements(ILjava/nio/ShortBuffer;)V+34
j  com.badlogic.gdx.backends.lwjgl.LwjglGL20.glDrawElements(IIILjava/nio/Buffer;)V+21
j  com.badlogic.gdx.graphics.Mesh.render(Lcom/badlogic/gdx/graphics/glutils/ShaderProgram;IIIZ)V+88
j  com.badlogic.gdx.graphics.Mesh.render(Lcom/badlogic/gdx/graphics/glutils/ShaderProgram;III)V+10
j  com.badlogic.gdx.graphics.g2d.SpriteBatch.flush()V+176
j  com.badlogic.gdx.graphics.g2d.SpriteBatch.switchTexture(Lcom/badlogic/gdx/graphics/Texture;)V+1
j  com.badlogic.gdx.graphics.g2d.SpriteBatch.draw(Lcom/badlogic/gdx/graphics/Texture;FFFF)V+33
j  com.badlogic.gdx.graphics.g2d.SpriteBatch.draw(Lcom/badlogic/gdx/graphics/Texture;FF)V+14
j  com.TeamHEC.LocomotionCommotion.UI_Elements.Sprite.draw(Lcom/badlogic/gdx/graphics/g2d/Batch;F)V+13
j  com.badlogic.gdx.scenes.scene2d.Group.drawChildren(Lcom/badlogic/gdx/graphics/g2d/Batch;F)V+405
j  com.badlogic.gdx.scenes.scene2d.Group.draw(Lcom/badlogic/gdx/graphics/g2d/Batch;F)V+19
j  com.badlogic.gdx.scenes.scene2d.Stage.draw()V+54
j  com.TeamHEC.LocomotionCommotion.Scene.Scene.render(F)V+52
j  com.badlogic.gdx.Game.render()V+19
j  com.TeamHEC.LocomotionCommotion.LocomotionCommotion.render()V+17
j  com.badlogic.gdx.backends.lwjgl.LwjglApplication.mainLoop()V+632
j  com.badlogic.gdx.backends.lwjgl.LwjglApplication$1.run()V+27
v  ~StubRoutines::call_stub

---------------  P R O C E S S  ---------------

Java Threads: ( => current thread )
  0x00007f2e98013000 JavaThread "process reaper" daemon [_thread_blocked, id=25397, stack(0x00007f2eec046000,0x00007f2eec07f000)]
  0x00007f2ef400b800 JavaThread "DestroyJavaVM" [_thread_blocked, id=25373, stack(0x00007f2efdb50000,0x00007f2efdc51000)]
=>0x00007f2ef4366000 JavaThread "LWJGL Application" [_thread_in_native, id=25395, stack(0x00007f2eaf3f4000,0x00007f2eaf4f5000)]
  0x00007f2ef42c2000 JavaThread "AWT-XAWT" daemon [_thread_in_native, id=25391, stack(0x00007f2eb6229000,0x00007f2eb632a000)]
  0x00007f2ef42a7000 JavaThread "Java2D Disposer" daemon [_thread_blocked, id=25390, stack(0x00007f2eb673a000,0x00007f2eb683b000)]
  0x00007f2ef40b2800 JavaThread "Service Thread" daemon [_thread_blocked, id=25388, stack(0x00007f2eec180000,0x00007f2eec281000)]
  0x00007f2ef40b0000 JavaThread "C2 CompilerThread1" daemon [_thread_in_native, id=25387, stack(0x00007f2eec281000,0x00007f2eec382000)]
  0x00007f2ef40ad000 JavaThread "C2 CompilerThread0" daemon [_thread_blocked, id=25386, stack(0x00007f2ef807c000,0x00007f2ef817d000)]
  0x00007f2ef40ab000 JavaThread "Signal Dispatcher" daemon [_thread_blocked, id=25385, stack(0x00007f2ef817d000,0x00007f2ef827e000)]
  0x00007f2ef407d800 JavaThread "Finalizer" daemon [_thread_blocked, id=25383, stack(0x00007f2ef827e000,0x00007f2ef837f000)]
  0x00007f2ef407b800 JavaThread "Reference Handler" daemon [_thread_blocked, id=25382, stack(0x00007f2ef837f000,0x00007f2ef8480000)]

Other Threads:
  0x00007f2ef4077000 VMThread [stack: 0x00007f2ef8480000,0x00007f2ef8581000] [id=25381]
  0x00007f2ef40bd000 WatcherThread [stack: 0x00007f2eec07f000,0x00007f2eec180000] [id=25389]

VM state:not at safepoint (normal execution)

VM Mutex/Monitor currently owned by a thread: None

Heap
 PSYoungGen      total 36864K, used 18874K [0x00000007d7000000, 0x00000007d9900000, 0x0000000800000000)
  eden space 31744K, 59% used [0x00000007d7000000,0x00000007d826eb58,0x00000007d8f00000)
  from space 5120K, 0% used [0x00000007d9400000,0x00000007d9400000,0x00000007d9900000)
  to   space 5120K, 0% used [0x00000007d8f00000,0x00000007d8f00000,0x00000007d9400000)
 ParOldGen       total 83968K, used 0K [0x0000000785000000, 0x000000078a200000, 0x00000007d7000000)
  object space 83968K, 0% used [0x0000000785000000,0x0000000785000000,0x000000078a200000)
 PSPermGen       total 21504K, used 9555K [0x000000077aa00000, 0x000000077bf00000, 0x0000000785000000)
  object space 21504K, 44% used [0x000000077aa00000,0x000000077b354e68,0x000000077bf00000)

Card table byte_map: [0x00007f2efa365000,0x00007f2efa791000] byte_map_base: 0x00007f2ef6790000

Polling page: 0x00007f2efdc6f000

Code Cache  [0x00007f2ef1000000, 0x00007f2ef1270000, 0x00007f2ef4000000)
 total_blobs=535 nmethods=34 adapters=455 free_code_cache=48539Kb largest_free_block=49684736

Compilation events (10 events):
Event: 1.285 Thread 0x00007f2ef40b0000   31   !         java.io.BufferedReader::readLine (304 bytes)
Event: 1.297 Thread 0x00007f2ef40ad000 nmethod 29 0x00007f2ef109c390 code [0x00007f2ef109c620, 0x00007f2ef109d290]
Event: 1.298 Thread 0x00007f2ef40ad000   32             java.lang.String::indexOf (7 bytes)
Event: 1.313 Thread 0x00007f2ef40ad000 nmethod 32 0x00007f2ef1096a10 code [0x00007f2ef1096b60, 0x00007f2ef1096d28]
Event: 1.313 Thread 0x00007f2ef40ad000   33             java.lang.AbstractStringBuilder::ensureCapacityInternal (16 bytes)
Event: 1.316 Thread 0x00007f2ef40ad000 nmethod 33 0x00007f2ef10964d0 code [0x00007f2ef1096620, 0x00007f2ef10968b8]
Event: 1.331 Thread 0x00007f2ef40ad000   34             java.lang.AbstractStringBuilder::append (48 bytes)
Event: 1.337 Thread 0x00007f2ef40ad000 nmethod 34 0x00007f2ef109a050 code [0x00007f2ef109a1c0, 0x00007f2ef109a598]
Event: 1.337 Thread 0x00007f2ef40ad000   35             java.lang.String::getChars (62 bytes)
Event: 1.338 Thread 0x00007f2ef40ad000 nmethod 35 0x00007f2ef109bf90 code [0x00007f2ef109c0e0, 0x00007f2ef109c218]

GC Heap History (0 events):
No events

Deoptimization events (1 events):
Event: 0.380 Thread 0x00007f2ef400b800 Uncommon trap: reason=class_check action=maybe_recompile pc=0x00007f2ef1064240 method=java.util.Properties$LineReader.readLine()I @ 62

Internal exceptions (10 events):
Event: 1.327 Thread 0x00007f2ef4366000 Threw 0x00000007d81eaa58 at /build/buildd/openjdk-7-7u75-2.5.4/build/openjdk/hotspot/src/share/vm/prims/jvm.cpp:1284
Event: 1.329 Thread 0x00007f2ef4366000 Threw 0x00000007d81f37e0 at /build/buildd/openjdk-7-7u75-2.5.4/build/openjdk/hotspot/src/share/vm/prims/jvm.cpp:1284
Event: 1.329 Thread 0x00007f2ef4366000 Threw 0x00000007d81f8de8 at /build/buildd/openjdk-7-7u75-2.5.4/build/openjdk/hotspot/src/share/vm/prims/jvm.cpp:1284
Event: 1.331 Thread 0x00007f2ef4366000 Threw 0x00000007d8204d70 at /build/buildd/openjdk-7-7u75-2.5.4/build/openjdk/hotspot/src/share/vm/prims/jvm.cpp:1284
Event: 1.332 Thread 0x00007f2ef4366000 Threw 0x00000007d820ad68 at /build/buildd/openjdk-7-7u75-2.5.4/build/openjdk/hotspot/src/share/vm/prims/jvm.cpp:1284
Event: 1.332 Thread 0x00007f2ef4366000 Threw 0x00000007d8210498 at /build/buildd/openjdk-7-7u75-2.5.4/build/openjdk/hotspot/src/share/vm/prims/jvm.cpp:1284
Event: 1.333 Thread 0x00007f2ef4366000 Threw 0x00000007d8215278 at /build/buildd/openjdk-7-7u75-2.5.4/build/openjdk/hotspot/src/share/vm/prims/jvm.cpp:1284
Event: 1.334 Thread 0x00007f2ef4366000 Threw 0x00000007d821bb40 at /build/buildd/openjdk-7-7u75-2.5.4/build/openjdk/hotspot/src/share/vm/prims/jvm.cpp:1284
Event: 1.335 Thread 0x00007f2ef4366000 Threw 0x00000007d821fef8 at /build/buildd/openjdk-7-7u75-2.5.4/build/openjdk/hotspot/src/share/vm/prims/jvm.cpp:1284
Event: 1.336 Thread 0x00007f2ef4366000 Threw 0x00000007d8223bb8 at /build/buildd/openjdk-7-7u75-2.5.4/build/openjdk/hotspot/src/share/vm/prims/jvm.cpp:1284

Events (10 events):
Event: 1.334 loading class 0x00007f2ecc056220
Event: 1.334 loading class 0x00007f2ecc056220 done
Event: 1.334 loading class 0x00007f2ef42364e0
Event: 1.334 loading class 0x00007f2ef42364e0 done
Event: 1.334 loading class 0x00007f2e98297720
Event: 1.334 loading class 0x00007f2e98297720 done
Event: 1.335 loading class 0x00007f2e98297870
Event: 1.335 loading class 0x00007f2e98297870 done
Event: 1.336 loading class 0x00007f2ef41442a0
Event: 1.336 loading class 0x00007f2ef41442a0 done


Dynamic libraries:
00400000-00401000 r-xp 00000000 08:01 6953855                            /usr/lib/jvm/java-7-openjdk-amd64/jre/bin/java
00600000-00601000 r--p 00000000 08:01 6953855                            /usr/lib/jvm/java-7-openjdk-amd64/jre/bin/java
00601000-00602000 rw-p 00001000 08:01 6953855                            /usr/lib/jvm/java-7-openjdk-amd64/jre/bin/java
01844000-01865000 rw-p 00000000 00:00 0                                  [heap]
77aa00000-77bf00000 rw-p 00000000 00:00 0 
77bf00000-785000000 rw-p 00000000 00:00 0 
785000000-78a200000 rw-p 00000000 00:00 0 
78a200000-7d7000000 rw-p 00000000 00:00 0 
7d7000000-7d9900000 rw-p 00000000 00:00 0 
7d9900000-800000000 rw-p 00000000 00:00 0 
7f2e8aaca000-7f2e8c000000 rw-p 00000000 00:00 0 
7f2e8c000000-7f2e8c021000 rw-p 00000000 00:00 0 
7f2e8c021000-7f2e90000000 ---p 00000000 00:00 0 
7f2e92815000-7f2e93215000 rwxp 00000000 00:00 0 
7f2e93215000-7f2e94000000 rw-p 00000000 00:00 0 
7f2e94000000-7f2e94021000 rw-p 00000000 00:00 0 
7f2e94021000-7f2e98000000 ---p 00000000 00:00 0 
7f2e98000000-7f2e9901d000 rw-p 00000000 00:00 0 
7f2e9901d000-7f2e9c000000 ---p 00000000 00:00 0 
7f2e9c000000-7f2e9c021000 rw-p 00000000 00:00 0 
7f2e9c021000-7f2ea0000000 ---p 00000000 00:00 0 
7f2ea011d000-7f2ea030f000 rw-p 00000000 00:00 0 
7f2ea030f000-7f2ea0310000 ---p 00000000 00:00 0 
7f2ea0310000-7f2ea0b10000 rw-p 00000000 00:00 0                          [stack:25403]
7f2ea0b10000-7f2ea0b11000 ---p 00000000 00:00 0 
7f2ea0b11000-7f2ea1311000 rw-p 00000000 00:00 0                          [stack:25402]
7f2ea1311000-7f2ea1312000 ---p 00000000 00:00 0 
7f2ea1312000-7f2ea1b12000 rw-p 00000000 00:00 0                          [stack:25401]
7f2ea1b12000-7f2ea1b13000 ---p 00000000 00:00 0 
7f2ea1b13000-7f2ea2313000 rw-p 00000000 00:00 0                          [stack:25400]
7f2ea2313000-7f2ea3e1b000 r-xp 00000000 08:01 6554779                    /usr/lib/x86_64-linux-gnu/libLLVM-3.5.so.1
7f2ea3e1b000-7f2ea3e1c000 ---p 01b08000 08:01 6554779                    /usr/lib/x86_64-linux-gnu/libLLVM-3.5.so.1
7f2ea3e1c000-7f2ea3fe4000 r--p 01b08000 08:01 6554779                    /usr/lib/x86_64-linux-gnu/libLLVM-3.5.so.1
7f2ea3fe4000-7f2ea3fea000 rw-p 01cd0000 08:01 6554779                    /usr/lib/x86_64-linux-gnu/libLLVM-3.5.so.1
7f2ea3fea000-7f2ea3fff000 rw-p 00000000 00:00 0 
7f2ea3fff000-7f2ea8000000 rw-s 00000000 00:14 300729                     /run/shm/pulse-shm-1735371198
7f2ea8000000-7f2ea8021000 rw-p 00000000 00:00 0 
7f2ea8021000-7f2eac000000 ---p 00000000 00:00 0 
7f2eac4ba000-7f2eac4f1000 r-xp 00000000 08:01 6561094                    /usr/lib/x86_64-linux-gnu/libtxc_dxtn_s2tc.so.0.0.0
7f2eac4f1000-7f2eac6f0000 ---p 00037000 08:01 6561094                    /usr/lib/x86_64-linux-gnu/libtxc_dxtn_s2tc.so.0.0.0
7f2eac6f0000-7f2eac6f1000 r--p 00036000 08:01 6561094                    /usr/lib/x86_64-linux-gnu/libtxc_dxtn_s2tc.so.0.0.0
7f2eac6f1000-7f2eac6f2000 rw-p 00037000 08:01 6561094                    /usr/lib/x86_64-linux-gnu/libtxc_dxtn_s2tc.so.0.0.0
7f2eac6f2000-7f2eac717000 r-xp 00000000 08:01 1577025                    /lib/x86_64-linux-gnu/libtinfo.so.5.9
7f2eac717000-7f2eac916000 ---p 00025000 08:01 1577025                    /lib/x86_64-linux-gnu/libtinfo.so.5.9
7f2eac916000-7f2eac91a000 r--p 00024000 08:01 1577025                    /lib/x86_64-linux-gnu/libtinfo.so.5.9
7f2eac91a000-7f2eac91b000 rw-p 00028000 08:01 1577025                    /lib/x86_64-linux-gnu/libtinfo.so.5.9
7f2eac91b000-7f2eac944000 r-xp 00000000 08:01 6560467                    /usr/lib/x86_64-linux-gnu/libedit.so.2.0.47
7f2eac944000-7f2eacb44000 ---p 00029000 08:01 6560467                    /usr/lib/x86_64-linux-gnu/libedit.so.2.0.47
7f2eacb44000-7f2eacb46000 r--p 00029000 08:01 6560467                    /usr/lib/x86_64-linux-gnu/libedit.so.2.0.47
7f2eacb46000-7f2eacb47000 rw-p 0002b000 08:01 6560467                    /usr/lib/x86_64-linux-gnu/libedit.so.2.0.47
7f2eacb47000-7f2eacb4b000 rw-p 00000000 00:00 0 
7f2eacb4b000-7f2eacb57000 r-xp 00000000 08:01 6565441                    /usr/lib/x86_64-linux-gnu/libdrm_radeon.so.1.0.1
7f2eacb57000-7f2eacd56000 ---p 0000c000 08:01 6565441                    /usr/lib/x86_64-linux-gnu/libdrm_radeon.so.1.0.1
7f2eacd56000-7f2eacd57000 r--p 0000b000 08:01 6565441                    /usr/lib/x86_64-linux-gnu/libdrm_radeon.so.1.0.1
7f2eacd57000-7f2eacd58000 rw-p 0000c000 08:01 6565441                    /usr/lib/x86_64-linux-gnu/libdrm_radeon.so.1.0.1
7f2eacd58000-7f2eacd6d000 r-xp 00000000 08:01 6554040                    /usr/lib/x86_64-linux-gnu/libelf-0.158.so
7f2eacd6d000-7f2eacf6c000 ---p 00015000 08:01 6554040                    /usr/lib/x86_64-linux-gnu/libelf-0.158.so
7f2eacf6c000-7f2eacf6d000 r--p 00014000 08:01 6554040                    /usr/lib/x86_64-linux-gnu/libelf-0.158.so
7f2eacf6d000-7f2eacf6e000 rw-p 00015000 08:01 6554040                    /usr/lib/x86_64-linux-gnu/libelf-0.158.so
7f2eacf6e000-7f2eacf74000 r-xp 00000000 08:01 6555711                    /usr/lib/x86_64-linux-gnu/libdrm_nouveau.so.2.0.0
7f2eacf74000-7f2ead173000 ---p 00006000 08:01 6555711                    /usr/lib/x86_64-linux-gnu/libdrm_nouveau.so.2.0.0
7f2ead173000-7f2ead174000 r--p 00005000 08:01 6555711                    /usr/lib/x86_64-linux-gnu/libdrm_nouveau.so.2.0.0
7f2ead174000-7f2ead175000 rw-p 00006000 08:01 6555711                    /usr/lib/x86_64-linux-gnu/libdrm_nouveau.so.2.0.0
7f2ead175000-7f2ead8b9000 r-xp 00000000 08:01 6829434                    /usr/lib/x86_64-linux-gnu/dri/swrast_dri.so
7f2ead8b9000-7f2eadab9000 ---p 00744000 08:01 6829434                    /usr/lib/x86_64-linux-gnu/dri/swrast_dri.so
7f2eadab9000-7f2eadb0c000 r--p 00744000 08:01 6829434                    /usr/lib/x86_64-linux-gnu/dri/swrast_dri.so
7f2eadb0c000-7f2eadb18000 rw-p 00797000 08:01 6829434                    /usr/lib/x86_64-linux-gnu/dri/swrast_dri.so
7f2eadb18000-7f2eadd00000 rw-p 00000000 00:00 0 
7f2eadd00000-7f2eadd0b000 r-xp 00000000 08:01 6555709                    /usr/lib/x86_64-linux-gnu/libdrm.so.2.4.0
7f2eadd0b000-7f2eadf0a000 ---p 0000b000 08:01 6555709                    /usr/lib/x86_64-linux-gnu/libdrm.so.2.4.0
7f2eadf0a000-7f2eadf0b000 r--p 0000a000 08:01 6555709                    /usr/lib/x86_64-linux-gnu/libdrm.so.2.4.0
7f2eadf0b000-7f2eadf0c000 rw-p 0000b000 08:01 6555709                    /usr/lib/x86_64-linux-gnu/libdrm.so.2.4.0
7f2eadf0c000-7f2eadf0d000 r-xp 00000000 08:01 6561218                    /usr/lib/x86_64-linux-gnu/libxshmfence.so.1.0.0
7f2eadf0d000-7f2eae10c000 ---p 00001000 08:01 6561218                    /usr/lib/x86_64-linux-gnu/libxshmfence.so.1.0.0
7f2eae10c000-7f2eae10d000 r--p 00000000 08:01 6561218                    /usr/lib/x86_64-linux-gnu/libxshmfence.so.1.0.0
7f2eae10d000-7f2eae10e000 rw-p 00001000 08:01 6561218                    /usr/lib/x86_64-linux-gnu/libxshmfence.so.1.0.0
7f2eae10e000-7f2eae113000 r-xp 00000000 08:01 6561183                    /usr/lib/x86_64-linux-gnu/libxcb-sync.so.1.0.0
7f2eae113000-7f2eae312000 ---p 00005000 08:01 6561183                    /usr/lib/x86_64-linux-gnu/libxcb-sync.so.1.0.0
7f2eae312000-7f2eae313000 r--p 00004000 08:01 6561183                    /usr/lib/x86_64-linux-gnu/libxcb-sync.so.1.0.0
7f2eae313000-7f2eae314000 rw-p 00005000 08:01 6561183                    /usr/lib/x86_64-linux-gnu/libxcb-sync.so.1.0.0
7f2eae314000-7f2eae316000 r-xp 00000000 08:01 6561175                    /usr/lib/x86_64-linux-gnu/libxcb-present.so.0.0.0
7f2eae316000-7f2eae515000 ---p 00002000 08:01 6561175                    /usr/lib/x86_64-linux-gnu/libxcb-present.so.0.0.0
7f2eae515000-7f2eae516000 r--p 00001000 08:01 6561175                    /usr/lib/x86_64-linux-gnu/libxcb-present.so.0.0.0
7f2eae516000-7f2eae517000 rw-p 00002000 08:01 6561175                    /usr/lib/x86_64-linux-gnu/libxcb-present.so.0.0.0
7f2eae517000-7f2eae519000 r-xp 00000000 08:01 6561171                    /usr/lib/x86_64-linux-gnu/libxcb-dri3.so.0.0.0
7f2eae519000-7f2eae718000 ---p 00002000 08:01 6561171                    /usr/lib/x86_64-linux-gnu/libxcb-dri3.so.0.0.0
7f2eae718000-7f2eae719000 r--p 00001000 08:01 6561171                    /usr/lib/x86_64-linux-gnu/libxcb-dri3.so.0.0.0
7f2eae719000-7f2eae71a000 rw-p 00002000 08:01 6561171                    /usr/lib/x86_64-linux-gnu/libxcb-dri3.so.0.0.0
7f2eae71a000-7f2eae71d000 r-xp 00000000 08:01 6561169                    /usr/lib/x86_64-linux-gnu/libxcb-dri2.so.0.0.0
7f2eae71d000-7f2eae91d000 ---p 00003000 08:01 6561169                    /usr/lib/x86_64-linux-gnu/libxcb-dri2.so.0.0.0
7f2eae91d000-7f2eae91e000 r--p 00003000 08:01 6561169                    /usr/lib/x86_64-linux-gnu/libxcb-dri2.so.0.0.0
7f2eae91e000-7f2eae91f000 rw-p 00004000 08:01 6561169                    /usr/lib/x86_64-linux-gnu/libxcb-dri2.so.0.0.0
7f2eae91f000-7f2eae934000 r-xp 00000000 08:01 6561173                    /usr/lib/x86_64-linux-gnu/libxcb-glx.so.0.0.0
7f2eae934000-7f2eaeb33000 ---p 00015000 08:01 6561173                    /usr/lib/x86_64-linux-gnu/libxcb-glx.so.0.0.0
7f2eaeb33000-7f2eaeb35000 r--p 00014000 08:01 6561173                    /usr/lib/x86_64-linux-gnu/libxcb-glx.so.0.0.0
7f2eaeb35000-7f2eaeb36000 rw-p 00016000 08:01 6561173                    /usr/lib/x86_64-linux-gnu/libxcb-glx.so.0.0.0
7f2eaeb36000-7f2eaeb37000 r-xp 00000000 08:01 6560229                    /usr/lib/x86_64-linux-gnu/libX11-xcb.so.1.0.0
7f2eaeb37000-7f2eaed36000 ---p 00001000 08:01 6560229                    /usr/lib/x86_64-linux-gnu/libX11-xcb.so.1.0.0
7f2eaed36000-7f2eaed37000 r--p 00000000 08:01 6560229                    /usr/lib/x86_64-linux-gnu/libX11-xcb.so.1.0.0
7f2eaed37000-7f2eaed38000 rw-p 00001000 08:01 6560229                    /usr/lib/x86_64-linux-gnu/libX11-xcb.so.1.0.0
7f2eaed38000-7f2eaed3a000 r-xp 00000000 08:01 6560244                    /usr/lib/x86_64-linux-gnu/libXdamage.so.1.1.0
7f2eaed3a000-7f2eaef39000 ---p 00002000 08:01 6560244                    /usr/lib/x86_64-linux-gnu/libXdamage.so.1.1.0
7f2eaef39000-7f2eaef3a000 r--p 00001000 08:01 6560244                    /usr/lib/x86_64-linux-gnu/libXdamage.so.1.1.0
7f2eaef3a000-7f2eaef3b000 rw-p 00002000 08:01 6560244                    /usr/lib/x86_64-linux-gnu/libXdamage.so.1.1.0
7f2eaef3b000-7f2eaef5f000 r-xp 00000000 08:01 6555725                    /usr/lib/x86_64-linux-gnu/libglapi.so.0.0.0
7f2eaef5f000-7f2eaf15f000 ---p 00024000 08:01 6555725                    /usr/lib/x86_64-linux-gnu/libglapi.so.0.0.0
7f2eaf15f000-7f2eaf162000 r--p 00024000 08:01 6555725                    /usr/lib/x86_64-linux-gnu/libglapi.so.0.0.0
7f2eaf162000-7f2eaf163000 rw-p 00027000 08:01 6555725                    /usr/lib/x86_64-linux-gnu/libglapi.so.0.0.0
7f2eaf163000-7f2eaf164000 rw-p 00000000 00:00 0 
7f2eaf164000-7f2eaf1f0000 r-xp 00000000 08:01 6815826                    /usr/lib/x86_64-linux-gnu/mesa/libGL.so.1.2.0
7f2eaf1f0000-7f2eaf3ef000 ---p 0008c000 08:01 6815826                    /usr/lib/x86_64-linux-gnu/mesa/libGL.so.1.2.0
7f2eaf3ef000-7f2eaf3f2000 r--p 0008b000 08:01 6815826                    /usr/lib/x86_64-linux-gnu/mesa/libGL.so.1.2.0
7f2eaf3f2000-7f2eaf3f3000 rw-p 0008e000 08:01 6815826                    /usr/lib/x86_64-linux-gnu/mesa/libGL.so.1.2.0
7f2eaf3f3000-7f2eaf3f4000 rw-p 00000000 00:00 0 
7f2eaf3f4000-7f2eaf3f7000 ---p 00000000 00:00 0 
7f2eaf3f7000-7f2eaf4f5000 rw-p 00000000 00:00 0                          [stack:25395]
7f2eaf4f5000-7f2eaf4f6000 ---p 00000000 00:00 0 
7f2eaf4f6000-7f2eaf5f6000 rw-p 00000000 00:00 0                          [stack:25394]
7f2eaf5f6000-7f2eaf5f7000 ---p 00000000 00:00 0 
7f2eaf5f7000-7f2eafdf7000 rw-p 00000000 00:00 0                          [stack:25393]
7f2eafdf7000-7f2eafdfe000 r-xp 00000000 08:01 6560881                    /usr/lib/x86_64-linux-gnu/libogg.so.0.8.1
7f2eafdfe000-7f2eafffe000 ---p 00007000 08:01 6560881                    /usr/lib/x86_64-linux-gnu/libogg.so.0.8.1
7f2eafffe000-7f2eaffff000 r--p 00007000 08:01 6560881                    /usr/lib/x86_64-linux-gnu/libogg.so.0.8.1
7f2eaffff000-7f2eb0000000 rw-p 00008000 08:01 6560881                    /usr/lib/x86_64-linux-gnu/libogg.so.0.8.1
7f2eb0000000-7f2eb0021000 rw-p 00000000 00:00 0 
7f2eb0021000-7f2eb4000000 ---p 00000000 00:00 0 
7f2eb402a000-7f2eb409e000 rw-p 00000000 00:00 0 
7f2eb40eb000-7f2eb4117000 r-xp 00000000 08:01 6561127                    /usr/lib/x86_64-linux-gnu/libvorbis.so.0.4.5
7f2eb4117000-7f2eb4316000 ---p 0002c000 08:01 6561127                    /usr/lib/x86_64-linux-gnu/libvorbis.so.0.4.5
7f2eb4316000-7f2eb4317000 r--p 0002b000 08:01 6561127                    /usr/lib/x86_64-linux-gnu/libvorbis.so.0.4.5
7f2eb4317000-7f2eb4318000 rw-p 0002c000 08:01 6561127                    /usr/lib/x86_64-linux-gnu/libvorbis.so.0.4.5
7f2eb4318000-7f2eb45cb000 r-xp 00000000 08:01 6561129                    /usr/lib/x86_64-linux-gnu/libvorbisenc.so.2.0.8
7f2eb45cb000-7f2eb47ca000 ---p 002b3000 08:01 6561129                    /usr/lib/x86_64-linux-gnu/libvorbisenc.so.2.0.8
7f2eb47ca000-7f2eb47e6000 r--p 002b2000 08:01 6561129                    /usr/lib/x86_64-linux-gnu/libvorbisenc.so.2.0.8
7f2eb47e6000-7f2eb47e7000 rw-p 002ce000 08:01 6561129                    /usr/lib/x86_64-linux-gnu/libvorbisenc.so.2.0.8
7f2eb47e7000-7f2eb4817000 r-xp 00000000 08:01 6553868                    /usr/lib/x86_64-linux-gnu/libFLAC.so.8.3.0
7f2eb4817000-7f2eb4a16000 ---p 00030000 08:01 6553868                    /usr/lib/x86_64-linux-gnu/libFLAC.so.8.3.0
7f2eb4a16000-7f2eb4a17000 r--p 0002f000 08:01 6553868                    /usr/lib/x86_64-linux-gnu/libFLAC.so.8.3.0
7f2eb4a17000-7f2eb4a18000 rw-p 00030000 08:01 6553868                    /usr/lib/x86_64-linux-gnu/libFLAC.so.8.3.0
7f2eb4a18000-7f2eb4a1d000 r-xp 00000000 08:01 6560320                    /usr/lib/x86_64-linux-gnu/libasyncns.so.0.3.1
7f2eb4a1d000-7f2eb4c1c000 ---p 00005000 08:01 6560320                    /usr/lib/x86_64-linux-gnu/libasyncns.so.0.3.1
7f2eb4c1c000-7f2eb4c1d000 r--p 00004000 08:01 6560320                    /usr/lib/x86_64-linux-gnu/libasyncns.so.0.3.1
7f2eb4c1d000-7f2eb4c1e000 rw-p 00005000 08:01 6560320                    /usr/lib/x86_64-linux-gnu/libasyncns.so.0.3.1
7f2eb4c1e000-7f2eb4c7f000 r-xp 00000000 08:01 6561024                    /usr/lib/x86_64-linux-gnu/libsndfile.so.1.0.25
7f2eb4c7f000-7f2eb4e7f000 ---p 00061000 08:01 6561024                    /usr/lib/x86_64-linux-gnu/libsndfile.so.1.0.25
7f2eb4e7f000-7f2eb4e81000 r--p 00061000 08:01 6561024                    /usr/lib/x86_64-linux-gnu/libsndfile.so.1.0.25
7f2eb4e81000-7f2eb4e82000 rw-p 00063000 08:01 6561024                    /usr/lib/x86_64-linux-gnu/libsndfile.so.1.0.25
7f2eb4e82000-7f2eb4e86000 rw-p 00000000 00:00 0 
7f2eb4e86000-7f2eb4e8e000 r-xp 00000000 08:01 1577039                    /lib/x86_64-linux-gnu/libwrap.so.0.7.6
7f2eb4e8e000-7f2eb508d000 ---p 00008000 08:01 1577039                    /lib/x86_64-linux-gnu/libwrap.so.0.7.6
7f2eb508d000-7f2eb508e000 r--p 00007000 08:01 1577039                    /lib/x86_64-linux-gnu/libwrap.so.0.7.6
7f2eb508e000-7f2eb508f000 rw-p 00008000 08:01 1577039                    /lib/x86_64-linux-gnu/libwrap.so.0.7.6
7f2eb508f000-7f2eb5090000 rw-p 00000000 00:00 0 
7f2eb5090000-7f2eb50f6000 r-xp 00000000 08:01 6832523                    /usr/lib/x86_64-linux-gnu/pulseaudio/libpulsecommon-4.0.so
7f2eb50f6000-7f2eb52f5000 ---p 00066000 08:01 6832523                    /usr/lib/x86_64-linux-gnu/pulseaudio/libpulsecommon-4.0.so
7f2eb52f5000-7f2eb52f6000 r--p 00065000 08:01 6832523                    /usr/lib/x86_64-linux-gnu/pulseaudio/libpulsecommon-4.0.so
7f2eb52f6000-7f2eb52f7000 rw-p 00066000 08:01 6832523                    /usr/lib/x86_64-linux-gnu/pulseaudio/libpulsecommon-4.0.so
7f2eb52f7000-7f2eb5301000 r-xp 00000000 08:01 1576921                    /lib/x86_64-linux-gnu/libjson-c.so.2.0.0
7f2eb5301000-7f2eb5500000 ---p 0000a000 08:01 1576921                    /lib/x86_64-linux-gnu/libjson-c.so.2.0.0
7f2eb5500000-7f2eb5501000 r--p 00009000 08:01 1576921                    /lib/x86_64-linux-gnu/libjson-c.so.2.0.0
7f2eb5501000-7f2eb5502000 rw-p 0000a000 08:01 1576921                    /lib/x86_64-linux-gnu/libjson-c.so.2.0.0
7f2eb5502000-7f2eb5549000 r-xp 00000000 08:01 6567042                    /usr/lib/x86_64-linux-gnu/libpulse.so.0.16.2
7f2eb5549000-7f2eb5749000 ---p 00047000 08:01 6567042                    /usr/lib/x86_64-linux-gnu/libpulse.so.0.16.2
7f2eb5749000-7f2eb574a000 r--p 00047000 08:01 6567042                    /usr/lib/x86_64-linux-gnu/libpulse.so.0.16.2
7f2eb574a000-7f2eb574b000 rw-p 00048000 08:01 6567042                    /usr/lib/x86_64-linux-gnu/libpulse.so.0.16.2
7f2eb574b000-7f2eb57a0000 r-xp 00000000 08:01 6030075                    /tmp/libgdxsam/31ce78a2/libopenal64.so
7f2eb57a0000-7f2eb599f000 ---p 00055000 08:01 6030075                    /tmp/libgdxsam/31ce78a2/libopenal64.so
7f2eb599f000-7f2eb59a2000 r--p 00054000 08:01 6030075                    /tmp/libgdxsam/31ce78a2/libopenal64.so
7f2eb59a2000-7f2eb59a3000 rw-p 00057000 08:01 6030075                    /tmp/libgdxsam/31ce78a2/libopenal64.so
7f2eb59a3000-7f2eb59a4000 rw-p 00000000 00:00 0 
7f2eb59a4000-7f2eb59a8000 r-xp 00000000 08:01 6560286                    /usr/lib/x86_64-linux-gnu/libXxf86vm.so.1.0.0
7f2eb59a8000-7f2eb5ba8000 ---p 00004000 08:01 6560286                    /usr/lib/x86_64-linux-gnu/libXxf86vm.so.1.0.0
7f2eb5ba8000-7f2eb5ba9000 r--p 00004000 08:01 6560286                    /usr/lib/x86_64-linux-gnu/libXxf86vm.so.1.0.0
7f2eb5ba9000-7f2eb5baa000 rw-p 00005000 08:01 6560286                    /usr/lib/x86_64-linux-gnu/libXxf86vm.so.1.0.0
7f2eb5baa000-7f2eb5bb3000 r-xp 00000000 08:01 6560268                    /usr/lib/x86_64-linux-gnu/libXrandr.so.2.2.0
7f2eb5bb3000-7f2eb5db2000 ---p 00009000 08:01 6560268                    /usr/lib/x86_64-linux-gnu/libXrandr.so.2.2.0
7f2eb5db2000-7f2eb5db3000 r--p 00008000 08:01 6560268                    /usr/lib/x86_64-linux-gnu/libXrandr.so.2.2.0
7f2eb5db3000-7f2eb5db4000 rw-p 00009000 08:01 6560268                    /usr/lib/x86_64-linux-gnu/libXrandr.so.2.2.0
7f2eb5db4000-7f2eb5e24000 r-xp 00000000 08:01 6030074                    /tmp/libgdxsam/31ce78a2/liblwjgl64.so
7f2eb5e24000-7f2eb6024000 ---p 00070000 08:01 6030074                    /tmp/libgdxsam/31ce78a2/liblwjgl64.so
7f2eb6024000-7f2eb6026000 r--p 00070000 08:01 6030074                    /tmp/libgdxsam/31ce78a2/liblwjgl64.so
7f2eb6026000-7f2eb6027000 rw-p 00072000 08:01 6030074                    /tmp/libgdxsam/31ce78a2/liblwjgl64.so
7f2eb6027000-7f2eb6028000 r-xp 00000000 08:01 6693346                    /usr/lib/jvm/java-7-openjdk-amd64/jre/lib/amd64/libjawt.so
7f2eb6028000-7f2eb6227000 ---p 00001000 08:01 6693346                    /usr/lib/jvm/java-7-openjdk-amd64/jre/lib/amd64/libjawt.so
7f2eb6227000-7f2eb6228000 r--p 00000000 08:01 6693346                    /usr/lib/jvm/java-7-openjdk-amd64/jre/lib/amd64/libjawt.so
7f2eb6228000-7f2eb6229000 rw-p 00001000 08:01 6693346                    /usr/lib/jvm/java-7-openjdk-amd64/jre/lib/amd64/libjawt.so
7f2eb6229000-7f2eb622c000 ---p 00000000 00:00 0 
7f2eb622c000-7f2eb632a000 rw-p 00000000 00:00 0                          [stack:25391]
7f2eb632a000-7f2eb632f000 r-xp 00000000 08:01 6560250                    /usr/lib/x86_64-linux-gnu/libXfixes.so.3.1.0
7f2eb632f000-7f2eb652e000 ---p 00005000 08:01 6560250                    /usr/lib/x86_64-linux-gnu/libXfixes.so.3.1.0
7f2eb652e000-7f2eb652f000 r--p 00004000 08:01 6560250                    /usr/lib/x86_64-linux-gnu/libXfixes.so.3.1.0
7f2eb652f000-7f2eb6530000 rw-p 00005000 08:01 6560250                    /usr/lib/x86_64-linux-gnu/libXfixes.so.3.1.0
7f2eb6530000-7f2eb6539000 r-xp 00000000 08:01 6560242                    /usr/lib/x86_64-linux-gnu/libXcursor.so.1.0.2
7f2eb6539000-7f2eb6738000 ---p 00009000 08:01 6560242                    /usr/lib/x86_64-linux-gnu/libXcursor.so.1.0.2
7f2eb6738000-7f2eb6739000 r--p 00008000 08:01 6560242                    /usr/lib/x86_64-linux-gnu/libXcursor.so.1.0.2
7f2eb6739000-7f2eb673a000 rw-p 00009000 08:01 6560242                    /usr/lib/x86_64-linux-gnu/libXcursor.so.1.0.2
7f2eb673a000-7f2eb673d000 ---p 00000000 00:00 0 
7f2eb673d000-7f2eb683b000 rw-p 00000000 00:00 0                          [stack:25390]
7f2eb683b000-7f2eb683f000 r-xp 00000000 08:01 1576914                    /lib/x86_64-linux-gnu/libgpg-error.so.0.10.0
7f2eb683f000-7f2eb6a3e000 ---p 00004000 08:01 1576914                    /lib/x86_64-linux-gnu/libgpg-error.so.0.10.0
7f2eb6a3e000-7f2eb6a3f000 r--p 00003000 08:01 1576914                    /lib/x86_64-linux-gnu/libgpg-error.so.0.10.0
7f2eb6a3f000-7f2eb6a40000 rw-p 00004000 08:01 1576914                    /lib/x86_64-linux-gnu/libgpg-error.so.0.10.0
7f2eb6a40000-7f2eb6a42000 r-xp 00000000 08:01 1576924                    /lib/x86_64-linux-gnu/libkeyutils.so.1.4
7f2eb6a42000-7f2eb6c42000 ---p 00002000 08:01 1576924                    /lib/x86_64-linux-gnu/libkeyutils.so.1.4
7f2eb6c42000-7f2eb6c43000 r--p 00002000 08:01 1576924                    /lib/x86_64-linux-gnu/libkeyutils.so.1.4
7f2eb6c43000-7f2eb6c44000 rw-p 00003000 08:01 1576924                    /lib/x86_64-linux-gnu/libkeyutils.so.1.4
7f2eb6c44000-7f2eb6c81000 r-xp 00000000 08:01 1576984                    /lib/x86_64-linux-gnu/libpcre.so.3.13.1
7f2eb6c81000-7f2eb6e80000 ---p 0003d000 08:01 1576984                    /lib/x86_64-linux-gnu/libpcre.so.3.13.1
7f2eb6e80000-7f2eb6e81000 r--p 0003c000 08:01 1576984                    /lib/x86_64-linux-gnu/libpcre.so.3.13.1
7f2eb6e81000-7f2eb6e82000 rw-p 0003d000 08:01 1576984                    /lib/x86_64-linux-gnu/libpcre.so.3.13.1
7f2eb6e82000-7f2eb6ea7000 r-xp 00000000 08:01 1576996                    /lib/x86_64-linux-gnu/libpng12.so.0.50.0
7f2eb6ea7000-7f2eb70a6000 ---p 00025000 08:01 1576996                    /lib/x86_64-linux-gnu/libpng12.so.0.50.0
7f2eb70a6000-7f2eb70a7000 r--p 00024000 08:01 1576996                    /lib/x86_64-linux-gnu/libpng12.so.0.50.0
7f2eb70a7000-7f2eb70a8000 rw-p 00025000 08:01 1576996                    /lib/x86_64-linux-gnu/libpng12.so.0.50.0
7f2eb70a8000-7f2eb70ec000 r-xp 00000000 08:01 1576909                    /lib/x86_64-linux-gnu/libdbus-1.so.3.7.6
7f2eb70ec000-7f2eb72eb000 ---p 00044000 08:01 1576909                    /lib/x86_64-linux-gnu/libdbus-1.so.3.7.6
7f2eb72eb000-7f2eb72ec000 r--p 00043000 08:01 1576909                    /lib/x86_64-linux-gnu/libdbus-1.so.3.7.6
7f2eb72ec000-7f2eb72ed000 rw-p 00044000 08:01 1576909                    /lib/x86_64-linux-gnu/libdbus-1.so.3.7.6
7f2eb72ed000-7f2eb7328000 r-xp 00000000 08:01 6560891                    /usr/lib/x86_64-linux-gnu/libp11-kit.so.0.0.0
7f2eb7328000-7f2eb7527000 ---p 0003b000 08:01 6560891                    /usr/lib/x86_64-linux-gnu/libp11-kit.so.0.0.0
7f2eb7527000-7f2eb752d000 r--p 0003a000 08:01 6560891                    /usr/lib/x86_64-linux-gnu/libp11-kit.so.0.0.0
7f2eb752d000-7f2eb752f000 rw-p 00040000 08:01 6560891                    /usr/lib/x86_64-linux-gnu/libp11-kit.so.0.0.0
7f2eb752f000-7f2eb7541000 r-xp 00000000 08:01 6561058                    /usr/lib/x86_64-linux-gnu/libtasn1.so.6.2.0
7f2eb7541000-7f2eb7741000 ---p 00012000 08:01 6561058                    /usr/lib/x86_64-linux-gnu/libtasn1.so.6.2.0
7f2eb7741000-7f2eb7742000 r--p 00012000 08:01 6561058                    /usr/lib/x86_64-linux-gnu/libtasn1.so.6.2.0
7f2eb7742000-7f2eb7743000 rw-p 00013000 08:01 6561058                    /usr/lib/x86_64-linux-gnu/libtasn1.so.6.2.0
7f2eb7743000-7f2eb77bf000 r-xp 00000000 08:01 1576887                    /lib/x86_64-linux-gnu/libgcrypt.so.11.8.2
7f2eb77bf000-7f2eb79be000 ---p 0007c000 08:01 1576887                    /lib/x86_64-linux-gnu/libgcrypt.so.11.8.2
7f2eb79be000-7f2eb79bf000 r--p 0007b000 08:01 1576887                    /lib/x86_64-linux-gnu/libgcrypt.so.11.8.2
7f2eb79bf000-7f2eb79c2000 rw-p 0007c000 08:01 1576887                    /lib/x86_64-linux-gnu/libgcrypt.so.11.8.2
7f2eb79c2000-7f2eb79cc000 r-xp 00000000 08:01 6553980                    /usr/lib/x86_64-linux-gnu/libkrb5support.so.0.1
7f2eb79cc000-7f2eb7bcb000 ---p 0000a000 08:01 6553980                    /usr/lib/x86_64-linux-gnu/libkrb5support.so.0.1
7f2eb7bcb000-7f2eb7bcc000 r--p 00009000 08:01 6553980                    /usr/lib/x86_64-linux-gnu/libkrb5support.so.0.1
7f2eb7bcc000-7f2eb7bcd000 rw-p 0000a000 08:01 6553980                    /usr/lib/x86_64-linux-gnu/libkrb5support.so.0.1
7f2eb7bcd000-7f2eb7bd0000 r-xp 00000000 08:01 1576890                    /lib/x86_64-linux-gnu/libcom_err.so.2.1
7f2eb7bd0000-7f2eb7dcf000 ---p 00003000 08:01 1576890                    /lib/x86_64-linux-gnu/libcom_err.so.2.1
7f2eb7dcf000-7f2eb7dd0000 r--p 00002000 08:01 1576890                    /lib/x86_64-linux-gnu/libcom_err.so.2.1
7f2eb7dd0000-7f2eb7dd1000 rw-p 00003000 08:01 1576890                    /lib/x86_64-linux-gnu/libcom_err.so.2.1
7f2eb7dd1000-7f2eb7dfd000 r-xp 00000000 08:01 6553627                    /usr/lib/x86_64-linux-gnu/libk5crypto.so.3.1
7f2eb7dfd000-7f2eb7ffc000 ---p 0002c000 08:01 6553627                    /usr/lib/x86_64-linux-gnu/libk5crypto.so.3.1
7f2eb7ffc000-7f2eb7ffe000 r--p 0002b000 08:01 6553627                    /usr/lib/x86_64-linux-gnu/libk5crypto.so.3.1
7f2eb7ffe000-7f2eb7fff000 rw-p 0002d000 08:01 6553627                    /usr/lib/x86_64-linux-gnu/libk5crypto.so.3.1
7f2eb7fff000-7f2eb8000000 rw-p 00000000 00:00 0 
7f2eb8000000-7f2eb8021000 rw-p 00000000 00:00 0 
7f2eb8021000-7f2ebc000000 ---p 00000000 00:00 0 
7f2ebc09d000-7f2ebc159000 r-xp 00000000 08:01 6553829                    /usr/lib/x86_64-linux-gnu/libkrb5.so.3.3
7f2ebc159000-7f2ebc359000 ---p 000bc000 08:01 6553829                    /usr/lib/x86_64-linux-gnu/libkrb5.so.3.3
7f2ebc359000-7f2ebc366000 r--p 000bc000 08:01 6553829                    /usr/lib/x86_64-linux-gnu/libkrb5.so.3.3
7f2ebc366000-7f2ebc368000 rw-p 000c9000 08:01 6553829                    /usr/lib/x86_64-linux-gnu/libkrb5.so.3.3
7f2ebc368000-7f2ebc36d000 r-xp 00000000 08:01 6560246                    /usr/lib/x86_64-linux-gnu/libXdmcp.so.6.0.0
7f2ebc36d000-7f2ebc56c000 ---p 00005000 08:01 6560246                    /usr/lib/x86_64-linux-gnu/libXdmcp.so.6.0.0
7f2ebc56c000-7f2ebc56d000 r--p 00004000 08:01 6560246                    /usr/lib/x86_64-linux-gnu/libXdmcp.so.6.0.0
7f2ebc56d000-7f2ebc56e000 rw-p 00005000 08:01 6560246                    /usr/lib/x86_64-linux-gnu/libXdmcp.so.6.0.0
7f2ebc56e000-7f2ebc570000 r-xp 00000000 08:01 6560235                    /usr/lib/x86_64-linux-gnu/libXau.so.6.0.0
7f2ebc570000-7f2ebc770000 ---p 00002000 08:01 6560235                    /usr/lib/x86_64-linux-gnu/libXau.so.6.0.0
7f2ebc770000-7f2ebc771000 r--p 00002000 08:01 6560235                    /usr/lib/x86_64-linux-gnu/libXau.so.6.0.0
7f2ebc771000-7f2ebc772000 rw-p 00003000 08:01 6560235                    /usr/lib/x86_64-linux-gnu/libXau.so.6.0.0
7f2ebc772000-7f2ebc779000 r-xp 00000000 08:01 6560491                    /usr/lib/x86_64-linux-gnu/libffi.so.6.0.1
7f2ebc779000-7f2ebc978000 ---p 00007000 08:01 6560491                    /usr/lib/x86_64-linux-gnu/libffi.so.6.0.1
7f2ebc978000-7f2ebc979000 r--p 00006000 08:01 6560491                    /usr/lib/x86_64-linux-gnu/libffi.so.6.0.1
7f2ebc979000-7f2ebc97a000 rw-p 00007000 08:01 6560491                    /usr/lib/x86_64-linux-gnu/libffi.so.6.0.1
7f2ebc97a000-7f2ebc991000 r-xp 00000000 08:01 1573175                    /lib/x86_64-linux-gnu/libresolv-2.19.so
7f2ebc991000-7f2ebcb91000 ---p 00017000 08:01 1573175                    /lib/x86_64-linux-gnu/libresolv-2.19.so
7f2ebcb91000-7f2ebcb92000 r--p 00017000 08:01 1573175                    /lib/x86_64-linux-gnu/libresolv-2.19.so
7f2ebcb92000-7f2ebcb93000 rw-p 00018000 08:01 1573175                    /lib/x86_64-linux-gnu/libresolv-2.19.so
7f2ebcb93000-7f2ebcb95000 rw-p 00000000 00:00 0 
7f2ebcb95000-7f2ebcbb5000 r-xp 00000000 08:01 1577011                    /lib/x86_64-linux-gnu/libselinux.so.1
7f2ebcbb5000-7f2ebcdb4000 ---p 00020000 08:01 1577011                    /lib/x86_64-linux-gnu/libselinux.so.1
7f2ebcdb4000-7f2ebcdb5000 r--p 0001f000 08:01 1577011                    /lib/x86_64-linux-gnu/libselinux.so.1
7f2ebcdb5000-7f2ebcdb6000 rw-p 00020000 08:01 1577011                    /lib/x86_64-linux-gnu/libselinux.so.1
7f2ebcdb6000-7f2ebcdb8000 rw-p 00000000 00:00 0 
7f2ebcdb8000-7f2ebcebe000 r-xp 00000000 08:01 1576804                    /lib/x86_64-linux-gnu/libglib-2.0.so.0.4002.0
7f2ebcebe000-7f2ebd0bd000 ---p 00106000 08:01 1576804                    /lib/x86_64-linux-gnu/libglib-2.0.so.0.4002.0
7f2ebd0bd000-7f2ebd0be000 r--p 00105000 08:01 1576804                    /lib/x86_64-linux-gnu/libglib-2.0.so.0.4002.0
7f2ebd0be000-7f2ebd0bf000 rw-p 00106000 08:01 1576804                    /lib/x86_64-linux-gnu/libglib-2.0.so.0.4002.0
7f2ebd0bf000-7f2ebd0c0000 rw-p 00000000 00:00 0 
7f2ebd0c0000-7f2ebd0c3000 r-xp 00000000 08:01 6553944                    /usr/lib/x86_64-linux-gnu/libgmodule-2.0.so.0.4002.0
7f2ebd0c3000-7f2ebd2c2000 ---p 00003000 08:01 6553944                    /usr/lib/x86_64-linux-gnu/libgmodule-2.0.so.0.4002.0
7f2ebd2c2000-7f2ebd2c3000 r--p 00002000 08:01 6553944                    /usr/lib/x86_64-linux-gnu/libgmodule-2.0.so.0.4002.0
7f2ebd2c3000-7f2ebd2c4000 rw-p 00003000 08:01 6553944                    /usr/lib/x86_64-linux-gnu/libgmodule-2.0.so.0.4002.0
7f2ebd2c4000-7f2ebd2eb000 r-xp 00000000 08:01 1576903                    /lib/x86_64-linux-gnu/libexpat.so.1.6.0
7f2ebd2eb000-7f2ebd4eb000 ---p 00027000 08:01 1576903                    /lib/x86_64-linux-gnu/libexpat.so.1.6.0
7f2ebd4eb000-7f2ebd4ed000 r--p 00027000 08:01 1576903                    /lib/x86_64-linux-gnu/libexpat.so.1.6.0
7f2ebd4ed000-7f2ebd4ee000 rw-p 00029000 08:01 1576903                    /lib/x86_64-linux-gnu/libexpat.so.1.6.0
7f2ebd4ee000-7f2ebd58a000 r-xp 00000000 08:01 6554765                    /usr/lib/x86_64-linux-gnu/libfreetype.so.6.11.1
7f2ebd58a000-7f2ebd789000 ---p 0009c000 08:01 6554765                    /usr/lib/x86_64-linux-gnu/libfreetype.so.6.11.1
7f2ebd789000-7f2ebd78f000 r--p 0009b000 08:01 6554765                    /usr/lib/x86_64-linux-gnu/libfreetype.so.6.11.1
7f2ebd78f000-7f2ebd790000 rw-p 000a1000 08:01 6554765                    /usr/lib/x86_64-linux-gnu/libfreetype.so.6.11.1
7f2ebd790000-7f2ebd79f000 r-xp 00000000 08:01 6560332                    /usr/lib/x86_64-linux-gnu/libavahi-client.so.3.2.9
7f2ebd79f000-7f2ebd99f000 ---p 0000f000 08:01 6560332                    /usr/lib/x86_64-linux-gnu/libavahi-client.so.3.2.9
7f2ebd99f000-7f2ebd9a0000 r--p 0000f000 08:01 6560332                    /usr/lib/x86_64-linux-gnu/libavahi-client.so.3.2.9
7f2ebd9a0000-7f2ebd9a1000 rw-p 00010000 08:01 6560332                    /usr/lib/x86_64-linux-gnu/libavahi-client.so.3.2.9
7f2ebd9a1000-7f2ebd9ac000 r-xp 00000000 08:01 6560334                    /usr/lib/x86_64-linux-gnu/libavahi-common.so.3.5.3
7f2ebd9ac000-7f2ebdbab000 ---p 0000b000 08:01 6560334                    /usr/lib/x86_64-linux-gnu/libavahi-common.so.3.5.3
7f2ebdbab000-7f2ebdbac000 r--p 0000a000 08:01 6560334                    /usr/lib/x86_64-linux-gnu/libavahi-common.so.3.5.3
7f2ebdbac000-7f2ebdbad000 rw-p 0000b000 08:01 6560334                    /usr/lib/x86_64-linux-gnu/libavahi-common.so.3.5.3
7f2ebdbad000-7f2ebdc63000 r-xp 00000000 08:01 6560588                    /usr/lib/x86_64-linux-gnu/libgnutls.so.26.22.6
7f2ebdc63000-7f2ebde63000 ---p 000b6000 08:01 6560588                    /usr/lib/x86_64-linux-gnu/libgnutls.so.26.22.6
7f2ebde63000-7f2ebde69000 r--p 000b6000 08:01 6560588                    /usr/lib/x86_64-linux-gnu/libgnutls.so.26.22.6
7f2ebde69000-7f2ebde6a000 rw-p 000bc000 08:01 6560588                    /usr/lib/x86_64-linux-gnu/libgnutls.so.26.22.6
7f2ebde6a000-7f2ebde6b000 rw-p 00000000 00:00 0 
7f2ebde6b000-7f2ebdeae000 r-xp 00000000 08:01 6553662                    /usr/lib/x86_64-linux-gnu/libgssapi_krb5.so.2.2
7f2ebdeae000-7f2ebe0ae000 ---p 00043000 08:01 6553662                    /usr/lib/x86_64-linux-gnu/libgssapi_krb5.so.2.2
7f2ebe0ae000-7f2ebe0af000 r--p 00043000 08:01 6553662                    /usr/lib/x86_64-linux-gnu/libgssapi_krb5.so.2.2
7f2ebe0af000-7f2ebe0b1000 rw-p 00044000 08:01 6553662                    /usr/lib/x86_64-linux-gnu/libgssapi_krb5.so.2.2
7f2ebe0b1000-7f2ebe0ce000 r-xp 00000000 08:01 6561189                    /usr/lib/x86_64-linux-gnu/libxcb.so.1.1.0
7f2ebe0ce000-7f2ebe2ce000 ---p 0001d000 08:01 6561189                    /usr/lib/x86_64-linux-gnu/libxcb.so.1.1.0
7f2ebe2ce000-7f2ebe2cf000 r--p 0001d000 08:01 6561189                    /usr/lib/x86_64-linux-gnu/libxcb.so.1.1.0
7f2ebe2cf000-7f2ebe2d0000 rw-p 0001e000 08:01 6561189                    /usr/lib/x86_64-linux-gnu/libxcb.so.1.1.0
7f2ebe2d0000-7f2ebe31f000 r-xp 00000000 08:01 6553965                    /usr/lib/x86_64-linux-gnu/libgobject-2.0.so.0.4002.0
7f2ebe31f000-7f2ebe51f000 ---p 0004f000 08:01 6553965                    /usr/lib/x86_64-linux-gnu/libgobject-2.0.so.0.4002.0
7f2ebe51f000-7f2ebe520000 r--p 0004f000 08:01 6553965                    /usr/lib/x86_64-linux-gnu/libgobject-2.0.so.0.4002.0
7f2ebe520000-7f2ebe521000 rw-p 00050000 08:01 6553965                    /usr/lib/x86_64-linux-gnu/libgobject-2.0.so.0.4002.0
7f2ebe521000-7f2ebe68d000 r-xp 00000000 08:01 6553968                    /usr/lib/x86_64-linux-gnu/libgio-2.0.so.0.4002.0
7f2ebe68d000-7f2ebe88c000 ---p 0016c000 08:01 6553968                    /usr/lib/x86_64-linux-gnu/libgio-2.0.so.0.4002.0
7f2ebe88c000-7f2ebe890000 r--p 0016b000 08:01 6553968                    /usr/lib/x86_64-linux-gnu/libgio-2.0.so.0.4002.0
7f2ebe890000-7f2ebe892000 rw-p 0016f000 08:01 6553968                    /usr/lib/x86_64-linux-gnu/libgio-2.0.so.0.4002.0
7f2ebe892000-7f2ebe894000 rw-p 00000000 00:00 0 
7f2ebe894000-7f2ebe8ce000 r-xp 00000000 08:01 6560499                    /usr/lib/x86_64-linux-gnu/libfontconfig.so.1.8.0
7f2ebe8ce000-7f2ebeacd000 ---p 0003a000 08:01 6560499                    /usr/lib/x86_64-linux-gnu/libfontconfig.so.1.8.0
7f2ebeacd000-7f2ebeacf000 r--p 00039000 08:01 6560499                    /usr/lib/x86_64-linux-gnu/libfontconfig.so.1.8.0
7f2ebeacf000-7f2ebead0000 rw-p 0003b000 08:01 6560499                    /usr/lib/x86_64-linux-gnu/libfontconfig.so.1.8.0
7f2ebead0000-7f2ebeb3c000 r-xp 00000000 08:01 6554184                    /usr/lib/x86_64-linux-gnu/libcups.so.2
7f2ebeb3c000-7f2ebed3c000 ---p 0006c000 08:01 6554184                    /usr/lib/x86_64-linux-gnu/libcups.so.2
7f2ebed3c000-7f2ebed43000 r--p 0006c000 08:01 6554184                    /usr/lib/x86_64-linux-gnu/libcups.so.2
7f2ebed43000-7f2ebed44000 rw-p 00073000 08:01 6554184                    /usr/lib/x86_64-linux-gnu/libcups.so.2
7f2ebed44000-7f2ebed53000 r-xp 00000000 08:01 6560256                    /usr/lib/x86_64-linux-gnu/libXi.so.6.1.0
7f2ebed53000-7f2ebef52000 ---p 0000f000 08:01 6560256                    /usr/lib/x86_64-linux-gnu/libXi.so.6.1.0
7f2ebef52000-7f2ebef53000 r--p 0000e000 08:01 6560256                    /usr/lib/x86_64-linux-gnu/libXi.so.6.1.0
7f2ebef53000-7f2ebef54000 rw-p 0000f000 08:01 6560256                    /usr/lib/x86_64-linux-gnu/libXi.so.6.1.0
7f2ebef54000-7f2ebef59000 r-xp 00000000 08:01 6560276                    /usr/lib/x86_64-linux-gnu/libXtst.so.6.1.0
7f2ebef59000-7f2ebf158000 ---p 00005000 08:01 6560276                    /usr/lib/x86_64-linux-gnu/libXtst.so.6.1.0
7f2ebf158000-7f2ebf159000 r--p 00004000 08:01 6560276                    /usr/lib/x86_64-linux-gnu/libXtst.so.6.1.0
7f2ebf159000-7f2ebf15a000 rw-p 00005000 08:01 6560276                    /usr/lib/x86_64-linux-gnu/libXtst.so.6.1.0
7f2ebf15a000-7f2ebf163000 r-xp 00000000 08:01 6560270                    /usr/lib/x86_64-linux-gnu/libXrender.so.1.3.0
7f2ebf163000-7f2ebf362000 ---p 00009000 08:01 6560270                    /usr/lib/x86_64-linux-gnu/libXrender.so.1.3.0
7f2ebf362000-7f2ebf363000 r--p 00008000 08:01 6560270                    /usr/lib/x86_64-linux-gnu/libXrender.so.1.3.0
7f2ebf363000-7f2ebf364000 rw-p 00009000 08:01 6560270                    /usr/lib/x86_64-linux-gnu/libXrender.so.1.3.0
7f2ebf364000-7f2ebf494000 r-xp 00000000 08:01 6560231                    /usr/lib/x86_64-linux-gnu/libX11.so.6.3.0
7f2ebf494000-7f2ebf694000 ---p 00130000 08:01 6560231                    /usr/lib/x86_64-linux-gnu/libX11.so.6.3.0
7f2ebf694000-7f2ebf695000 r--p 00130000 08:01 6560231                    /usr/lib/x86_64-linux-gnu/libX11.so.6.3.0
7f2ebf695000-7f2ebf699000 rw-p 00131000 08:01 6560231                    /usr/lib/x86_64-linux-gnu/libX11.so.6.3.0
7f2ebf699000-7f2ebf6aa000 r-xp 00000000 08:01 6560248                    /usr/lib/x86_64-linux-gnu/libXext.so.6.4.0
7f2ebf6aa000-7f2ebf8a9000 ---p 00011000 08:01 6560248                    /usr/lib/x86_64-linux-gnu/libXext.so.6.4.0
7f2ebf8a9000-7f2ebf8aa000 r--p 00010000 08:01 6560248                    /usr/lib/x86_64-linux-gnu/libXext.so.6.4.0
7f2ebf8aa000-7f2ebf8ab000 rw-p 00011000 08:01 6560248                    /usr/lib/x86_64-linux-gnu/libXext.so.6.4.0
7f2ebf8ab000-7f2ebf8f3000 r-xp 00000000 08:01 6953847                    /usr/lib/jvm/java-7-openjdk-amd64/jre/lib/amd64/xawt/libmawt.so
7f2ebf8f3000-7f2ebfaf2000 ---p 00048000 08:01 6953847                    /usr/lib/jvm/java-7-openjdk-amd64/jre/lib/amd64/xawt/libmawt.so
7f2ebfaf2000-7f2ebfaf3000 r--p 00047000 08:01 6953847                    /usr/lib/jvm/java-7-openjdk-amd64/jre/lib/amd64/xawt/libmawt.so
7f2ebfaf3000-7f2ebfaf6000 rw-p 00048000 08:01 6953847                    /usr/lib/jvm/java-7-openjdk-amd64/jre/lib/amd64/xawt/libmawt.so
7f2ebfaf6000-7f2ebfaf7000 rw-p 00000000 00:00 0 
7f2ebfaf7000-7f2ebfb97000 r-xp 00000000 08:01 6691898                    /usr/lib/jvm/java-7-openjdk-amd64/jre/lib/amd64/libawt.so
7f2ebfb97000-7f2ebfd97000 ---p 000a0000 08:01 6691898                    /usr/lib/jvm/java-7-openjdk-amd64/jre/lib/amd64/libawt.so
7f2ebfd97000-7f2ebfd98000 r--p 000a0000 08:01 6691898                    /usr/lib/jvm/java-7-openjdk-amd64/jre/lib/amd64/libawt.so
7f2ebfd98000-7f2ebfda3000 rw-p 000a1000 08:01 6691898                    /usr/lib/jvm/java-7-openjdk-amd64/jre/lib/amd64/libawt.so
7f2ebfda3000-7f2ebfdc8000 rw-p 00000000 00:00 0 
7f2ebfdc8000-7f2ebfdff000 r-xp 00000000 08:01 6030072                    /tmp/libgdxsam/21af1f22/libgdx64.so
7f2ebfdff000-7f2ebfffe000 ---p 00037000 08:01 6030072                    /tmp/libgdxsam/21af1f22/libgdx64.so
7f2ebfffe000-7f2ebffff000 r--p 00036000 08:01 6030072                    /tmp/libgdxsam/21af1f22/libgdx64.so
7f2ebffff000-7f2ec0000000 rw-p 00037000 08:01 6030072                    /tmp/libgdxsam/21af1f22/libgdx64.so
7f2ec0000000-7f2ec0215000 rw-p 00000000 00:00 0 
7f2ec0215000-7f2ec4000000 ---p 00000000 00:00 0 
7f2ec4000000-7f2ec4021000 rw-p 00000000 00:00 0 
7f2ec4021000-7f2ec8000000 ---p 00000000 00:00 0 
7f2ec8000000-7f2ec8021000 rw-p 00000000 00:00 0 
7f2ec8021000-7f2ecc000000 ---p 00000000 00:00 0 
7f2ecc000000-7f2ecc234000 rw-p 00000000 00:00 0 
7f2ecc234000-7f2ed0000000 ---p 00000000 00:00 0 
7f2ed0000000-7f2ed0021000 rw-p 00000000 00:00 0 
7f2ed0021000-7f2ed4000000 ---p 00000000 00:00 0 
7f2ed4000000-7f2ed4021000 rw-p 00000000 00:00 0 
7f2ed4021000-7f2ed8000000 ---p 00000000 00:00 0 
7f2ed8000000-7f2ed8021000 rw-p 00000000 00:00 0 
7f2ed8021000-7f2edc000000 ---p 00000000 00:00 0 
7f2edc000000-7f2edc021000 rw-p 00000000 00:00 0 
7f2edc021000-7f2ee0000000 ---p 00000000 00:00 0 
7f2ee0000000-7f2ee0021000 rw-p 00000000 00:00 0 
7f2ee0021000-7f2ee4000000 ---p 00000000 00:00 0 
7f2ee4000000-7f2ee4021000 rw-p 00000000 00:00 0 
7f2ee4021000-7f2ee8000000 ---p 00000000 00:00 0 
7f2ee8000000-7f2ee8021000 rw-p 00000000 00:00 0 
7f2ee8021000-7f2eec000000 ---p 00000000 00:00 0 
7f2eec046000-7f2eec049000 ---p 00000000 00:00 0 
7f2eec049000-7f2eec07f000 rw-p 00000000 00:00 0                          [stack:25397]
7f2eec07f000-7f2eec080000 ---p 00000000 00:00 0 
7f2eec080000-7f2eec180000 rw-p 00000000 00:00 0                          [stack:25389]
7f2eec180000-7f2eec183000 ---p 00000000 00:00 0 
7f2eec183000-7f2eec281000 rw-p 00000000 00:00 0                          [stack:25388]
7f2eec281000-7f2eec284000 ---p 00000000 00:00 0 
7f2eec284000-7f2eec382000 rw-p 00000000 00:00 0                          [stack:25387]
7f2eec382000-7f2eecd50000 r--p 00000000 08:01 6558446                    /usr/lib/locale/locale-archive
7f2eecd50000-7f2ef1000000 rw-p 00000000 00:00 0 
7f2ef1000000-7f2ef1270000 rwxp 00000000 00:00 0 
7f2ef1270000-7f2ef437c000 rw-p 00000000 00:00 0 
7f2ef437c000-7f2ef8000000 ---p 00000000 00:00 0 
7f2ef8002000-7f2ef8003000 rw-p 00000000 00:00 0 
7f2ef8003000-7f2ef8004000 rwxp 00000000 00:00 0 
7f2ef8004000-7f2ef800b000 r--s 00000000 08:01 6828946                    /usr/lib/x86_64-linux-gnu/gconv/gconv-modules.cache
7f2ef800b000-7f2ef800c000 r--p 00000000 08:01 274190                     /usr/share/locale-langpack/en_GB/LC_MESSAGES/pulseaudio.mo
7f2ef800c000-7f2ef8015000 r--s 000b9000 08:01 6691736                    /usr/lib/jvm/java-7-openjdk-amd64/jre/lib/resources.jar
7f2ef8015000-7f2ef8016000 r--p 00000000 08:01 275304                     /usr/share/locale-langpack/en_GB/LC_MESSAGES/libc.mo
7f2ef8016000-7f2ef8020000 r--s 00203000 08:01 6691740                    /usr/lib/jvm/java-7-openjdk-amd64/jre/lib/charsets.jar
7f2ef8020000-7f2ef8024000 r--s 0004d000 08:01 6691737                    /usr/lib/jvm/java-7-openjdk-amd64/jre/lib/jsse.jar
7f2ef8024000-7f2ef8025000 r--s 001f0000 08:01 6030778                    /home/sam/.gradle/caches/modules-2/files-2.1/com.badlogicgames.gdx/gdx-freetype-platform/1.5.2/b88a8709364506f459026b0bf310dada0a7e29f5/gdx-freetype-platform-1.5.2-natives-desktop.jar
7f2ef8025000-7f2ef8046000 r--s 00162000 08:01 6029487                    /home/sam/.gradle/caches/modules-2/files-2.1/org.mockito/mockito-all/1.9.5/79a8984096fc6591c1e3690e07d41be506356fa5/mockito-all-1.9.5.jar
7f2ef8046000-7f2ef804a000 r--s 00027000 08:01 6030783                    /home/sam/.gradle/caches/modules-2/files-2.1/org.lwjgl.lwjgl/lwjgl_util/2.9.2/4b9e37300a87799856e0bd15ed81663cdb6b0947/lwjgl_util-2.9.2.jar
7f2ef804a000-7f2ef8058000 r--s 000f2000 08:01 6030782                    /home/sam/.gradle/caches/modules-2/files-2.1/org.lwjgl.lwjgl/lwjgl/2.9.2/a9d80fe5935c7a9149f6584d9777cfd471f65489/lwjgl-2.9.2.jar
7f2ef8058000-7f2ef8059000 r--s 00068000 08:01 6030788                    /home/sam/.gradle/caches/modules-2/files-2.1/org.lwjgl.lwjgl/lwjgl-platform/2.9.2/d55b46b40b40249d627a83a7f7f22649709d70c3/lwjgl-platform-2.9.2-natives-osx.jar
7f2ef8059000-7f2ef805a000 r--s 0008d000 08:01 6030787                    /home/sam/.gradle/caches/modules-2/files-2.1/org.lwjgl.lwjgl/lwjgl-platform/2.9.2/d276cdf61fe2b516c7b7f4aa1b8dea91dbdc8d56/lwjgl-platform-2.9.2-natives-linux.jar
7f2ef805a000-7f2ef805c000 r--s 00017000 08:01 6030785                    /home/sam/.gradle/caches/modules-2/files-2.1/org.jcraft/jorbis/0.0.17/8872d22b293e8f5d7d56ff92be966e6dc28ebdc6/jorbis-0.0.17.jar
7f2ef805c000-7f2ef805e000 r--s 00009000 08:01 6029491                    /home/sam/.gradle/caches/modules-2/files-2.1/org.hamcrest/hamcrest-core/1.3/42a25dc3219429f0e5d060061f71acb49bf010a0/hamcrest-core-1.3.jar
7f2ef805e000-7f2ef8062000 r--s 0002f000 08:01 6030789                    /home/sam/.gradle/caches/modules-2/files-2.1/net.java.jinput/jinput/2.0.5/39c7796b469a600f72380316f6b1f11db6c2c7c4/jinput-2.0.5.jar
7f2ef8062000-7f2ef807c000 r--s 0018d000 08:01 6030779                    /home/sam/.gradle/caches/modules-2/files-2.1/com.badlogicgames.gdx/gdx/1.5.2/4e8961d210e6451fda0f3c4f5b6a0685d61533b9/gdx-1.5.2.jar
7f2ef807c000-7f2ef807f000 ---p 00000000 00:00 0 
7f2ef807f000-7f2ef817d000 rw-p 00000000 00:00 0                          [stack:25386]
7f2ef817d000-7f2ef8180000 ---p 00000000 00:00 0 
7f2ef8180000-7f2ef827e000 rw-p 00000000 00:00 0                          [stack:25385]
7f2ef827e000-7f2ef8281000 ---p 00000000 00:00 0 
7f2ef8281000-7f2ef837f000 rw-p 00000000 00:00 0                          [stack:25383]
7f2ef837f000-7f2ef8382000 ---p 00000000 00:00 0 
7f2ef8382000-7f2ef8480000 rw-p 00000000 00:00 0                          [stack:25382]
7f2ef8480000-7f2ef8481000 ---p 00000000 00:00 0 
7f2ef8481000-7f2ef957e000 rw-p 00000000 00:00 0                          [stack:25381]
7f2ef957e000-7f2ef9730000 r--s 01d23000 08:01 6691734                    /usr/lib/jvm/java-7-openjdk-amd64/jre/lib/rt.jar
7f2ef9730000-7f2ef9c7e000 rw-p 00000000 00:00 0 
7f2ef9c7e000-7f2ef9c7f000 ---p 00000000 00:00 0 
7f2ef9c7f000-7f2ef9d7f000 rw-p 00000000 00:00 0                          [stack:25378]
7f2ef9d7f000-7f2ef9d80000 ---p 00000000 00:00 0 
7f2ef9d80000-7f2ef9e80000 rw-p 00000000 00:00 0                          [stack:25377]
7f2ef9e80000-7f2ef9e81000 ---p 00000000 00:00 0 
7f2ef9e81000-7f2ef9f81000 rw-p 00000000 00:00 0                          [stack:25376]
7f2ef9f81000-7f2ef9f82000 ---p 00000000 00:00 0 
7f2ef9f82000-7f2efa08d000 rw-p 00000000 00:00 0                          [stack:25375]
7f2efa08d000-7f2efa0d5000 rw-p 00000000 00:00 0 
7f2efa0d5000-7f2efa0fe000 rw-p 00000000 00:00 0 
7f2efa0fe000-7f2efa365000 rw-p 00000000 00:00 0 
7f2efa365000-7f2efa370000 rw-p 00000000 00:00 0 
7f2efa370000-7f2efa3b8000 rw-p 00000000 00:00 0 
7f2efa3b8000-7f2efa3e1000 rw-p 00000000 00:00 0 
7f2efa3e1000-7f2efa648000 rw-p 00000000 00:00 0 
7f2efa648000-7f2efa65d000 rw-p 00000000 00:00 0 
7f2efa65d000-7f2efa790000 rw-p 00000000 00:00 0 
7f2efa790000-7f2efa791000 rw-p 00000000 00:00 0 
7f2efa791000-7f2efa799000 r-xp 00000000 08:01 6693347                    /usr/lib/jvm/java-7-openjdk-amd64/jre/lib/amd64/libzip.so
7f2efa799000-7f2efa998000 ---p 00008000 08:01 6693347                    /usr/lib/jvm/java-7-openjdk-amd64/jre/lib/amd64/libzip.so
7f2efa998000-7f2efa999000 r--p 00007000 08:01 6693347                    /usr/lib/jvm/java-7-openjdk-amd64/jre/lib/amd64/libzip.so
7f2efa999000-7f2efa99a000 rw-p 00008000 08:01 6693347                    /usr/lib/jvm/java-7-openjdk-amd64/jre/lib/amd64/libzip.so
7f2efa99a000-7f2efa9a5000 r-xp 00000000 08:01 1573180                    /lib/x86_64-linux-gnu/libnss_files-2.19.so
7f2efa9a5000-7f2efaba4000 ---p 0000b000 08:01 1573180                    /lib/x86_64-linux-gnu/libnss_files-2.19.so
7f2efaba4000-7f2efaba5000 r--p 0000a000 08:01 1573180                    /lib/x86_64-linux-gnu/libnss_files-2.19.so
7f2efaba5000-7f2efaba6000 rw-p 0000b000 08:01 1573180                    /lib/x86_64-linux-gnu/libnss_files-2.19.so
7f2efaba6000-7f2efabb1000 r-xp 00000000 08:01 1573177                    /lib/x86_64-linux-gnu/libnss_nis-2.19.so
7f2efabb1000-7f2efadb0000 ---p 0000b000 08:01 1573177                    /lib/x86_64-linux-gnu/libnss_nis-2.19.so
7f2efadb0000-7f2efadb1000 r--p 0000a000 08:01 1573177                    /lib/x86_64-linux-gnu/libnss_nis-2.19.so
7f2efadb1000-7f2efadb2000 rw-p 0000b000 08:01 1573177                    /lib/x86_64-linux-gnu/libnss_nis-2.19.so
7f2efadb2000-7f2efadc9000 r-xp 00000000 08:01 1573171                    /lib/x86_64-linux-gnu/libnsl-2.19.so
7f2efadc9000-7f2efafc8000 ---p 00017000 08:01 1573171                    /lib/x86_64-linux-gnu/libnsl-2.19.so
7f2efafc8000-7f2efafc9000 r--p 00016000 08:01 1573171                    /lib/x86_64-linux-gnu/libnsl-2.19.so
7f2efafc9000-7f2efafca000 rw-p 00017000 08:01 1573171                    /lib/x86_64-linux-gnu/libnsl-2.19.so
7f2efafca000-7f2efafcc000 rw-p 00000000 00:00 0 
7f2efafcc000-7f2efafd5000 r-xp 00000000 08:01 1573168                    /lib/x86_64-linux-gnu/libnss_compat-2.19.so
7f2efafd5000-7f2efb1d4000 ---p 00009000 08:01 1573168                    /lib/x86_64-linux-gnu/libnss_compat-2.19.so
7f2efb1d4000-7f2efb1d5000 r--p 00008000 08:01 1573168                    /lib/x86_64-linux-gnu/libnss_compat-2.19.so
7f2efb1d5000-7f2efb1d6000 rw-p 00009000 08:01 1573168                    /lib/x86_64-linux-gnu/libnss_compat-2.19.so
7f2efb1d6000-7f2efb201000 r-xp 00000000 08:01 6691897                    /usr/lib/jvm/java-7-openjdk-amd64/jre/lib/amd64/libjava.so
7f2efb201000-7f2efb401000 ---p 0002b000 08:01 6691897                    /usr/lib/jvm/java-7-openjdk-amd64/jre/lib/amd64/libjava.so
7f2efb401000-7f2efb402000 r--p 0002b000 08:01 6691897                    /usr/lib/jvm/java-7-openjdk-amd64/jre/lib/amd64/libjava.so
7f2efb402000-7f2efb404000 rw-p 0002c000 08:01 6691897                    /usr/lib/jvm/java-7-openjdk-amd64/jre/lib/amd64/libjava.so
7f2efb404000-7f2efb414000 r-xp 00000000 08:01 6691896                    /usr/lib/jvm/java-7-openjdk-amd64/jre/lib/amd64/libverify.so
7f2efb414000-7f2efb613000 ---p 00010000 08:01 6691896                    /usr/lib/jvm/java-7-openjdk-amd64/jre/lib/amd64/libverify.so
7f2efb613000-7f2efb615000 r--p 0000f000 08:01 6691896                    /usr/lib/jvm/java-7-openjdk-amd64/jre/lib/amd64/libverify.so
7f2efb615000-7f2efb616000 rw-p 00011000 08:01 6691896                    /usr/lib/jvm/java-7-openjdk-amd64/jre/lib/amd64/libverify.so
7f2efb616000-7f2efb61d000 r-xp 00000000 08:01 1573163                    /lib/x86_64-linux-gnu/librt-2.19.so
7f2efb61d000-7f2efb81c000 ---p 00007000 08:01 1573163                    /lib/x86_64-linux-gnu/librt-2.19.so
7f2efb81c000-7f2efb81d000 r--p 00006000 08:01 1573163                    /lib/x86_64-linux-gnu/librt-2.19.so
7f2efb81d000-7f2efb81e000 rw-p 00007000 08:01 1573163                    /lib/x86_64-linux-gnu/librt-2.19.so
7f2efb81e000-7f2efb834000 r-xp 00000000 08:01 1576858                    /lib/x86_64-linux-gnu/libgcc_s.so.1
7f2efb834000-7f2efba33000 ---p 00016000 08:01 1576858                    /lib/x86_64-linux-gnu/libgcc_s.so.1
7f2efba33000-7f2efba34000 rw-p 00015000 08:01 1576858                    /lib/x86_64-linux-gnu/libgcc_s.so.1
7f2efba34000-7f2efbb39000 r-xp 00000000 08:01 1573170                    /lib/x86_64-linux-gnu/libm-2.19.so
7f2efbb39000-7f2efbd38000 ---p 00105000 08:01 1573170                    /lib/x86_64-linux-gnu/libm-2.19.so
7f2efbd38000-7f2efbd39000 r--p 00104000 08:01 1573170                    /lib/x86_64-linux-gnu/libm-2.19.so
7f2efbd39000-7f2efbd3a000 rw-p 00105000 08:01 1573170                    /lib/x86_64-linux-gnu/libm-2.19.so
7f2efbd3a000-7f2efbe20000 r-xp 00000000 08:01 6561050                    /usr/lib/x86_64-linux-gnu/libstdc++.so.6.0.19
7f2efbe20000-7f2efc01f000 ---p 000e6000 08:01 6561050                    /usr/lib/x86_64-linux-gnu/libstdc++.so.6.0.19
7f2efc01f000-7f2efc027000 r--p 000e5000 08:01 6561050                    /usr/lib/x86_64-linux-gnu/libstdc++.so.6.0.19
7f2efc027000-7f2efc029000 rw-p 000ed000 08:01 6561050                    /usr/lib/x86_64-linux-gnu/libstdc++.so.6.0.19
7f2efc029000-7f2efc03e000 rw-p 00000000 00:00 0 
7f2efc03e000-7f2efcb56000 r-xp 00000000 08:01 6691901                    /usr/lib/jvm/java-7-openjdk-amd64/jre/lib/amd64/server/libjvm.so
7f2efcb56000-7f2efcd56000 ---p 00b18000 08:01 6691901                    /usr/lib/jvm/java-7-openjdk-amd64/jre/lib/amd64/server/libjvm.so
7f2efcd56000-7f2efcdf0000 r--p 00b18000 08:01 6691901                    /usr/lib/jvm/java-7-openjdk-amd64/jre/lib/amd64/server/libjvm.so
7f2efcdf0000-7f2efce13000 rw-p 00bb2000 08:01 6691901                    /usr/lib/jvm/java-7-openjdk-amd64/jre/lib/amd64/server/libjvm.so
7f2efce13000-7f2efce41000 rw-p 00000000 00:00 0 
7f2efce41000-7f2efce59000 r-xp 00000000 08:01 1577042                    /lib/x86_64-linux-gnu/libz.so.1.2.8
7f2efce59000-7f2efd058000 ---p 00018000 08:01 1577042                    /lib/x86_64-linux-gnu/libz.so.1.2.8
7f2efd058000-7f2efd059000 r--p 00017000 08:01 1577042                    /lib/x86_64-linux-gnu/libz.so.1.2.8
7f2efd059000-7f2efd05a000 rw-p 00018000 08:01 1577042                    /lib/x86_64-linux-gnu/libz.so.1.2.8
7f2efd05a000-7f2efd073000 r-xp 00000000 08:01 1573179                    /lib/x86_64-linux-gnu/libpthread-2.19.so
7f2efd073000-7f2efd272000 ---p 00019000 08:01 1573179                    /lib/x86_64-linux-gnu/libpthread-2.19.so
7f2efd272000-7f2efd273000 r--p 00018000 08:01 1573179                    /lib/x86_64-linux-gnu/libpthread-2.19.so
7f2efd273000-7f2efd274000 rw-p 00019000 08:01 1573179                    /lib/x86_64-linux-gnu/libpthread-2.19.so
7f2efd274000-7f2efd278000 rw-p 00000000 00:00 0 
7f2efd278000-7f2efd27b000 r-xp 00000000 08:01 1573166                    /lib/x86_64-linux-gnu/libdl-2.19.so
7f2efd27b000-7f2efd47a000 ---p 00003000 08:01 1573166                    /lib/x86_64-linux-gnu/libdl-2.19.so
7f2efd47a000-7f2efd47b000 r--p 00002000 08:01 1573166                    /lib/x86_64-linux-gnu/libdl-2.19.so
7f2efd47b000-7f2efd47c000 rw-p 00003000 08:01 1573166                    /lib/x86_64-linux-gnu/libdl-2.19.so
7f2efd47c000-7f2efd637000 r-xp 00000000 08:01 1573162                    /lib/x86_64-linux-gnu/libc-2.19.so
7f2efd637000-7f2efd837000 ---p 001bb000 08:01 1573162                    /lib/x86_64-linux-gnu/libc-2.19.so
7f2efd837000-7f2efd83b000 r--p 001bb000 08:01 1573162                    /lib/x86_64-linux-gnu/libc-2.19.so
7f2efd83b000-7f2efd83d000 rw-p 001bf000 08:01 1573162                    /lib/x86_64-linux-gnu/libc-2.19.so
7f2efd83d000-7f2efd842000 rw-p 00000000 00:00 0 
7f2efd842000-7f2efd84f000 r-xp 00000000 08:01 6691880                    /usr/lib/jvm/java-7-openjdk-amd64/jre/lib/amd64/jli/libjli.so
7f2efd84f000-7f2efda4e000 ---p 0000d000 08:01 6691880                    /usr/lib/jvm/java-7-openjdk-amd64/jre/lib/amd64/jli/libjli.so
7f2efda4e000-7f2efda4f000 r--p 0000c000 08:01 6691880                    /usr/lib/jvm/java-7-openjdk-amd64/jre/lib/amd64/jli/libjli.so
7f2efda4f000-7f2efda50000 rw-p 0000d000 08:01 6691880                    /usr/lib/jvm/java-7-openjdk-amd64/jre/lib/amd64/jli/libjli.so
7f2efda50000-7f2efda73000 r-xp 00000000 08:01 1573160                    /lib/x86_64-linux-gnu/ld-2.19.so
7f2efda73000-7f2efda74000 r--s 00095000 08:01 6030786                    /home/sam/.gradle/caches/modules-2/files-2.1/org.lwjgl.lwjgl/lwjgl-platform/2.9.2/510c7d317f5e9e700b9cfaac5fd38bdebf0702e0/lwjgl-platform-2.9.2-natives-windows.jar
7f2efda74000-7f2efda75000 r--s 00001000 08:01 6030790                    /home/sam/.gradle/caches/modules-2/files-2.1/net.java.jutils/jutils/1.0.0/e12fe1fda814bd348c1579329c86943d2cd3c6a6/jutils-1.0.0.jar
7f2efda75000-7f2efda76000 r--s 00002000 08:01 6030791                    /home/sam/.gradle/caches/modules-2/files-2.1/net.java.jinput/jinput-platform/2.0.5/7ff832a6eb9ab6a767f1ade2b548092d0fa64795/jinput-platform-2.0.5-natives-linux.jar
7f2efda76000-7f2efda77000 r--s 00002000 08:01 6030793                    /home/sam/.gradle/caches/modules-2/files-2.1/net.java.jinput/jinput-platform/2.0.5/53f9c919f34d2ca9de8c51fc4e1e8282029a9232/jinput-platform-2.0.5-natives-osx.jar
7f2efda77000-7f2efda78000 r--s 00025000 08:01 6030792                    /home/sam/.gradle/caches/modules-2/files-2.1/net.java.jinput/jinput-platform/2.0.5/385ee093e01f587f30ee1c8a2ee7d408fd732e16/jinput-platform-2.0.5-natives-windows.jar
7f2efda78000-7f2efda80000 r--s 00047000 08:01 6029485                    /home/sam/.gradle/caches/modules-2/files-2.1/junit/junit/4.13-SNAPSHOT/160889e9c728aa0321904a541438aaaa9b5406fe/junit-4.13-SNAPSHOT.jar
7f2efda80000-7f2efda81000 r--s 00003000 08:01 6029483                    /home/sam/.gradle/caches/modules-2/files-2.1/com.googlecode.json-simple/json-simple/1.1/5e303a03d04e6788dddfa3655272580ae0fc13bb/json-simple-1.1.jar
7f2efda81000-7f2efda82000 r--s 00015000 08:01 6030784                    /home/sam/.gradle/caches/modules-2/files-2.1/com.badlogicgames.jlayer/jlayer/1.0.1-gdx/7cca83cec5c1b2f011362f4d85aabd71a73b049d/jlayer-1.0.1-gdx.jar
7f2efda82000-7f2efda83000 r--s 000ce000 08:01 6030776                    /home/sam/.gradle/caches/modules-2/files-2.1/com.badlogicgames.gdx/gdx-platform/1.5.2/fce63f1c2fa3bb5e009877b7347e5e241c482895/gdx-platform-1.5.2-natives-desktop.jar
7f2efda83000-7f2efda85000 r--s 00006000 08:01 6030781                    /home/sam/.gradle/caches/modules-2/files-2.1/com.badlogicgames.gdx/gdx-freetype/1.5.2/de5a9ab0cb0993bf43b81dbbb66ad6dee09e4613/gdx-freetype-1.5.2.jar
7f2efda85000-7f2efda87000 r--s 00010000 08:01 6030780                    /home/sam/.gradle/caches/modules-2/files-2.1/com.badlogicgames.gdx/gdx-box2d/1.5.2/dfef8e7b1118cc6ea70393e4f4f7ede95de8f4bd/gdx-box2d-1.5.2.jar
7f2efda87000-7f2efda8a000 r--s 0001f000 08:01 6030775                    /home/sam/.gradle/caches/modules-2/files-2.1/com.badlogicgames.gdx/gdx-backend-lwjgl/1.5.2/e979b4d3fb8c42c9e0292d0e04bdf229b746ff9/gdx-backend-lwjgl-1.5.2.jar
7f2efda8a000-7f2efda8c000 r--s 00004000 08:01 6029489                    /home/sam/.gradle/caches/modules-2/files-2.1/com.badlogicgames.gdx/gdx-backend-headless/1.5.2/83fc2e5d62955c66f4cc7b3989e9e49788f6a64a/gdx-backend-headless-1.5.2.jar
7f2efda8c000-7f2efda90000 r--s 0003c000 08:01 6816343                    /usr/lib/jvm/java-7-openjdk-amd64/jre/lib/ext/sunpkcs11.jar
7f2efda90000-7f2efda9a000 rw-p 00000000 00:00 0 
7f2efda9a000-7f2efdb50000 rw-p 00000000 00:00 0 
7f2efdb50000-7f2efdb53000 ---p 00000000 00:00 0 
7f2efdb53000-7f2efdc56000 rw-p 00000000 00:00 0                          [stack:25373]
7f2efdc56000-7f2efdc57000 r--s 000fa000 08:01 6030777                    /home/sam/.gradle/caches/modules-2/files-2.1/com.badlogicgames.gdx/gdx-box2d-platform/1.5.2/b1ed9b7806ba2914fcf221457aa287b2a5d8e911/gdx-box2d-platform-1.5.2-natives-desktop.jar
7f2efdc57000-7f2efdc58000 r--s 00002000 08:01 6816346                    /usr/lib/jvm/java-7-openjdk-amd64/jre/lib/ext/dnsns.jar
7f2efdc58000-7f2efdc5b000 r--s 00086000 08:01 6816347                    /usr/lib/jvm/java-7-openjdk-amd64/jre/lib/ext/localedata.jar
7f2efdc5b000-7f2efdc5d000 r--s 00012000 08:01 6816345                    /usr/lib/jvm/java-7-openjdk-amd64/jre/lib/ext/zipfs.jar
7f2efdc5d000-7f2efdc60000 r--s 0000f000 08:01 6816342                    /usr/lib/jvm/java-7-openjdk-amd64/jre/lib/ext/icedtea-sound.jar
7f2efdc60000-7f2efdc64000 r--s 00034000 08:01 6816344                    /usr/lib/jvm/java-7-openjdk-amd64/jre/lib/ext/sunjce_provider.jar
7f2efdc64000-7f2efdc66000 r--s 00006000 08:01 6829410                    /usr/share/java/java-atk-wrapper.jar
7f2efdc66000-7f2efdc6e000 rw-s 00000000 08:01 6030310                    /tmp/hsperfdata_sam/25371
7f2efdc6e000-7f2efdc6f000 rw-p 00000000 00:00 0 
7f2efdc6f000-7f2efdc70000 r--p 00000000 00:00 0 
7f2efdc70000-7f2efdc72000 rw-p 00000000 00:00 0 
7f2efdc72000-7f2efdc73000 r--p 00022000 08:01 1573160                    /lib/x86_64-linux-gnu/ld-2.19.so
7f2efdc73000-7f2efdc74000 rw-p 00023000 08:01 1573160                    /lib/x86_64-linux-gnu/ld-2.19.so
7f2efdc74000-7f2efdc75000 rw-p 00000000 00:00 0 
7fff1c46e000-7fff1c490000 rw-p 00000000 00:00 0                          [stack]
7fff1c539000-7fff1c53b000 r-xp 00000000 00:00 0                          [vdso]
ffffffffff600000-ffffffffff601000 r-xp 00000000 00:00 0                  [vsyscall]

VM Arguments:
jvm_args: -Dfile.encoding=UTF-8 
java_command: com.TeamHEC.LocomotionCommotion.desktop.DesktopLauncher
Launcher Type: SUN_STANDARD

Environment Variables:
PATH=/usr/local/sbin:/usr/local/bin:/usr/sbin:/usr/bin:/sbin:/bin:/usr/games:/usr/local/games
SHELL=/bin/bash
DISPLAY=:0.0

Signal Handlers:
SIGSEGV: [libjvm.so+0x94b4b0], sa_mask[0]=0x7ffbfeff, sa_flags=0x10000004
SIGBUS: [libjvm.so+0x94b4b0], sa_mask[0]=0x7ffbfeff, sa_flags=0x10000004
SIGFPE: [libjvm.so+0x7c3390], sa_mask[0]=0x7ffbfeff, sa_flags=0x10000004
SIGPIPE: [libjvm.so+0x7c3390], sa_mask[0]=0x7ffbfeff, sa_flags=0x10000004
SIGXFSZ: [libjvm.so+0x7c3390], sa_mask[0]=0x7ffbfeff, sa_flags=0x10000004
SIGILL: [libjvm.so+0x7c3390], sa_mask[0]=0x7ffbfeff, sa_flags=0x10000004
SIGUSR1: SIG_DFL, sa_mask[0]=0x00000000, sa_flags=0x00000000
SIGUSR2: [libjvm.so+0x7c3230], sa_mask[0]=0x00000004, sa_flags=0x10000004
SIGHUP: [libjvm.so+0x7c3410], sa_mask[0]=0x7ffbfeff, sa_flags=0x10000004
SIGINT: [libjvm.so+0x7c3410], sa_mask[0]=0x7ffbfeff, sa_flags=0x10000004
SIGTERM: [libjvm.so+0x7c3410], sa_mask[0]=0x7ffbfeff, sa_flags=0x10000004
SIGQUIT: [libjvm.so+0x7c3410], sa_mask[0]=0x7ffbfeff, sa_flags=0x10000004
SIGTRAP: SIG_DFL, sa_mask[0]=0x00000000, sa_flags=0x00000000


---------------  S Y S T E M  ---------------

OS:Ubuntu 14.04 (trusty)
uname:Linux 3.13.0-45-generic #74-Ubuntu SMP Tue Jan 13 19:36:28 UTC 2015 x86_64
libc:glibc 2.19 NPTL 2.19 
rlimit: STACK 8192k, CORE 0k, NPROC 62805, NOFILE 4096, AS infinity
load average:3.04 3.19 3.31

/proc/meminfo:
MemTotal:        8060736 kB
MemFree:         1079500 kB
Buffers:          234220 kB
Cached:          2090692 kB
SwapCached:            0 kB
Active:          5271692 kB
Inactive:        1400756 kB
Active(anon):    4354832 kB
Inactive(anon):   291676 kB
Active(file):     916860 kB
Inactive(file):  1109080 kB
Unevictable:         556 kB
Mlocked:             556 kB
SwapTotal:       4076540 kB
SwapFree:        4076540 kB
Dirty:               404 kB
Writeback:             0 kB
AnonPages:       4352976 kB
Mapped:           283148 kB
Shmem:            298760 kB
Slab:             174672 kB
SReclaimable:     141696 kB
SUnreclaim:        32976 kB
KernelStack:        4848 kB
PageTables:        44816 kB
NFS_Unstable:          0 kB
Bounce:                0 kB
WritebackTmp:          0 kB
CommitLimit:     8106908 kB
Committed_AS:    8929612 kB
VmallocTotal:   34359738367 kB
VmallocUsed:      356192 kB
VmallocChunk:   34359363264 kB
HardwareCorrupted:     0 kB
AnonHugePages:   2861056 kB
HugePages_Total:       0
HugePages_Free:        0
HugePages_Rsvd:        0
HugePages_Surp:        0
Hugepagesize:       2048 kB
DirectMap4k:       52864 kB
DirectMap2M:     8220672 kB


CPU:total 4 (2 cores per cpu, 2 threads per core) family 6 model 42 stepping 7, cmov, cx8, fxsr, mmx, sse, sse2, sse3, ssse3, sse4.1, sse4.2, popcnt, avx, aes, ht, tsc, tscinvbit

/proc/cpuinfo:
processor	: 0
vendor_id	: GenuineIntel
cpu family	: 6
model		: 42
model name	: Intel(R) Core(TM) i5-2520M CPU @ 2.50GHz
stepping	: 7
microcode	: 0x18
cpu MHz		: 2501.000
cache size	: 3072 KB
physical id	: 0
siblings	: 4
core id		: 0
cpu cores	: 2
apicid		: 0
initial apicid	: 0
fpu		: yes
fpu_exception	: yes
cpuid level	: 13
wp		: yes
flags		: fpu vme de pse tsc msr pae mce cx8 apic sep mtrr pge mca cmov pat pse36 clflush dts acpi mmx fxsr sse sse2 ss ht tm pbe syscall nx rdtscp lm constant_tsc arch_perfmon pebs bts nopl xtopology nonstop_tsc aperfmperf eagerfpu pni pclmulqdq dtes64 monitor ds_cpl vmx smx est tm2 ssse3 cx16 xtpr pdcm pcid sse4_1 sse4_2 x2apic popcnt tsc_deadline_timer aes xsave avx lahf_lm ida arat epb xsaveopt pln pts dtherm tpr_shadow vnmi flexpriority ept vpid
bogomips	: 4983.71
clflush size	: 64
cache_alignment	: 64
address sizes	: 36 bits physical, 48 bits virtual
power management:

processor	: 1
vendor_id	: GenuineIntel
cpu family	: 6
model		: 42
model name	: Intel(R) Core(TM) i5-2520M CPU @ 2.50GHz
stepping	: 7
microcode	: 0x18
cpu MHz		: 2501.000
cache size	: 3072 KB
physical id	: 0
siblings	: 4
core id		: 0
cpu cores	: 2
apicid		: 1
initial apicid	: 1
fpu		: yes
fpu_exception	: yes
cpuid level	: 13
wp		: yes
flags		: fpu vme de pse tsc msr pae mce cx8 apic sep mtrr pge mca cmov pat pse36 clflush dts acpi mmx fxsr sse sse2 ss ht tm pbe syscall nx rdtscp lm constant_tsc arch_perfmon pebs bts nopl xtopology nonstop_tsc aperfmperf eagerfpu pni pclmulqdq dtes64 monitor ds_cpl vmx smx est tm2 ssse3 cx16 xtpr pdcm pcid sse4_1 sse4_2 x2apic popcnt tsc_deadline_timer aes xsave avx lahf_lm ida arat epb xsaveopt pln pts dtherm tpr_shadow vnmi flexpriority ept vpid
bogomips	: 4983.71
clflush size	: 64
cache_alignment	: 64
address sizes	: 36 bits physical, 48 bits virtual
power management:

processor	: 2
vendor_id	: GenuineIntel
cpu family	: 6
model		: 42
model name	: Intel(R) Core(TM) i5-2520M CPU @ 2.50GHz
stepping	: 7
microcode	: 0x18
cpu MHz		: 2501.000
cache size	: 3072 KB
physical id	: 0
siblings	: 4
core id		: 1
cpu cores	: 2
apicid		: 2
initial apicid	: 2
fpu		: yes
fpu_exception	: yes
cpuid level	: 13
wp		: yes
flags		: fpu vme de pse tsc msr pae mce cx8 apic sep mtrr pge mca cmov pat pse36 clflush dts acpi mmx fxsr sse sse2 ss ht tm pbe syscall nx rdtscp lm constant_tsc arch_perfmon pebs bts nopl xtopology nonstop_tsc aperfmperf eagerfpu pni pclmulqdq dtes64 monitor ds_cpl vmx smx est tm2 ssse3 cx16 xtpr pdcm pcid sse4_1 sse4_2 x2apic popcnt tsc_deadline_timer aes xsave avx lahf_lm ida arat epb xsaveopt pln pts dtherm tpr_shadow vnmi flexpriority ept vpid
bogomips	: 4983.71
clflush size	: 64
cache_alignment	: 64
address sizes	: 36 bits physical, 48 bits virtual
power management:

processor	: 3
vendor_id	: GenuineIntel
cpu family	: 6
model		: 42
model name	: Intel(R) Core(TM) i5-2520M CPU @ 2.50GHz
stepping	: 7
microcode	: 0x18
cpu MHz		: 2501.000
cache size	: 3072 KB
physical id	: 0
siblings	: 4
core id		: 1
cpu cores	: 2
apicid		: 3
initial apicid	: 3
fpu		: yes
fpu_exception	: yes
cpuid level	: 13
wp		: yes
flags		: fpu vme de pse tsc msr pae mce cx8 apic sep mtrr pge mca cmov pat pse36 clflush dts acpi mmx fxsr sse sse2 ss ht tm pbe syscall nx rdtscp lm constant_tsc arch_perfmon pebs bts nopl xtopology nonstop_tsc aperfmperf eagerfpu pni pclmulqdq dtes64 monitor ds_cpl vmx smx est tm2 ssse3 cx16 xtpr pdcm pcid sse4_1 sse4_2 x2apic popcnt tsc_deadline_timer aes xsave avx lahf_lm ida arat epb xsaveopt pln pts dtherm tpr_shadow vnmi flexpriority ept vpid
bogomips	: 4983.71
clflush size	: 64
cache_alignment	: 64
address sizes	: 36 bits physical, 48 bits virtual
power management:



Memory: 4k page, physical 8060736k(1079500k free), swap 4076540k(4076540k free)

vm_info: OpenJDK 64-Bit Server VM (24.75-b04) for linux-amd64 JRE (1.7.0_75-b13), built on Jan 27 2015 00:38:59 by "buildd" with gcc 4.8.2

time: Tue Feb 17 21:22:36 2015
elapsed time: 1 seconds

