#
# A fatal error has been detected by the Java Runtime Environment:
#
#  SIGSEGV (0xb) at pc=0x00007fa0a37fb729, pid=25501, tid=140328085710592
#
# JRE version: OpenJDK Runtime Environment (7.0_75-b13) (build 1.7.0_75-b13)
# Java VM: OpenJDK 64-Bit Server VM (24.75-b04 mixed mode linux-amd64 compressed oops)
# Derivative: IcedTea 2.5.4
# Distribution: Ubuntu 14.04 LTS, package 7u75-2.5.4-1~trusty1
# Problematic frame:
# C  [swrast_dri.so+0x387729]
#
# Failed to write core dump. Core dumps have been disabled. To enable core dumping, try "ulimit -c unlimited" before starting Java again
#
# If you would like to submit a bug report, please include
# instructions on how to reproduce the bug and visit:
#   http://icedtea.classpath.org/bugzilla
# The crash happened outside the Java Virtual Machine in native code.
# See problematic frame for where to report the bug.
#

---------------  T H R E A D  ---------------

Current thread (0x00007fa0f43a8000):  JavaThread "LWJGL Application" [_thread_in_native, id=25578, stack(0x00007fa0ada36000,0x00007fa0adb37000)]

siginfo:si_signo=SIGSEGV: si_errno=0, si_code=1 (SEGV_MAPERR), si_addr=0x0000000000000020

Registers:
RAX=0x0000000000000000, RBX=0x0000000000000000, RCX=0x0000000000000000, RDX=0x00007fa098000040
RSP=0x00007fa0adb348a0, RBP=0x0000000000000020, RSI=0x00000000ffffffff, RDI=0x0000000000000020
R8 =0x00007fa098908d00, R9 =0x00007fa098908d80, R10=0x00007fa0fbd65fe0, R11=0x0000000000000000
R12=0x0000000000000020, R13=0x0000000000000003, R14=0x0000000000000003, R15=0x00007fa0adb34a40
RIP=0x00007fa0a37fb729, EFLAGS=0x0000000000010206, CSGSFS=0x0000000000000033, ERR=0x0000000000000004
  TRAPNO=0x000000000000000e

Top of Stack: (sp=0x00007fa0adb348a0)
0x00007fa0adb348a0:   00007fa098909080 00007fa098908dd8
0x00007fa0adb348b0:   00007fa098908df0 00007fa098908e08
0x00007fa0adb348c0:   0000000100000000 00007fa0a1db1799
0x00007fa0adb348d0:   00007fa000000000 00007fa098908dc8
0x00007fa0adb348e0:   0000000000000003 0000000000000003
0x00007fa0adb348f0:   00007fa0adb34a40 0000000000000000
0x00007fa0adb34900:   00007fa098908cb0 00007fa0a37fb810
0x00007fa0adb34910:   00007fa0adb34980 0000000000000000
0x00007fa0adb34920:   00007fa0adb34980 00007fa09806d770
0x00007fa0adb34930:   0000000000000003 0000000000000003
0x00007fa0adb34940:   00007fa0adb34a40 00007fa098908cb0
0x00007fa0adb34950:   00007fa0989069b0 00007fa09806d770
0x00007fa0adb34960:   0000000000000003 0000000000000003
0x00007fa0adb34970:   00007fa0adb34a40 00007fa0a37ff191
0x00007fa0adb34980:   766c6c5f77617264 7261765f73765f6d
0x00007fa0adb34990:   00000030746e6169 0000000000000000
0x00007fa0adb349a0:   0000000000000000 0000000000000000
0x00007fa0adb349b0:   0000000000000000 0000000000000000
0x00007fa0adb349c0:   0000000000000000 9a80486a0feb3c00
0x00007fa0adb349d0:   00007fa0a3e22580 00007fa098059fc0
0x00007fa0adb349e0:   00007fa0989073b0 00007fa0adb34a40
0x00007fa0adb349f0:   0000000000000003 00007fa0989073b0
0x00007fa0adb34a00:   00007fa0989069b0 00007fa0a3800735
0x00007fa0adb34a10:   00007fa000000000 00007fa000000000
0x00007fa0adb34a20:   00007fa0989069b0 0000000000000000
0x00007fa0adb34a30:   0000000300000000 00007fa0adb34a40
0x00007fa0adb34a40:   0000000307000003 0000000000000000
0x00007fa0adb34a50:   0000001d00000000 0000000000000008
0x00007fa0adb34a60:   0000004300000000 000000000000000c
0x00007fa0adb34a70:   0000001d00000000 00007fa098907948
0x00007fa0adb34a80:   0000000100000000 00007fa0a1db1799
0x00007fa0adb34a90:   00007fa000000000 00007fa098907908 

Instructions: (pc=0x00007fa0a37fb729)
0x00007fa0a37fb709:   e8 5b 5d 41 5c 41 5d c3 66 2e 0f 1f 84 00 00 00
0x00007fa0a37fb719:   00 00 0f 1f 44 00 00 55 48 89 fd 53 48 83 ec 58
0x00007fa0a37fb729:   48 8b 3f e8 8f 04 ce ff 48 8b 7d 00 48 89 c3 48
0x00007fa0a37fb739:   89 44 24 20 48 89 44 24 18 48 89 44 24 10 48 89 

Register to memory mapping:

RAX=0x0000000000000000 is an unknown value
RBX=0x0000000000000000 is an unknown value
RCX=0x0000000000000000 is an unknown value
RDX=0x00007fa098000040 is an unknown value
RSP=0x00007fa0adb348a0 is pointing into the stack for thread: 0x00007fa0f43a8000
RBP=0x0000000000000020 is an unknown value
RSI=0x00000000ffffffff is an unknown value
RDI=0x0000000000000020 is an unknown value
R8 =0x00007fa098908d00 is an unknown value
R9 =0x00007fa098908d80 is an unknown value
R10=0x00007fa0fbd65fe0: <offset 0x3bdfe0> in /lib/x86_64-linux-gnu/libc.so.6 at 0x00007fa0fb9a8000
R11=0x0000000000000000 is an unknown value
R12=0x0000000000000020 is an unknown value
R13=0x0000000000000003 is an unknown value
R14=0x0000000000000003 is an unknown value
R15=0x00007fa0adb34a40 is pointing into the stack for thread: 0x00007fa0f43a8000


Stack: [0x00007fa0ada36000,0x00007fa0adb37000],  sp=0x00007fa0adb348a0,  free space=1018k
Native frames: (J=compiled Java code, j=interpreted, Vv=VM code, C=native code)
C  [swrast_dri.so+0x387729]

[error occurred during error reporting (printing native stack), id 0xb]

Java frames: (J=compiled Java code, j=interpreted, Vv=VM code)
j  org.lwjgl.opengl.GL11.nglDrawElements(IIIJJ)V+0
j  org.lwjgl.opengl.GL11.glDrawElements(ILjava/nio/ShortBuffer;)V+34
j  com.badlogic.gdx.backends.lwjgl.LwjglGL20.glDrawElements(IIILjava/nio/Buffer;)V+21
j  com.badlogic.gdx.graphics.Mesh.render(Lcom/badlogic/gdx/graphics/glutils/ShaderProgram;IIIZ)V+88
j  com.badlogic.gdx.graphics.Mesh.render(Lcom/badlogic/gdx/graphics/glutils/ShaderProgram;III)V+10
j  com.badlogic.gdx.graphics.g2d.SpriteBatch.flush()V+176
j  com.badlogic.gdx.graphics.g2d.SpriteBatch.switchTexture(Lcom/badlogic/gdx/graphics/Texture;)V+1
j  com.badlogic.gdx.graphics.g2d.SpriteBatch.draw(Lcom/badlogic/gdx/graphics/Texture;FFFF)V+33
j  com.badlogic.gdx.graphics.g2d.SpriteBatch.draw(Lcom/badlogic/gdx/graphics/Texture;FF)V+14
j  com.TeamHEC.LocomotionCommotion.UI_Elements.Sprite.draw(Lcom/badlogic/gdx/graphics/g2d/Batch;F)V+13
j  com.badlogic.gdx.scenes.scene2d.Group.drawChildren(Lcom/badlogic/gdx/graphics/g2d/Batch;F)V+405
j  com.badlogic.gdx.scenes.scene2d.Group.draw(Lcom/badlogic/gdx/graphics/g2d/Batch;F)V+19
j  com.badlogic.gdx.scenes.scene2d.Stage.draw()V+54
j  com.TeamHEC.LocomotionCommotion.Scene.Scene.render(F)V+52
j  com.badlogic.gdx.Game.render()V+19
j  com.TeamHEC.LocomotionCommotion.LocomotionCommotion.render()V+17
j  com.badlogic.gdx.backends.lwjgl.LwjglApplication.mainLoop()V+632
j  com.badlogic.gdx.backends.lwjgl.LwjglApplication$1.run()V+27
v  ~StubRoutines::call_stub

---------------  P R O C E S S  ---------------

Java Threads: ( => current thread )
  0x00007fa09800a000 JavaThread "process reaper" daemon [_thread_blocked, id=25583, stack(0x00007fa0e4019000,0x00007fa0e4052000)]
  0x00007fa0f400b800 JavaThread "DestroyJavaVM" [_thread_blocked, id=25503, stack(0x00007fa0fc07c000,0x00007fa0fc17d000)]
=>0x00007fa0f43a8000 JavaThread "LWJGL Application" [_thread_in_native, id=25578, stack(0x00007fa0ada36000,0x00007fa0adb37000)]
  0x00007fa0f4302000 JavaThread "AWT-XAWT" daemon [_thread_in_native, id=25563, stack(0x00007fa0dc81a000,0x00007fa0dc91b000)]
  0x00007fa0f42e7000 JavaThread "Java2D Disposer" daemon [_thread_blocked, id=25560, stack(0x00007fa0e4052000,0x00007fa0e4153000)]
  0x00007fa0f40b2000 JavaThread "Service Thread" daemon [_thread_blocked, id=25529, stack(0x00007fa0e6702000,0x00007fa0e6803000)]
  0x00007fa0f40b0000 JavaThread "C2 CompilerThread1" daemon [_thread_blocked, id=25528, stack(0x00007fa0e6803000,0x00007fa0e6904000)]
  0x00007fa0f40ad000 JavaThread "C2 CompilerThread0" daemon [_thread_blocked, id=25527, stack(0x00007fa0e6904000,0x00007fa0e6a05000)]
  0x00007fa0f40ab000 JavaThread "Signal Dispatcher" daemon [_thread_blocked, id=25526, stack(0x00007fa0e6a05000,0x00007fa0e6b06000)]
  0x00007fa0f407d800 JavaThread "Finalizer" daemon [_thread_blocked, id=25520, stack(0x00007fa0e74d4000,0x00007fa0e75d5000)]
  0x00007fa0f407b800 JavaThread "Reference Handler" daemon [_thread_blocked, id=25518, stack(0x00007fa0e75d5000,0x00007fa0e76d6000)]

Other Threads:
  0x00007fa0f4077000 VMThread [stack: 0x00007fa0e76d6000,0x00007fa0e77d7000] [id=25517]
  0x00007fa0f40bd000 WatcherThread [stack: 0x00007fa0e6601000,0x00007fa0e6702000] [id=25530]

VM state:not at safepoint (normal execution)

VM Mutex/Monitor currently owned by a thread: None

Heap
 PSYoungGen      total 36864K, used 18874K [0x00000007d7000000, 0x00000007d9900000, 0x0000000800000000)
  eden space 31744K, 59% used [0x00000007d7000000,0x00000007d826eb58,0x00000007d8f00000)
  from space 5120K, 0% used [0x00000007d9400000,0x00000007d9400000,0x00000007d9900000)
  to   space 5120K, 0% used [0x00000007d8f00000,0x00000007d8f00000,0x00000007d9400000)
 ParOldGen       total 83968K, used 0K [0x0000000785000000, 0x000000078a200000, 0x00000007d7000000)
  object space 83968K, 0% used [0x0000000785000000,0x0000000785000000,0x000000078a200000)
 PSPermGen       total 21504K, used 9555K [0x000000077aa00000, 0x000000077bf00000, 0x0000000785000000)
  object space 21504K, 44% used [0x000000077aa00000,0x000000077b354e48,0x000000077bf00000)

Card table byte_map: [0x00007fa0f8891000,0x00007fa0f8cbd000] byte_map_base: 0x00007fa0f4cbc000

Polling page: 0x00007fa0fc19b000

Code Cache  [0x00007fa0f1000000, 0x00007fa0f1270000, 0x00007fa0f4000000)
 total_blobs=536 nmethods=35 adapters=455 free_code_cache=48529Kb largest_free_block=49663168

Compilation events (10 events):
Event: 1.784 Thread 0x00007fa0f40ad000 nmethod 29 0x00007fa0f109bc10 code [0x00007fa0f109bea0, 0x00007fa0f109cb10]
Event: 1.784 Thread 0x00007fa0f40ad000   32             java.lang.String::indexOf (7 bytes)
Event: 1.787 Thread 0x00007fa0f40ad000 nmethod 32 0x00007fa0f1095390 code [0x00007fa0f10954e0, 0x00007fa0f10956a8]
Event: 1.801 Thread 0x00007fa0f40ad000   33             java.lang.AbstractStringBuilder::ensureCapacityInternal (16 bytes)
Event: 1.814 Thread 0x00007fa0f40ad000 nmethod 33 0x00007fa0f1099d50 code [0x00007fa0f1099ea0, 0x00007fa0f109a138]
Event: 1.846 Thread 0x00007fa0f40b0000 nmethod 31 0x00007fa0f10a0990 code [0x00007fa0f10a0ba0, 0x00007fa0f10a26a8]
Event: 1.861 Thread 0x00007fa0f40ad000   34             java.lang.AbstractStringBuilder::append (48 bytes)
Event: 1.866 Thread 0x00007fa0f40ad000 nmethod 34 0x00007fa0f10965d0 code [0x00007fa0f1096740, 0x00007fa0f1096b18]
Event: 1.866 Thread 0x00007fa0f40b0000   35             java.lang.String::getChars (62 bytes)
Event: 1.868 Thread 0x00007fa0f40b0000 nmethod 35 0x00007fa0f109a290 code [0x00007fa0f109a3e0, 0x00007fa0f109a518]

GC Heap History (0 events):
No events

Deoptimization events (1 events):
Event: 0.586 Thread 0x00007fa0f400b800 Uncommon trap: reason=class_check action=maybe_recompile pc=0x00007fa0f1068880 method=java.util.Properties$LineReader.readLine()I @ 62

Internal exceptions (10 events):
Event: 1.858 Thread 0x00007fa0f43a8000 Threw 0x00000007d81eaa58 at /build/buildd/openjdk-7-7u75-2.5.4/build/openjdk/hotspot/src/share/vm/prims/jvm.cpp:1284
Event: 1.859 Thread 0x00007fa0f43a8000 Threw 0x00000007d81f37e0 at /build/buildd/openjdk-7-7u75-2.5.4/build/openjdk/hotspot/src/share/vm/prims/jvm.cpp:1284
Event: 1.860 Thread 0x00007fa0f43a8000 Threw 0x00000007d81f8de8 at /build/buildd/openjdk-7-7u75-2.5.4/build/openjdk/hotspot/src/share/vm/prims/jvm.cpp:1284
Event: 1.861 Thread 0x00007fa0f43a8000 Threw 0x00000007d8204d70 at /build/buildd/openjdk-7-7u75-2.5.4/build/openjdk/hotspot/src/share/vm/prims/jvm.cpp:1284
Event: 1.867 Thread 0x00007fa0f43a8000 Threw 0x00000007d820ad68 at /build/buildd/openjdk-7-7u75-2.5.4/build/openjdk/hotspot/src/share/vm/prims/jvm.cpp:1284
Event: 1.867 Thread 0x00007fa0f43a8000 Threw 0x00000007d8210498 at /build/buildd/openjdk-7-7u75-2.5.4/build/openjdk/hotspot/src/share/vm/prims/jvm.cpp:1284
Event: 1.868 Thread 0x00007fa0f43a8000 Threw 0x00000007d8215278 at /build/buildd/openjdk-7-7u75-2.5.4/build/openjdk/hotspot/src/share/vm/prims/jvm.cpp:1284
Event: 1.869 Thread 0x00007fa0f43a8000 Threw 0x00000007d821bb40 at /build/buildd/openjdk-7-7u75-2.5.4/build/openjdk/hotspot/src/share/vm/prims/jvm.cpp:1284
Event: 1.870 Thread 0x00007fa0f43a8000 Threw 0x00000007d821fef8 at /build/buildd/openjdk-7-7u75-2.5.4/build/openjdk/hotspot/src/share/vm/prims/jvm.cpp:1284
Event: 1.871 Thread 0x00007fa0f43a8000 Threw 0x00000007d8223bb8 at /build/buildd/openjdk-7-7u75-2.5.4/build/openjdk/hotspot/src/share/vm/prims/jvm.cpp:1284

Events (10 events):
Event: 1.868 loading class 0x00007fa0f425c600
Event: 1.868 loading class 0x00007fa0f425c600 done
Event: 1.869 loading class 0x00007fa0f42763d0
Event: 1.869 loading class 0x00007fa0f42763d0 done
Event: 1.869 loading class 0x00007fa098297830
Event: 1.869 loading class 0x00007fa098297830 done
Event: 1.870 loading class 0x00007fa098297980
Event: 1.870 loading class 0x00007fa098297980 done
Event: 1.871 loading class 0x00007fa0f41441b0
Event: 1.871 loading class 0x00007fa0f41441b0 done


Dynamic libraries:
00400000-00401000 r-xp 00000000 08:01 6953855                            /usr/lib/jvm/java-7-openjdk-amd64/jre/bin/java
00600000-00601000 r--p 00000000 08:01 6953855                            /usr/lib/jvm/java-7-openjdk-amd64/jre/bin/java
00601000-00602000 rw-p 00001000 08:01 6953855                            /usr/lib/jvm/java-7-openjdk-amd64/jre/bin/java
016da000-016fb000 rw-p 00000000 00:00 0                                  [heap]
77aa00000-77bf00000 rw-p 00000000 00:00 0 
77bf00000-785000000 rw-p 00000000 00:00 0 
785000000-78a200000 rw-p 00000000 00:00 0 
78a200000-7d7000000 rw-p 00000000 00:00 0 
7d7000000-7d9900000 rw-p 00000000 00:00 0 
7d9900000-800000000 rw-p 00000000 00:00 0 
7fa08b600000-7fa08c000000 rwxp 00000000 00:00 0 
7fa08c000000-7fa08c021000 rw-p 00000000 00:00 0 
7fa08c021000-7fa090000000 ---p 00000000 00:00 0 
7fa0904dc000-7fa0927fd000 rw-p 00000000 00:00 0 
7fa0927fd000-7fa0927fe000 ---p 00000000 00:00 0 
7fa0927fe000-7fa092ffe000 rw-p 00000000 00:00 0                          [stack:25601]
7fa092ffe000-7fa092fff000 ---p 00000000 00:00 0 
7fa092fff000-7fa0937ff000 rw-p 00000000 00:00 0                          [stack:25600]
7fa0937ff000-7fa093800000 ---p 00000000 00:00 0 
7fa093800000-7fa094000000 rw-p 00000000 00:00 0                          [stack:25599]
7fa094000000-7fa094021000 rw-p 00000000 00:00 0 
7fa094021000-7fa098000000 ---p 00000000 00:00 0 
7fa098000000-7fa09901d000 rw-p 00000000 00:00 0 
7fa09901d000-7fa09c000000 ---p 00000000 00:00 0 
7fa09c000000-7fa09c021000 rw-p 00000000 00:00 0 
7fa09c021000-7fa0a0000000 ---p 00000000 00:00 0 
7fa0a0005000-7fa0a01f7000 rw-p 00000000 00:00 0 
7fa0a04d3000-7fa0a050a000 r-xp 00000000 08:01 6561094                    /usr/lib/x86_64-linux-gnu/libtxc_dxtn_s2tc.so.0.0.0
7fa0a050a000-7fa0a0709000 ---p 00037000 08:01 6561094                    /usr/lib/x86_64-linux-gnu/libtxc_dxtn_s2tc.so.0.0.0
7fa0a0709000-7fa0a070a000 r--p 00036000 08:01 6561094                    /usr/lib/x86_64-linux-gnu/libtxc_dxtn_s2tc.so.0.0.0
7fa0a070a000-7fa0a070b000 rw-p 00037000 08:01 6561094                    /usr/lib/x86_64-linux-gnu/libtxc_dxtn_s2tc.so.0.0.0
7fa0a070b000-7fa0a070c000 ---p 00000000 00:00 0 
7fa0a070c000-7fa0a0f0c000 rw-p 00000000 00:00 0                          [stack:25598]
7fa0a0f0c000-7fa0a0f31000 r-xp 00000000 08:01 1577025                    /lib/x86_64-linux-gnu/libtinfo.so.5.9
7fa0a0f31000-7fa0a1130000 ---p 00025000 08:01 1577025                    /lib/x86_64-linux-gnu/libtinfo.so.5.9
7fa0a1130000-7fa0a1134000 r--p 00024000 08:01 1577025                    /lib/x86_64-linux-gnu/libtinfo.so.5.9
7fa0a1134000-7fa0a1135000 rw-p 00028000 08:01 1577025                    /lib/x86_64-linux-gnu/libtinfo.so.5.9
7fa0a1135000-7fa0a115e000 r-xp 00000000 08:01 6560467                    /usr/lib/x86_64-linux-gnu/libedit.so.2.0.47
7fa0a115e000-7fa0a135e000 ---p 00029000 08:01 6560467                    /usr/lib/x86_64-linux-gnu/libedit.so.2.0.47
7fa0a135e000-7fa0a1360000 r--p 00029000 08:01 6560467                    /usr/lib/x86_64-linux-gnu/libedit.so.2.0.47
7fa0a1360000-7fa0a1361000 rw-p 0002b000 08:01 6560467                    /usr/lib/x86_64-linux-gnu/libedit.so.2.0.47
7fa0a1361000-7fa0a1365000 rw-p 00000000 00:00 0 
7fa0a1365000-7fa0a2e6d000 r-xp 00000000 08:01 6554779                    /usr/lib/x86_64-linux-gnu/libLLVM-3.5.so.1
7fa0a2e6d000-7fa0a2e6e000 ---p 01b08000 08:01 6554779                    /usr/lib/x86_64-linux-gnu/libLLVM-3.5.so.1
7fa0a2e6e000-7fa0a3036000 r--p 01b08000 08:01 6554779                    /usr/lib/x86_64-linux-gnu/libLLVM-3.5.so.1
7fa0a3036000-7fa0a303c000 rw-p 01cd0000 08:01 6554779                    /usr/lib/x86_64-linux-gnu/libLLVM-3.5.so.1
7fa0a303c000-7fa0a3051000 rw-p 00000000 00:00 0 
7fa0a3051000-7fa0a305d000 r-xp 00000000 08:01 6565441                    /usr/lib/x86_64-linux-gnu/libdrm_radeon.so.1.0.1
7fa0a305d000-7fa0a325c000 ---p 0000c000 08:01 6565441                    /usr/lib/x86_64-linux-gnu/libdrm_radeon.so.1.0.1
7fa0a325c000-7fa0a325d000 r--p 0000b000 08:01 6565441                    /usr/lib/x86_64-linux-gnu/libdrm_radeon.so.1.0.1
7fa0a325d000-7fa0a325e000 rw-p 0000c000 08:01 6565441                    /usr/lib/x86_64-linux-gnu/libdrm_radeon.so.1.0.1
7fa0a325e000-7fa0a3273000 r-xp 00000000 08:01 6554040                    /usr/lib/x86_64-linux-gnu/libelf-0.158.so
7fa0a3273000-7fa0a3472000 ---p 00015000 08:01 6554040                    /usr/lib/x86_64-linux-gnu/libelf-0.158.so
7fa0a3472000-7fa0a3473000 r--p 00014000 08:01 6554040                    /usr/lib/x86_64-linux-gnu/libelf-0.158.so
7fa0a3473000-7fa0a3474000 rw-p 00015000 08:01 6554040                    /usr/lib/x86_64-linux-gnu/libelf-0.158.so
7fa0a3474000-7fa0a3bb8000 r-xp 00000000 08:01 6829434                    /usr/lib/x86_64-linux-gnu/dri/swrast_dri.so
7fa0a3bb8000-7fa0a3db8000 ---p 00744000 08:01 6829434                    /usr/lib/x86_64-linux-gnu/dri/swrast_dri.so
7fa0a3db8000-7fa0a3e0b000 r--p 00744000 08:01 6829434                    /usr/lib/x86_64-linux-gnu/dri/swrast_dri.so
7fa0a3e0b000-7fa0a3e17000 rw-p 00797000 08:01 6829434                    /usr/lib/x86_64-linux-gnu/dri/swrast_dri.so
7fa0a3e17000-7fa0a3fff000 rw-p 00000000 00:00 0 
7fa0a3fff000-7fa0a8000000 rw-s 00000000 00:14 308075                     /run/shm/pulse-shm-2133818165
7fa0a8000000-7fa0a8021000 rw-p 00000000 00:00 0 
7fa0a8021000-7fa0ac000000 ---p 00000000 00:00 0 
7fa0ac0ba000-7fa0ac12e000 rw-p 00000000 00:00 0 
7fa0ac13b000-7fa0ac141000 r-xp 00000000 08:01 6555711                    /usr/lib/x86_64-linux-gnu/libdrm_nouveau.so.2.0.0
7fa0ac141000-7fa0ac340000 ---p 00006000 08:01 6555711                    /usr/lib/x86_64-linux-gnu/libdrm_nouveau.so.2.0.0
7fa0ac340000-7fa0ac341000 r--p 00005000 08:01 6555711                    /usr/lib/x86_64-linux-gnu/libdrm_nouveau.so.2.0.0
7fa0ac341000-7fa0ac342000 rw-p 00006000 08:01 6555711                    /usr/lib/x86_64-linux-gnu/libdrm_nouveau.so.2.0.0
7fa0ac342000-7fa0ac34d000 r-xp 00000000 08:01 6555709                    /usr/lib/x86_64-linux-gnu/libdrm.so.2.4.0
7fa0ac34d000-7fa0ac54c000 ---p 0000b000 08:01 6555709                    /usr/lib/x86_64-linux-gnu/libdrm.so.2.4.0
7fa0ac54c000-7fa0ac54d000 r--p 0000a000 08:01 6555709                    /usr/lib/x86_64-linux-gnu/libdrm.so.2.4.0
7fa0ac54d000-7fa0ac54e000 rw-p 0000b000 08:01 6555709                    /usr/lib/x86_64-linux-gnu/libdrm.so.2.4.0
7fa0ac54e000-7fa0ac54f000 r-xp 00000000 08:01 6561218                    /usr/lib/x86_64-linux-gnu/libxshmfence.so.1.0.0
7fa0ac54f000-7fa0ac74e000 ---p 00001000 08:01 6561218                    /usr/lib/x86_64-linux-gnu/libxshmfence.so.1.0.0
7fa0ac74e000-7fa0ac74f000 r--p 00000000 08:01 6561218                    /usr/lib/x86_64-linux-gnu/libxshmfence.so.1.0.0
7fa0ac74f000-7fa0ac750000 rw-p 00001000 08:01 6561218                    /usr/lib/x86_64-linux-gnu/libxshmfence.so.1.0.0
7fa0ac750000-7fa0ac755000 r-xp 00000000 08:01 6561183                    /usr/lib/x86_64-linux-gnu/libxcb-sync.so.1.0.0
7fa0ac755000-7fa0ac954000 ---p 00005000 08:01 6561183                    /usr/lib/x86_64-linux-gnu/libxcb-sync.so.1.0.0
7fa0ac954000-7fa0ac955000 r--p 00004000 08:01 6561183                    /usr/lib/x86_64-linux-gnu/libxcb-sync.so.1.0.0
7fa0ac955000-7fa0ac956000 rw-p 00005000 08:01 6561183                    /usr/lib/x86_64-linux-gnu/libxcb-sync.so.1.0.0
7fa0ac956000-7fa0ac958000 r-xp 00000000 08:01 6561175                    /usr/lib/x86_64-linux-gnu/libxcb-present.so.0.0.0
7fa0ac958000-7fa0acb57000 ---p 00002000 08:01 6561175                    /usr/lib/x86_64-linux-gnu/libxcb-present.so.0.0.0
7fa0acb57000-7fa0acb58000 r--p 00001000 08:01 6561175                    /usr/lib/x86_64-linux-gnu/libxcb-present.so.0.0.0
7fa0acb58000-7fa0acb59000 rw-p 00002000 08:01 6561175                    /usr/lib/x86_64-linux-gnu/libxcb-present.so.0.0.0
7fa0acb59000-7fa0acb5b000 r-xp 00000000 08:01 6561171                    /usr/lib/x86_64-linux-gnu/libxcb-dri3.so.0.0.0
7fa0acb5b000-7fa0acd5a000 ---p 00002000 08:01 6561171                    /usr/lib/x86_64-linux-gnu/libxcb-dri3.so.0.0.0
7fa0acd5a000-7fa0acd5b000 r--p 00001000 08:01 6561171                    /usr/lib/x86_64-linux-gnu/libxcb-dri3.so.0.0.0
7fa0acd5b000-7fa0acd5c000 rw-p 00002000 08:01 6561171                    /usr/lib/x86_64-linux-gnu/libxcb-dri3.so.0.0.0
7fa0acd5c000-7fa0acd5f000 r-xp 00000000 08:01 6561169                    /usr/lib/x86_64-linux-gnu/libxcb-dri2.so.0.0.0
7fa0acd5f000-7fa0acf5f000 ---p 00003000 08:01 6561169                    /usr/lib/x86_64-linux-gnu/libxcb-dri2.so.0.0.0
7fa0acf5f000-7fa0acf60000 r--p 00003000 08:01 6561169                    /usr/lib/x86_64-linux-gnu/libxcb-dri2.so.0.0.0
7fa0acf60000-7fa0acf61000 rw-p 00004000 08:01 6561169                    /usr/lib/x86_64-linux-gnu/libxcb-dri2.so.0.0.0
7fa0acf61000-7fa0acf76000 r-xp 00000000 08:01 6561173                    /usr/lib/x86_64-linux-gnu/libxcb-glx.so.0.0.0
7fa0acf76000-7fa0ad175000 ---p 00015000 08:01 6561173                    /usr/lib/x86_64-linux-gnu/libxcb-glx.so.0.0.0
7fa0ad175000-7fa0ad177000 r--p 00014000 08:01 6561173                    /usr/lib/x86_64-linux-gnu/libxcb-glx.so.0.0.0
7fa0ad177000-7fa0ad178000 rw-p 00016000 08:01 6561173                    /usr/lib/x86_64-linux-gnu/libxcb-glx.so.0.0.0
7fa0ad178000-7fa0ad179000 r-xp 00000000 08:01 6560229                    /usr/lib/x86_64-linux-gnu/libX11-xcb.so.1.0.0
7fa0ad179000-7fa0ad378000 ---p 00001000 08:01 6560229                    /usr/lib/x86_64-linux-gnu/libX11-xcb.so.1.0.0
7fa0ad378000-7fa0ad379000 r--p 00000000 08:01 6560229                    /usr/lib/x86_64-linux-gnu/libX11-xcb.so.1.0.0
7fa0ad379000-7fa0ad37a000 rw-p 00001000 08:01 6560229                    /usr/lib/x86_64-linux-gnu/libX11-xcb.so.1.0.0
7fa0ad37a000-7fa0ad37c000 r-xp 00000000 08:01 6560244                    /usr/lib/x86_64-linux-gnu/libXdamage.so.1.1.0
7fa0ad37c000-7fa0ad57b000 ---p 00002000 08:01 6560244                    /usr/lib/x86_64-linux-gnu/libXdamage.so.1.1.0
7fa0ad57b000-7fa0ad57c000 r--p 00001000 08:01 6560244                    /usr/lib/x86_64-linux-gnu/libXdamage.so.1.1.0
7fa0ad57c000-7fa0ad57d000 rw-p 00002000 08:01 6560244                    /usr/lib/x86_64-linux-gnu/libXdamage.so.1.1.0
7fa0ad57d000-7fa0ad5a1000 r-xp 00000000 08:01 6555725                    /usr/lib/x86_64-linux-gnu/libglapi.so.0.0.0
7fa0ad5a1000-7fa0ad7a1000 ---p 00024000 08:01 6555725                    /usr/lib/x86_64-linux-gnu/libglapi.so.0.0.0
7fa0ad7a1000-7fa0ad7a4000 r--p 00024000 08:01 6555725                    /usr/lib/x86_64-linux-gnu/libglapi.so.0.0.0
7fa0ad7a4000-7fa0ad7a5000 rw-p 00027000 08:01 6555725                    /usr/lib/x86_64-linux-gnu/libglapi.so.0.0.0
7fa0ad7a5000-7fa0ad7a6000 rw-p 00000000 00:00 0 
7fa0ad7a6000-7fa0ad832000 r-xp 00000000 08:01 6815826                    /usr/lib/x86_64-linux-gnu/mesa/libGL.so.1.2.0
7fa0ad832000-7fa0ada31000 ---p 0008c000 08:01 6815826                    /usr/lib/x86_64-linux-gnu/mesa/libGL.so.1.2.0
7fa0ada31000-7fa0ada34000 r--p 0008b000 08:01 6815826                    /usr/lib/x86_64-linux-gnu/mesa/libGL.so.1.2.0
7fa0ada34000-7fa0ada35000 rw-p 0008e000 08:01 6815826                    /usr/lib/x86_64-linux-gnu/mesa/libGL.so.1.2.0
7fa0ada35000-7fa0ada36000 rw-p 00000000 00:00 0 
7fa0ada36000-7fa0ada39000 ---p 00000000 00:00 0 
7fa0ada39000-7fa0adb37000 rw-p 00000000 00:00 0                          [stack:25578]
7fa0adb37000-7fa0adb38000 ---p 00000000 00:00 0 
7fa0adb38000-7fa0ae338000 rw-p 00000000 00:00 0                          [stack:25569]
7fa0ae338000-7fa0ae33f000 r-xp 00000000 08:01 6560881                    /usr/lib/x86_64-linux-gnu/libogg.so.0.8.1
7fa0ae33f000-7fa0ae53f000 ---p 00007000 08:01 6560881                    /usr/lib/x86_64-linux-gnu/libogg.so.0.8.1
7fa0ae53f000-7fa0ae540000 r--p 00007000 08:01 6560881                    /usr/lib/x86_64-linux-gnu/libogg.so.0.8.1
7fa0ae540000-7fa0ae541000 rw-p 00008000 08:01 6560881                    /usr/lib/x86_64-linux-gnu/libogg.so.0.8.1
7fa0ae541000-7fa0ae56d000 r-xp 00000000 08:01 6561127                    /usr/lib/x86_64-linux-gnu/libvorbis.so.0.4.5
7fa0ae56d000-7fa0ae76c000 ---p 0002c000 08:01 6561127                    /usr/lib/x86_64-linux-gnu/libvorbis.so.0.4.5
7fa0ae76c000-7fa0ae76d000 r--p 0002b000 08:01 6561127                    /usr/lib/x86_64-linux-gnu/libvorbis.so.0.4.5
7fa0ae76d000-7fa0ae76e000 rw-p 0002c000 08:01 6561127                    /usr/lib/x86_64-linux-gnu/libvorbis.so.0.4.5
7fa0ae76e000-7fa0aea21000 r-xp 00000000 08:01 6561129                    /usr/lib/x86_64-linux-gnu/libvorbisenc.so.2.0.8
7fa0aea21000-7fa0aec20000 ---p 002b3000 08:01 6561129                    /usr/lib/x86_64-linux-gnu/libvorbisenc.so.2.0.8
7fa0aec20000-7fa0aec3c000 r--p 002b2000 08:01 6561129                    /usr/lib/x86_64-linux-gnu/libvorbisenc.so.2.0.8
7fa0aec3c000-7fa0aec3d000 rw-p 002ce000 08:01 6561129                    /usr/lib/x86_64-linux-gnu/libvorbisenc.so.2.0.8
7fa0aec3d000-7fa0aec6d000 r-xp 00000000 08:01 6553868                    /usr/lib/x86_64-linux-gnu/libFLAC.so.8.3.0
7fa0aec6d000-7fa0aee6c000 ---p 00030000 08:01 6553868                    /usr/lib/x86_64-linux-gnu/libFLAC.so.8.3.0
7fa0aee6c000-7fa0aee6d000 r--p 0002f000 08:01 6553868                    /usr/lib/x86_64-linux-gnu/libFLAC.so.8.3.0
7fa0aee6d000-7fa0aee6e000 rw-p 00030000 08:01 6553868                    /usr/lib/x86_64-linux-gnu/libFLAC.so.8.3.0
7fa0aee6e000-7fa0aee73000 r-xp 00000000 08:01 6560320                    /usr/lib/x86_64-linux-gnu/libasyncns.so.0.3.1
7fa0aee73000-7fa0af072000 ---p 00005000 08:01 6560320                    /usr/lib/x86_64-linux-gnu/libasyncns.so.0.3.1
7fa0af072000-7fa0af073000 r--p 00004000 08:01 6560320                    /usr/lib/x86_64-linux-gnu/libasyncns.so.0.3.1
7fa0af073000-7fa0af074000 rw-p 00005000 08:01 6560320                    /usr/lib/x86_64-linux-gnu/libasyncns.so.0.3.1
7fa0af074000-7fa0af0d5000 r-xp 00000000 08:01 6561024                    /usr/lib/x86_64-linux-gnu/libsndfile.so.1.0.25
7fa0af0d5000-7fa0af2d5000 ---p 00061000 08:01 6561024                    /usr/lib/x86_64-linux-gnu/libsndfile.so.1.0.25
7fa0af2d5000-7fa0af2d7000 r--p 00061000 08:01 6561024                    /usr/lib/x86_64-linux-gnu/libsndfile.so.1.0.25
7fa0af2d7000-7fa0af2d8000 rw-p 00063000 08:01 6561024                    /usr/lib/x86_64-linux-gnu/libsndfile.so.1.0.25
7fa0af2d8000-7fa0af2dc000 rw-p 00000000 00:00 0 
7fa0af2dc000-7fa0af2e4000 r-xp 00000000 08:01 1577039                    /lib/x86_64-linux-gnu/libwrap.so.0.7.6
7fa0af2e4000-7fa0af4e3000 ---p 00008000 08:01 1577039                    /lib/x86_64-linux-gnu/libwrap.so.0.7.6
7fa0af4e3000-7fa0af4e4000 r--p 00007000 08:01 1577039                    /lib/x86_64-linux-gnu/libwrap.so.0.7.6
7fa0af4e4000-7fa0af4e5000 rw-p 00008000 08:01 1577039                    /lib/x86_64-linux-gnu/libwrap.so.0.7.6
7fa0af4e5000-7fa0af4e6000 rw-p 00000000 00:00 0 
7fa0af4e6000-7fa0af54c000 r-xp 00000000 08:01 6832523                    /usr/lib/x86_64-linux-gnu/pulseaudio/libpulsecommon-4.0.so
7fa0af54c000-7fa0af74b000 ---p 00066000 08:01 6832523                    /usr/lib/x86_64-linux-gnu/pulseaudio/libpulsecommon-4.0.so
7fa0af74b000-7fa0af74c000 r--p 00065000 08:01 6832523                    /usr/lib/x86_64-linux-gnu/pulseaudio/libpulsecommon-4.0.so
7fa0af74c000-7fa0af74d000 rw-p 00066000 08:01 6832523                    /usr/lib/x86_64-linux-gnu/pulseaudio/libpulsecommon-4.0.so
7fa0af74d000-7fa0af757000 r-xp 00000000 08:01 1576921                    /lib/x86_64-linux-gnu/libjson-c.so.2.0.0
7fa0af757000-7fa0af956000 ---p 0000a000 08:01 1576921                    /lib/x86_64-linux-gnu/libjson-c.so.2.0.0
7fa0af956000-7fa0af957000 r--p 00009000 08:01 1576921                    /lib/x86_64-linux-gnu/libjson-c.so.2.0.0
7fa0af957000-7fa0af958000 rw-p 0000a000 08:01 1576921                    /lib/x86_64-linux-gnu/libjson-c.so.2.0.0
7fa0af958000-7fa0af99f000 r-xp 00000000 08:01 6567042                    /usr/lib/x86_64-linux-gnu/libpulse.so.0.16.2
7fa0af99f000-7fa0afb9f000 ---p 00047000 08:01 6567042                    /usr/lib/x86_64-linux-gnu/libpulse.so.0.16.2
7fa0afb9f000-7fa0afba0000 r--p 00047000 08:01 6567042                    /usr/lib/x86_64-linux-gnu/libpulse.so.0.16.2
7fa0afba0000-7fa0afba1000 rw-p 00048000 08:01 6567042                    /usr/lib/x86_64-linux-gnu/libpulse.so.0.16.2
7fa0afba1000-7fa0afbf6000 r-xp 00000000 08:01 6030075                    /tmp/libgdxsam/31ce78a2/libopenal64.so
7fa0afbf6000-7fa0afdf5000 ---p 00055000 08:01 6030075                    /tmp/libgdxsam/31ce78a2/libopenal64.so
7fa0afdf5000-7fa0afdf8000 r--p 00054000 08:01 6030075                    /tmp/libgdxsam/31ce78a2/libopenal64.so
7fa0afdf8000-7fa0afdf9000 rw-p 00057000 08:01 6030075                    /tmp/libgdxsam/31ce78a2/libopenal64.so
7fa0afdf9000-7fa0afdfa000 rw-p 00000000 00:00 0 
7fa0afdfa000-7fa0afdfe000 r-xp 00000000 08:01 6560286                    /usr/lib/x86_64-linux-gnu/libXxf86vm.so.1.0.0
7fa0afdfe000-7fa0afffe000 ---p 00004000 08:01 6560286                    /usr/lib/x86_64-linux-gnu/libXxf86vm.so.1.0.0
7fa0afffe000-7fa0affff000 r--p 00004000 08:01 6560286                    /usr/lib/x86_64-linux-gnu/libXxf86vm.so.1.0.0
7fa0affff000-7fa0b0000000 rw-p 00005000 08:01 6560286                    /usr/lib/x86_64-linux-gnu/libXxf86vm.so.1.0.0
7fa0b0000000-7fa0b0021000 rw-p 00000000 00:00 0 
7fa0b0021000-7fa0b4000000 ---p 00000000 00:00 0 
7fa0b4000000-7fa0b4021000 rw-p 00000000 00:00 0 
7fa0b4021000-7fa0b8000000 ---p 00000000 00:00 0 
7fa0b8000000-7fa0b82d1000 rw-p 00000000 00:00 0 
7fa0b82d1000-7fa0bc000000 ---p 00000000 00:00 0 
7fa0bc000000-7fa0bc021000 rw-p 00000000 00:00 0 
7fa0bc021000-7fa0c0000000 ---p 00000000 00:00 0 
7fa0c0000000-7fa0c0021000 rw-p 00000000 00:00 0 
7fa0c0021000-7fa0c4000000 ---p 00000000 00:00 0 
7fa0c4000000-7fa0c4173000 rw-p 00000000 00:00 0 
7fa0c4173000-7fa0c8000000 ---p 00000000 00:00 0 
7fa0c8000000-7fa0c8021000 rw-p 00000000 00:00 0 
7fa0c8021000-7fa0cc000000 ---p 00000000 00:00 0 
7fa0cc000000-7fa0cc021000 rw-p 00000000 00:00 0 
7fa0cc021000-7fa0d0000000 ---p 00000000 00:00 0 
7fa0d0000000-7fa0d0021000 rw-p 00000000 00:00 0 
7fa0d0021000-7fa0d4000000 ---p 00000000 00:00 0 
7fa0d4000000-7fa0d4021000 rw-p 00000000 00:00 0 
7fa0d4021000-7fa0d8000000 ---p 00000000 00:00 0 
7fa0d8000000-7fa0d8021000 rw-p 00000000 00:00 0 
7fa0d8021000-7fa0dc000000 ---p 00000000 00:00 0 
7fa0dc09a000-7fa0dc09b000 ---p 00000000 00:00 0 
7fa0dc09b000-7fa0dc19b000 rw-p 00000000 00:00 0                          [stack:25572]
7fa0dc19b000-7fa0dc1a4000 r-xp 00000000 08:01 6560268                    /usr/lib/x86_64-linux-gnu/libXrandr.so.2.2.0
7fa0dc1a4000-7fa0dc3a3000 ---p 00009000 08:01 6560268                    /usr/lib/x86_64-linux-gnu/libXrandr.so.2.2.0
7fa0dc3a3000-7fa0dc3a4000 r--p 00008000 08:01 6560268                    /usr/lib/x86_64-linux-gnu/libXrandr.so.2.2.0
7fa0dc3a4000-7fa0dc3a5000 rw-p 00009000 08:01 6560268                    /usr/lib/x86_64-linux-gnu/libXrandr.so.2.2.0
7fa0dc3a5000-7fa0dc415000 r-xp 00000000 08:01 6030074                    /tmp/libgdxsam/31ce78a2/liblwjgl64.so
7fa0dc415000-7fa0dc615000 ---p 00070000 08:01 6030074                    /tmp/libgdxsam/31ce78a2/liblwjgl64.so
7fa0dc615000-7fa0dc617000 r--p 00070000 08:01 6030074                    /tmp/libgdxsam/31ce78a2/liblwjgl64.so
7fa0dc617000-7fa0dc618000 rw-p 00072000 08:01 6030074                    /tmp/libgdxsam/31ce78a2/liblwjgl64.so
7fa0dc618000-7fa0dc619000 r-xp 00000000 08:01 6693346                    /usr/lib/jvm/java-7-openjdk-amd64/jre/lib/amd64/libjawt.so
7fa0dc619000-7fa0dc818000 ---p 00001000 08:01 6693346                    /usr/lib/jvm/java-7-openjdk-amd64/jre/lib/amd64/libjawt.so
7fa0dc818000-7fa0dc819000 r--p 00000000 08:01 6693346                    /usr/lib/jvm/java-7-openjdk-amd64/jre/lib/amd64/libjawt.so
7fa0dc819000-7fa0dc81a000 rw-p 00001000 08:01 6693346                    /usr/lib/jvm/java-7-openjdk-amd64/jre/lib/amd64/libjawt.so
7fa0dc81a000-7fa0dc81d000 ---p 00000000 00:00 0 
7fa0dc81d000-7fa0dc91b000 rw-p 00000000 00:00 0                          [stack:25563]
7fa0dc91b000-7fa0dc920000 r-xp 00000000 08:01 6560250                    /usr/lib/x86_64-linux-gnu/libXfixes.so.3.1.0
7fa0dc920000-7fa0dcb1f000 ---p 00005000 08:01 6560250                    /usr/lib/x86_64-linux-gnu/libXfixes.so.3.1.0
7fa0dcb1f000-7fa0dcb20000 r--p 00004000 08:01 6560250                    /usr/lib/x86_64-linux-gnu/libXfixes.so.3.1.0
7fa0dcb20000-7fa0dcb21000 rw-p 00005000 08:01 6560250                    /usr/lib/x86_64-linux-gnu/libXfixes.so.3.1.0
7fa0dcb21000-7fa0dcb2a000 r-xp 00000000 08:01 6560242                    /usr/lib/x86_64-linux-gnu/libXcursor.so.1.0.2
7fa0dcb2a000-7fa0dcd29000 ---p 00009000 08:01 6560242                    /usr/lib/x86_64-linux-gnu/libXcursor.so.1.0.2
7fa0dcd29000-7fa0dcd2a000 r--p 00008000 08:01 6560242                    /usr/lib/x86_64-linux-gnu/libXcursor.so.1.0.2
7fa0dcd2a000-7fa0dcd2b000 rw-p 00009000 08:01 6560242                    /usr/lib/x86_64-linux-gnu/libXcursor.so.1.0.2
7fa0dcd2b000-7fa0dcd2f000 r-xp 00000000 08:01 1576914                    /lib/x86_64-linux-gnu/libgpg-error.so.0.10.0
7fa0dcd2f000-7fa0dcf2e000 ---p 00004000 08:01 1576914                    /lib/x86_64-linux-gnu/libgpg-error.so.0.10.0
7fa0dcf2e000-7fa0dcf2f000 r--p 00003000 08:01 1576914                    /lib/x86_64-linux-gnu/libgpg-error.so.0.10.0
7fa0dcf2f000-7fa0dcf30000 rw-p 00004000 08:01 1576914                    /lib/x86_64-linux-gnu/libgpg-error.so.0.10.0
7fa0dcf30000-7fa0dcf32000 r-xp 00000000 08:01 1576924                    /lib/x86_64-linux-gnu/libkeyutils.so.1.4
7fa0dcf32000-7fa0dd132000 ---p 00002000 08:01 1576924                    /lib/x86_64-linux-gnu/libkeyutils.so.1.4
7fa0dd132000-7fa0dd133000 r--p 00002000 08:01 1576924                    /lib/x86_64-linux-gnu/libkeyutils.so.1.4
7fa0dd133000-7fa0dd134000 rw-p 00003000 08:01 1576924                    /lib/x86_64-linux-gnu/libkeyutils.so.1.4
7fa0dd134000-7fa0dd171000 r-xp 00000000 08:01 1576984                    /lib/x86_64-linux-gnu/libpcre.so.3.13.1
7fa0dd171000-7fa0dd370000 ---p 0003d000 08:01 1576984                    /lib/x86_64-linux-gnu/libpcre.so.3.13.1
7fa0dd370000-7fa0dd371000 r--p 0003c000 08:01 1576984                    /lib/x86_64-linux-gnu/libpcre.so.3.13.1
7fa0dd371000-7fa0dd372000 rw-p 0003d000 08:01 1576984                    /lib/x86_64-linux-gnu/libpcre.so.3.13.1
7fa0dd372000-7fa0dd397000 r-xp 00000000 08:01 1576996                    /lib/x86_64-linux-gnu/libpng12.so.0.50.0
7fa0dd397000-7fa0dd596000 ---p 00025000 08:01 1576996                    /lib/x86_64-linux-gnu/libpng12.so.0.50.0
7fa0dd596000-7fa0dd597000 r--p 00024000 08:01 1576996                    /lib/x86_64-linux-gnu/libpng12.so.0.50.0
7fa0dd597000-7fa0dd598000 rw-p 00025000 08:01 1576996                    /lib/x86_64-linux-gnu/libpng12.so.0.50.0
7fa0dd598000-7fa0dd5dc000 r-xp 00000000 08:01 1576909                    /lib/x86_64-linux-gnu/libdbus-1.so.3.7.6
7fa0dd5dc000-7fa0dd7db000 ---p 00044000 08:01 1576909                    /lib/x86_64-linux-gnu/libdbus-1.so.3.7.6
7fa0dd7db000-7fa0dd7dc000 r--p 00043000 08:01 1576909                    /lib/x86_64-linux-gnu/libdbus-1.so.3.7.6
7fa0dd7dc000-7fa0dd7dd000 rw-p 00044000 08:01 1576909                    /lib/x86_64-linux-gnu/libdbus-1.so.3.7.6
7fa0dd7dd000-7fa0dd818000 r-xp 00000000 08:01 6560891                    /usr/lib/x86_64-linux-gnu/libp11-kit.so.0.0.0
7fa0dd818000-7fa0dda17000 ---p 0003b000 08:01 6560891                    /usr/lib/x86_64-linux-gnu/libp11-kit.so.0.0.0
7fa0dda17000-7fa0dda1d000 r--p 0003a000 08:01 6560891                    /usr/lib/x86_64-linux-gnu/libp11-kit.so.0.0.0
7fa0dda1d000-7fa0dda1f000 rw-p 00040000 08:01 6560891                    /usr/lib/x86_64-linux-gnu/libp11-kit.so.0.0.0
7fa0dda1f000-7fa0dda31000 r-xp 00000000 08:01 6561058                    /usr/lib/x86_64-linux-gnu/libtasn1.so.6.2.0
7fa0dda31000-7fa0ddc31000 ---p 00012000 08:01 6561058                    /usr/lib/x86_64-linux-gnu/libtasn1.so.6.2.0
7fa0ddc31000-7fa0ddc32000 r--p 00012000 08:01 6561058                    /usr/lib/x86_64-linux-gnu/libtasn1.so.6.2.0
7fa0ddc32000-7fa0ddc33000 rw-p 00013000 08:01 6561058                    /usr/lib/x86_64-linux-gnu/libtasn1.so.6.2.0
7fa0ddc33000-7fa0ddcaf000 r-xp 00000000 08:01 1576887                    /lib/x86_64-linux-gnu/libgcrypt.so.11.8.2
7fa0ddcaf000-7fa0ddeae000 ---p 0007c000 08:01 1576887                    /lib/x86_64-linux-gnu/libgcrypt.so.11.8.2
7fa0ddeae000-7fa0ddeaf000 r--p 0007b000 08:01 1576887                    /lib/x86_64-linux-gnu/libgcrypt.so.11.8.2
7fa0ddeaf000-7fa0ddeb2000 rw-p 0007c000 08:01 1576887                    /lib/x86_64-linux-gnu/libgcrypt.so.11.8.2
7fa0ddeb2000-7fa0ddebc000 r-xp 00000000 08:01 6553980                    /usr/lib/x86_64-linux-gnu/libkrb5support.so.0.1
7fa0ddebc000-7fa0de0bb000 ---p 0000a000 08:01 6553980                    /usr/lib/x86_64-linux-gnu/libkrb5support.so.0.1
7fa0de0bb000-7fa0de0bc000 r--p 00009000 08:01 6553980                    /usr/lib/x86_64-linux-gnu/libkrb5support.so.0.1
7fa0de0bc000-7fa0de0bd000 rw-p 0000a000 08:01 6553980                    /usr/lib/x86_64-linux-gnu/libkrb5support.so.0.1
7fa0de0bd000-7fa0de0c0000 r-xp 00000000 08:01 1576890                    /lib/x86_64-linux-gnu/libcom_err.so.2.1
7fa0de0c0000-7fa0de2bf000 ---p 00003000 08:01 1576890                    /lib/x86_64-linux-gnu/libcom_err.so.2.1
7fa0de2bf000-7fa0de2c0000 r--p 00002000 08:01 1576890                    /lib/x86_64-linux-gnu/libcom_err.so.2.1
7fa0de2c0000-7fa0de2c1000 rw-p 00003000 08:01 1576890                    /lib/x86_64-linux-gnu/libcom_err.so.2.1
7fa0de2c1000-7fa0de2ed000 r-xp 00000000 08:01 6553627                    /usr/lib/x86_64-linux-gnu/libk5crypto.so.3.1
7fa0de2ed000-7fa0de4ec000 ---p 0002c000 08:01 6553627                    /usr/lib/x86_64-linux-gnu/libk5crypto.so.3.1
7fa0de4ec000-7fa0de4ee000 r--p 0002b000 08:01 6553627                    /usr/lib/x86_64-linux-gnu/libk5crypto.so.3.1
7fa0de4ee000-7fa0de4ef000 rw-p 0002d000 08:01 6553627                    /usr/lib/x86_64-linux-gnu/libk5crypto.so.3.1
7fa0de4ef000-7fa0de4f0000 rw-p 00000000 00:00 0 
7fa0de4f0000-7fa0de5ac000 r-xp 00000000 08:01 6553829                    /usr/lib/x86_64-linux-gnu/libkrb5.so.3.3
7fa0de5ac000-7fa0de7ac000 ---p 000bc000 08:01 6553829                    /usr/lib/x86_64-linux-gnu/libkrb5.so.3.3
7fa0de7ac000-7fa0de7b9000 r--p 000bc000 08:01 6553829                    /usr/lib/x86_64-linux-gnu/libkrb5.so.3.3
7fa0de7b9000-7fa0de7bb000 rw-p 000c9000 08:01 6553829                    /usr/lib/x86_64-linux-gnu/libkrb5.so.3.3
7fa0de7bb000-7fa0de7c0000 r-xp 00000000 08:01 6560246                    /usr/lib/x86_64-linux-gnu/libXdmcp.so.6.0.0
7fa0de7c0000-7fa0de9bf000 ---p 00005000 08:01 6560246                    /usr/lib/x86_64-linux-gnu/libXdmcp.so.6.0.0
7fa0de9bf000-7fa0de9c0000 r--p 00004000 08:01 6560246                    /usr/lib/x86_64-linux-gnu/libXdmcp.so.6.0.0
7fa0de9c0000-7fa0de9c1000 rw-p 00005000 08:01 6560246                    /usr/lib/x86_64-linux-gnu/libXdmcp.so.6.0.0
7fa0de9c1000-7fa0de9c3000 r-xp 00000000 08:01 6560235                    /usr/lib/x86_64-linux-gnu/libXau.so.6.0.0
7fa0de9c3000-7fa0debc3000 ---p 00002000 08:01 6560235                    /usr/lib/x86_64-linux-gnu/libXau.so.6.0.0
7fa0debc3000-7fa0debc4000 r--p 00002000 08:01 6560235                    /usr/lib/x86_64-linux-gnu/libXau.so.6.0.0
7fa0debc4000-7fa0debc5000 rw-p 00003000 08:01 6560235                    /usr/lib/x86_64-linux-gnu/libXau.so.6.0.0
7fa0debc5000-7fa0debcc000 r-xp 00000000 08:01 6560491                    /usr/lib/x86_64-linux-gnu/libffi.so.6.0.1
7fa0debcc000-7fa0dedcb000 ---p 00007000 08:01 6560491                    /usr/lib/x86_64-linux-gnu/libffi.so.6.0.1
7fa0dedcb000-7fa0dedcc000 r--p 00006000 08:01 6560491                    /usr/lib/x86_64-linux-gnu/libffi.so.6.0.1
7fa0dedcc000-7fa0dedcd000 rw-p 00007000 08:01 6560491                    /usr/lib/x86_64-linux-gnu/libffi.so.6.0.1
7fa0dedcd000-7fa0dede4000 r-xp 00000000 08:01 1573175                    /lib/x86_64-linux-gnu/libresolv-2.19.so
7fa0dede4000-7fa0defe4000 ---p 00017000 08:01 1573175                    /lib/x86_64-linux-gnu/libresolv-2.19.so
7fa0defe4000-7fa0defe5000 r--p 00017000 08:01 1573175                    /lib/x86_64-linux-gnu/libresolv-2.19.so
7fa0defe5000-7fa0defe6000 rw-p 00018000 08:01 1573175                    /lib/x86_64-linux-gnu/libresolv-2.19.so
7fa0defe6000-7fa0defe8000 rw-p 00000000 00:00 0 
7fa0defe8000-7fa0df008000 r-xp 00000000 08:01 1577011                    /lib/x86_64-linux-gnu/libselinux.so.1
7fa0df008000-7fa0df207000 ---p 00020000 08:01 1577011                    /lib/x86_64-linux-gnu/libselinux.so.1
7fa0df207000-7fa0df208000 r--p 0001f000 08:01 1577011                    /lib/x86_64-linux-gnu/libselinux.so.1
7fa0df208000-7fa0df209000 rw-p 00020000 08:01 1577011                    /lib/x86_64-linux-gnu/libselinux.so.1
7fa0df209000-7fa0df20b000 rw-p 00000000 00:00 0 
7fa0df20b000-7fa0df311000 r-xp 00000000 08:01 1576804                    /lib/x86_64-linux-gnu/libglib-2.0.so.0.4002.0
7fa0df311000-7fa0df510000 ---p 00106000 08:01 1576804                    /lib/x86_64-linux-gnu/libglib-2.0.so.0.4002.0
7fa0df510000-7fa0df511000 r--p 00105000 08:01 1576804                    /lib/x86_64-linux-gnu/libglib-2.0.so.0.4002.0
7fa0df511000-7fa0df512000 rw-p 00106000 08:01 1576804                    /lib/x86_64-linux-gnu/libglib-2.0.so.0.4002.0
7fa0df512000-7fa0df513000 rw-p 00000000 00:00 0 
7fa0df513000-7fa0df516000 r-xp 00000000 08:01 6553944                    /usr/lib/x86_64-linux-gnu/libgmodule-2.0.so.0.4002.0
7fa0df516000-7fa0df715000 ---p 00003000 08:01 6553944                    /usr/lib/x86_64-linux-gnu/libgmodule-2.0.so.0.4002.0
7fa0df715000-7fa0df716000 r--p 00002000 08:01 6553944                    /usr/lib/x86_64-linux-gnu/libgmodule-2.0.so.0.4002.0
7fa0df716000-7fa0df717000 rw-p 00003000 08:01 6553944                    /usr/lib/x86_64-linux-gnu/libgmodule-2.0.so.0.4002.0
7fa0df717000-7fa0df73e000 r-xp 00000000 08:01 1576903                    /lib/x86_64-linux-gnu/libexpat.so.1.6.0
7fa0df73e000-7fa0df93e000 ---p 00027000 08:01 1576903                    /lib/x86_64-linux-gnu/libexpat.so.1.6.0
7fa0df93e000-7fa0df940000 r--p 00027000 08:01 1576903                    /lib/x86_64-linux-gnu/libexpat.so.1.6.0
7fa0df940000-7fa0df941000 rw-p 00029000 08:01 1576903                    /lib/x86_64-linux-gnu/libexpat.so.1.6.0
7fa0df941000-7fa0df9dd000 r-xp 00000000 08:01 6554765                    /usr/lib/x86_64-linux-gnu/libfreetype.so.6.11.1
7fa0df9dd000-7fa0dfbdc000 ---p 0009c000 08:01 6554765                    /usr/lib/x86_64-linux-gnu/libfreetype.so.6.11.1
7fa0dfbdc000-7fa0dfbe2000 r--p 0009b000 08:01 6554765                    /usr/lib/x86_64-linux-gnu/libfreetype.so.6.11.1
7fa0dfbe2000-7fa0dfbe3000 rw-p 000a1000 08:01 6554765                    /usr/lib/x86_64-linux-gnu/libfreetype.so.6.11.1
7fa0dfbe3000-7fa0dfbf2000 r-xp 00000000 08:01 6560332                    /usr/lib/x86_64-linux-gnu/libavahi-client.so.3.2.9
7fa0dfbf2000-7fa0dfdf2000 ---p 0000f000 08:01 6560332                    /usr/lib/x86_64-linux-gnu/libavahi-client.so.3.2.9
7fa0dfdf2000-7fa0dfdf3000 r--p 0000f000 08:01 6560332                    /usr/lib/x86_64-linux-gnu/libavahi-client.so.3.2.9
7fa0dfdf3000-7fa0dfdf4000 rw-p 00010000 08:01 6560332                    /usr/lib/x86_64-linux-gnu/libavahi-client.so.3.2.9
7fa0dfdf4000-7fa0dfdff000 r-xp 00000000 08:01 6560334                    /usr/lib/x86_64-linux-gnu/libavahi-common.so.3.5.3
7fa0dfdff000-7fa0dfffe000 ---p 0000b000 08:01 6560334                    /usr/lib/x86_64-linux-gnu/libavahi-common.so.3.5.3
7fa0dfffe000-7fa0dffff000 r--p 0000a000 08:01 6560334                    /usr/lib/x86_64-linux-gnu/libavahi-common.so.3.5.3
7fa0dffff000-7fa0e0000000 rw-p 0000b000 08:01 6560334                    /usr/lib/x86_64-linux-gnu/libavahi-common.so.3.5.3
7fa0e0000000-7fa0e0021000 rw-p 00000000 00:00 0 
7fa0e0021000-7fa0e4000000 ---p 00000000 00:00 0 
7fa0e4019000-7fa0e401c000 ---p 00000000 00:00 0 
7fa0e401c000-7fa0e4052000 rw-p 00000000 00:00 0                          [stack:25583]
7fa0e4052000-7fa0e4055000 ---p 00000000 00:00 0 
7fa0e4055000-7fa0e4153000 rw-p 00000000 00:00 0                          [stack:25560]
7fa0e4153000-7fa0e4209000 r-xp 00000000 08:01 6560588                    /usr/lib/x86_64-linux-gnu/libgnutls.so.26.22.6
7fa0e4209000-7fa0e4409000 ---p 000b6000 08:01 6560588                    /usr/lib/x86_64-linux-gnu/libgnutls.so.26.22.6
7fa0e4409000-7fa0e440f000 r--p 000b6000 08:01 6560588                    /usr/lib/x86_64-linux-gnu/libgnutls.so.26.22.6
7fa0e440f000-7fa0e4410000 rw-p 000bc000 08:01 6560588                    /usr/lib/x86_64-linux-gnu/libgnutls.so.26.22.6
7fa0e4410000-7fa0e4411000 rw-p 00000000 00:00 0 
7fa0e4411000-7fa0e4454000 r-xp 00000000 08:01 6553662                    /usr/lib/x86_64-linux-gnu/libgssapi_krb5.so.2.2
7fa0e4454000-7fa0e4654000 ---p 00043000 08:01 6553662                    /usr/lib/x86_64-linux-gnu/libgssapi_krb5.so.2.2
7fa0e4654000-7fa0e4655000 r--p 00043000 08:01 6553662                    /usr/lib/x86_64-linux-gnu/libgssapi_krb5.so.2.2
7fa0e4655000-7fa0e4657000 rw-p 00044000 08:01 6553662                    /usr/lib/x86_64-linux-gnu/libgssapi_krb5.so.2.2
7fa0e4657000-7fa0e4674000 r-xp 00000000 08:01 6561189                    /usr/lib/x86_64-linux-gnu/libxcb.so.1.1.0
7fa0e4674000-7fa0e4874000 ---p 0001d000 08:01 6561189                    /usr/lib/x86_64-linux-gnu/libxcb.so.1.1.0
7fa0e4874000-7fa0e4875000 r--p 0001d000 08:01 6561189                    /usr/lib/x86_64-linux-gnu/libxcb.so.1.1.0
7fa0e4875000-7fa0e4876000 rw-p 0001e000 08:01 6561189                    /usr/lib/x86_64-linux-gnu/libxcb.so.1.1.0
7fa0e4876000-7fa0e48c5000 r-xp 00000000 08:01 6553965                    /usr/lib/x86_64-linux-gnu/libgobject-2.0.so.0.4002.0
7fa0e48c5000-7fa0e4ac5000 ---p 0004f000 08:01 6553965                    /usr/lib/x86_64-linux-gnu/libgobject-2.0.so.0.4002.0
7fa0e4ac5000-7fa0e4ac6000 r--p 0004f000 08:01 6553965                    /usr/lib/x86_64-linux-gnu/libgobject-2.0.so.0.4002.0
7fa0e4ac6000-7fa0e4ac7000 rw-p 00050000 08:01 6553965                    /usr/lib/x86_64-linux-gnu/libgobject-2.0.so.0.4002.0
7fa0e4ac7000-7fa0e4c33000 r-xp 00000000 08:01 6553968                    /usr/lib/x86_64-linux-gnu/libgio-2.0.so.0.4002.0
7fa0e4c33000-7fa0e4e32000 ---p 0016c000 08:01 6553968                    /usr/lib/x86_64-linux-gnu/libgio-2.0.so.0.4002.0
7fa0e4e32000-7fa0e4e36000 r--p 0016b000 08:01 6553968                    /usr/lib/x86_64-linux-gnu/libgio-2.0.so.0.4002.0
7fa0e4e36000-7fa0e4e38000 rw-p 0016f000 08:01 6553968                    /usr/lib/x86_64-linux-gnu/libgio-2.0.so.0.4002.0
7fa0e4e38000-7fa0e4e3a000 rw-p 00000000 00:00 0 
7fa0e4e3a000-7fa0e4e74000 r-xp 00000000 08:01 6560499                    /usr/lib/x86_64-linux-gnu/libfontconfig.so.1.8.0
7fa0e4e74000-7fa0e5073000 ---p 0003a000 08:01 6560499                    /usr/lib/x86_64-linux-gnu/libfontconfig.so.1.8.0
7fa0e5073000-7fa0e5075000 r--p 00039000 08:01 6560499                    /usr/lib/x86_64-linux-gnu/libfontconfig.so.1.8.0
7fa0e5075000-7fa0e5076000 rw-p 0003b000 08:01 6560499                    /usr/lib/x86_64-linux-gnu/libfontconfig.so.1.8.0
7fa0e5076000-7fa0e50e2000 r-xp 00000000 08:01 6554184                    /usr/lib/x86_64-linux-gnu/libcups.so.2
7fa0e50e2000-7fa0e52e2000 ---p 0006c000 08:01 6554184                    /usr/lib/x86_64-linux-gnu/libcups.so.2
7fa0e52e2000-7fa0e52e9000 r--p 0006c000 08:01 6554184                    /usr/lib/x86_64-linux-gnu/libcups.so.2
7fa0e52e9000-7fa0e52ea000 rw-p 00073000 08:01 6554184                    /usr/lib/x86_64-linux-gnu/libcups.so.2
7fa0e52ea000-7fa0e52f9000 r-xp 00000000 08:01 6560256                    /usr/lib/x86_64-linux-gnu/libXi.so.6.1.0
7fa0e52f9000-7fa0e54f8000 ---p 0000f000 08:01 6560256                    /usr/lib/x86_64-linux-gnu/libXi.so.6.1.0
7fa0e54f8000-7fa0e54f9000 r--p 0000e000 08:01 6560256                    /usr/lib/x86_64-linux-gnu/libXi.so.6.1.0
7fa0e54f9000-7fa0e54fa000 rw-p 0000f000 08:01 6560256                    /usr/lib/x86_64-linux-gnu/libXi.so.6.1.0
7fa0e54fa000-7fa0e54ff000 r-xp 00000000 08:01 6560276                    /usr/lib/x86_64-linux-gnu/libXtst.so.6.1.0
7fa0e54ff000-7fa0e56fe000 ---p 00005000 08:01 6560276                    /usr/lib/x86_64-linux-gnu/libXtst.so.6.1.0
7fa0e56fe000-7fa0e56ff000 r--p 00004000 08:01 6560276                    /usr/lib/x86_64-linux-gnu/libXtst.so.6.1.0
7fa0e56ff000-7fa0e5700000 rw-p 00005000 08:01 6560276                    /usr/lib/x86_64-linux-gnu/libXtst.so.6.1.0
7fa0e5700000-7fa0e5709000 r-xp 00000000 08:01 6560270                    /usr/lib/x86_64-linux-gnu/libXrender.so.1.3.0
7fa0e5709000-7fa0e5908000 ---p 00009000 08:01 6560270                    /usr/lib/x86_64-linux-gnu/libXrender.so.1.3.0
7fa0e5908000-7fa0e5909000 r--p 00008000 08:01 6560270                    /usr/lib/x86_64-linux-gnu/libXrender.so.1.3.0
7fa0e5909000-7fa0e590a000 rw-p 00009000 08:01 6560270                    /usr/lib/x86_64-linux-gnu/libXrender.so.1.3.0
7fa0e590a000-7fa0e5a3a000 r-xp 00000000 08:01 6560231                    /usr/lib/x86_64-linux-gnu/libX11.so.6.3.0
7fa0e5a3a000-7fa0e5c3a000 ---p 00130000 08:01 6560231                    /usr/lib/x86_64-linux-gnu/libX11.so.6.3.0
7fa0e5c3a000-7fa0e5c3b000 r--p 00130000 08:01 6560231                    /usr/lib/x86_64-linux-gnu/libX11.so.6.3.0
7fa0e5c3b000-7fa0e5c3f000 rw-p 00131000 08:01 6560231                    /usr/lib/x86_64-linux-gnu/libX11.so.6.3.0
7fa0e5c3f000-7fa0e5c50000 r-xp 00000000 08:01 6560248                    /usr/lib/x86_64-linux-gnu/libXext.so.6.4.0
7fa0e5c50000-7fa0e5e4f000 ---p 00011000 08:01 6560248                    /usr/lib/x86_64-linux-gnu/libXext.so.6.4.0
7fa0e5e4f000-7fa0e5e50000 r--p 00010000 08:01 6560248                    /usr/lib/x86_64-linux-gnu/libXext.so.6.4.0
7fa0e5e50000-7fa0e5e51000 rw-p 00011000 08:01 6560248                    /usr/lib/x86_64-linux-gnu/libXext.so.6.4.0
7fa0e5e58000-7fa0e5e59000 rw-p 00000000 00:00 0 
7fa0e5e59000-7fa0e5e5a000 rwxp 00000000 00:00 0 
7fa0e5e5a000-7fa0e5e61000 r--s 00000000 08:01 6828946                    /usr/lib/x86_64-linux-gnu/gconv/gconv-modules.cache
7fa0e5e61000-7fa0e5e62000 r--p 00000000 08:01 274190                     /usr/share/locale-langpack/en_GB/LC_MESSAGES/pulseaudio.mo
7fa0e5e62000-7fa0e5e6b000 r--s 000b9000 08:01 6691736                    /usr/lib/jvm/java-7-openjdk-amd64/jre/lib/resources.jar
7fa0e5e6b000-7fa0e5eb3000 r-xp 00000000 08:01 6953847                    /usr/lib/jvm/java-7-openjdk-amd64/jre/lib/amd64/xawt/libmawt.so
7fa0e5eb3000-7fa0e60b2000 ---p 00048000 08:01 6953847                    /usr/lib/jvm/java-7-openjdk-amd64/jre/lib/amd64/xawt/libmawt.so
7fa0e60b2000-7fa0e60b3000 r--p 00047000 08:01 6953847                    /usr/lib/jvm/java-7-openjdk-amd64/jre/lib/amd64/xawt/libmawt.so
7fa0e60b3000-7fa0e60b6000 rw-p 00048000 08:01 6953847                    /usr/lib/jvm/java-7-openjdk-amd64/jre/lib/amd64/xawt/libmawt.so
7fa0e60b6000-7fa0e60b7000 rw-p 00000000 00:00 0 
7fa0e60b7000-7fa0e6157000 r-xp 00000000 08:01 6691898                    /usr/lib/jvm/java-7-openjdk-amd64/jre/lib/amd64/libawt.so
7fa0e6157000-7fa0e6357000 ---p 000a0000 08:01 6691898                    /usr/lib/jvm/java-7-openjdk-amd64/jre/lib/amd64/libawt.so
7fa0e6357000-7fa0e6358000 r--p 000a0000 08:01 6691898                    /usr/lib/jvm/java-7-openjdk-amd64/jre/lib/amd64/libawt.so
7fa0e6358000-7fa0e6363000 rw-p 000a1000 08:01 6691898                    /usr/lib/jvm/java-7-openjdk-amd64/jre/lib/amd64/libawt.so
7fa0e6363000-7fa0e6388000 rw-p 00000000 00:00 0 
7fa0e6388000-7fa0e6392000 r--s 00203000 08:01 6691740                    /usr/lib/jvm/java-7-openjdk-amd64/jre/lib/charsets.jar
7fa0e6392000-7fa0e6396000 r--s 0004d000 08:01 6691737                    /usr/lib/jvm/java-7-openjdk-amd64/jre/lib/jsse.jar
7fa0e6396000-7fa0e63cd000 r-xp 00000000 08:01 6030072                    /tmp/libgdxsam/21af1f22/libgdx64.so
7fa0e63cd000-7fa0e65cc000 ---p 00037000 08:01 6030072                    /tmp/libgdxsam/21af1f22/libgdx64.so
7fa0e65cc000-7fa0e65cd000 r--p 00036000 08:01 6030072                    /tmp/libgdxsam/21af1f22/libgdx64.so
7fa0e65cd000-7fa0e65ce000 rw-p 00037000 08:01 6030072                    /tmp/libgdxsam/21af1f22/libgdx64.so
7fa0e65ce000-7fa0e65ef000 r--s 00162000 08:01 6029487                    /home/sam/.gradle/caches/modules-2/files-2.1/org.mockito/mockito-all/1.9.5/79a8984096fc6591c1e3690e07d41be506356fa5/mockito-all-1.9.5.jar
7fa0e65ef000-7fa0e65f3000 r--s 00027000 08:01 6030783                    /home/sam/.gradle/caches/modules-2/files-2.1/org.lwjgl.lwjgl/lwjgl_util/2.9.2/4b9e37300a87799856e0bd15ed81663cdb6b0947/lwjgl_util-2.9.2.jar
7fa0e65f3000-7fa0e6601000 r--s 000f2000 08:01 6030782                    /home/sam/.gradle/caches/modules-2/files-2.1/org.lwjgl.lwjgl/lwjgl/2.9.2/a9d80fe5935c7a9149f6584d9777cfd471f65489/lwjgl-2.9.2.jar
7fa0e6601000-7fa0e6602000 ---p 00000000 00:00 0 
7fa0e6602000-7fa0e6702000 rw-p 00000000 00:00 0                          [stack:25530]
7fa0e6702000-7fa0e6705000 ---p 00000000 00:00 0 
7fa0e6705000-7fa0e6803000 rw-p 00000000 00:00 0                          [stack:25529]
7fa0e6803000-7fa0e6806000 ---p 00000000 00:00 0 
7fa0e6806000-7fa0e6904000 rw-p 00000000 00:00 0                          [stack:25528]
7fa0e6904000-7fa0e6907000 ---p 00000000 00:00 0 
7fa0e6907000-7fa0e6a05000 rw-p 00000000 00:00 0                          [stack:25527]
7fa0e6a05000-7fa0e6a08000 ---p 00000000 00:00 0 
7fa0e6a08000-7fa0e6b06000 rw-p 00000000 00:00 0                          [stack:25526]
7fa0e6b06000-7fa0e74d4000 r--p 00000000 08:01 6558446                    /usr/lib/locale/locale-archive
7fa0e74d4000-7fa0e74d7000 ---p 00000000 00:00 0 
7fa0e74d7000-7fa0e75d5000 rw-p 00000000 00:00 0                          [stack:25520]
7fa0e75d5000-7fa0e75d8000 ---p 00000000 00:00 0 
7fa0e75d8000-7fa0e76d6000 rw-p 00000000 00:00 0                          [stack:25518]
7fa0e76d6000-7fa0e76d7000 ---p 00000000 00:00 0 
7fa0e76d7000-7fa0e8000000 rw-p 00000000 00:00 0                          [stack:25517]
7fa0e8000000-7fa0e8021000 rw-p 00000000 00:00 0 
7fa0e8021000-7fa0ec000000 ---p 00000000 00:00 0 
7fa0ec000000-7fa0ec001000 r--p 00000000 08:01 275304                     /usr/share/locale-langpack/en_GB/LC_MESSAGES/libc.mo
7fa0ec001000-7fa0ec002000 r--s 001f0000 08:01 6030778                    /home/sam/.gradle/caches/modules-2/files-2.1/com.badlogicgames.gdx/gdx-freetype-platform/1.5.2/b88a8709364506f459026b0bf310dada0a7e29f5/gdx-freetype-platform-1.5.2-natives-desktop.jar
7fa0ec002000-7fa0ec003000 r--s 00068000 08:01 6030788                    /home/sam/.gradle/caches/modules-2/files-2.1/org.lwjgl.lwjgl/lwjgl-platform/2.9.2/d55b46b40b40249d627a83a7f7f22649709d70c3/lwjgl-platform-2.9.2-natives-osx.jar
7fa0ec003000-7fa0ec005000 r--s 00017000 08:01 6030785                    /home/sam/.gradle/caches/modules-2/files-2.1/org.jcraft/jorbis/0.0.17/8872d22b293e8f5d7d56ff92be966e6dc28ebdc6/jorbis-0.0.17.jar
7fa0ec005000-7fa0ec009000 r--s 0002f000 08:01 6030789                    /home/sam/.gradle/caches/modules-2/files-2.1/net.java.jinput/jinput/2.0.5/39c7796b469a600f72380316f6b1f11db6c2c7c4/jinput-2.0.5.jar
7fa0ec009000-7fa0ec773000 rw-p 00000000 00:00 0 
7fa0ec773000-7fa0ec925000 r--s 01d23000 08:01 6691734                    /usr/lib/jvm/java-7-openjdk-amd64/jre/lib/rt.jar
7fa0ec925000-7fa0f1000000 rw-p 00000000 00:00 0 
7fa0f1000000-7fa0f1270000 rwxp 00000000 00:00 0 
7fa0f1270000-7fa0f43be000 rw-p 00000000 00:00 0 
7fa0f43be000-7fa0f8000000 ---p 00000000 00:00 0 
7fa0f8000000-7fa0f8001000 r--s 0008d000 08:01 6030787                    /home/sam/.gradle/caches/modules-2/files-2.1/org.lwjgl.lwjgl/lwjgl-platform/2.9.2/d276cdf61fe2b516c7b7f4aa1b8dea91dbdc8d56/lwjgl-platform-2.9.2-natives-linux.jar
7fa0f8001000-7fa0f8003000 r--s 00009000 08:01 6029491                    /home/sam/.gradle/caches/modules-2/files-2.1/org.hamcrest/hamcrest-core/1.3/42a25dc3219429f0e5d060061f71acb49bf010a0/hamcrest-core-1.3.jar
7fa0f8003000-7fa0f801d000 r--s 0018d000 08:01 6030779                    /home/sam/.gradle/caches/modules-2/files-2.1/com.badlogicgames.gdx/gdx/1.5.2/4e8961d210e6451fda0f3c4f5b6a0685d61533b9/gdx-1.5.2.jar
7fa0f801d000-7fa0f81aa000 rw-p 00000000 00:00 0 
7fa0f81aa000-7fa0f81ab000 ---p 00000000 00:00 0 
7fa0f81ab000-7fa0f82ab000 rw-p 00000000 00:00 0                          [stack:25513]
7fa0f82ab000-7fa0f82ac000 ---p 00000000 00:00 0 
7fa0f82ac000-7fa0f83ac000 rw-p 00000000 00:00 0                          [stack:25511]
7fa0f83ac000-7fa0f83ad000 ---p 00000000 00:00 0 
7fa0f83ad000-7fa0f84ad000 rw-p 00000000 00:00 0                          [stack:25509]
7fa0f84ad000-7fa0f84ae000 ---p 00000000 00:00 0 
7fa0f84ae000-7fa0f85b9000 rw-p 00000000 00:00 0                          [stack:25506]
7fa0f85b9000-7fa0f8601000 rw-p 00000000 00:00 0 
7fa0f8601000-7fa0f862a000 rw-p 00000000 00:00 0 
7fa0f862a000-7fa0f8891000 rw-p 00000000 00:00 0 
7fa0f8891000-7fa0f889c000 rw-p 00000000 00:00 0 
7fa0f889c000-7fa0f88e4000 rw-p 00000000 00:00 0 
7fa0f88e4000-7fa0f890d000 rw-p 00000000 00:00 0 
7fa0f890d000-7fa0f8b74000 rw-p 00000000 00:00 0 
7fa0f8b74000-7fa0f8b89000 rw-p 00000000 00:00 0 
7fa0f8b89000-7fa0f8cbc000 rw-p 00000000 00:00 0 
7fa0f8cbc000-7fa0f8cbd000 rw-p 00000000 00:00 0 
7fa0f8cbd000-7fa0f8cc5000 r-xp 00000000 08:01 6693347                    /usr/lib/jvm/java-7-openjdk-amd64/jre/lib/amd64/libzip.so
7fa0f8cc5000-7fa0f8ec4000 ---p 00008000 08:01 6693347                    /usr/lib/jvm/java-7-openjdk-amd64/jre/lib/amd64/libzip.so
7fa0f8ec4000-7fa0f8ec5000 r--p 00007000 08:01 6693347                    /usr/lib/jvm/java-7-openjdk-amd64/jre/lib/amd64/libzip.so
7fa0f8ec5000-7fa0f8ec6000 rw-p 00008000 08:01 6693347                    /usr/lib/jvm/java-7-openjdk-amd64/jre/lib/amd64/libzip.so
7fa0f8ec6000-7fa0f8ed1000 r-xp 00000000 08:01 1573180                    /lib/x86_64-linux-gnu/libnss_files-2.19.so
7fa0f8ed1000-7fa0f90d0000 ---p 0000b000 08:01 1573180                    /lib/x86_64-linux-gnu/libnss_files-2.19.so
7fa0f90d0000-7fa0f90d1000 r--p 0000a000 08:01 1573180                    /lib/x86_64-linux-gnu/libnss_files-2.19.so
7fa0f90d1000-7fa0f90d2000 rw-p 0000b000 08:01 1573180                    /lib/x86_64-linux-gnu/libnss_files-2.19.so
7fa0f90d2000-7fa0f90dd000 r-xp 00000000 08:01 1573177                    /lib/x86_64-linux-gnu/libnss_nis-2.19.so
7fa0f90dd000-7fa0f92dc000 ---p 0000b000 08:01 1573177                    /lib/x86_64-linux-gnu/libnss_nis-2.19.so
7fa0f92dc000-7fa0f92dd000 r--p 0000a000 08:01 1573177                    /lib/x86_64-linux-gnu/libnss_nis-2.19.so
7fa0f92dd000-7fa0f92de000 rw-p 0000b000 08:01 1573177                    /lib/x86_64-linux-gnu/libnss_nis-2.19.so
7fa0f92de000-7fa0f92f5000 r-xp 00000000 08:01 1573171                    /lib/x86_64-linux-gnu/libnsl-2.19.so
7fa0f92f5000-7fa0f94f4000 ---p 00017000 08:01 1573171                    /lib/x86_64-linux-gnu/libnsl-2.19.so
7fa0f94f4000-7fa0f94f5000 r--p 00016000 08:01 1573171                    /lib/x86_64-linux-gnu/libnsl-2.19.so
7fa0f94f5000-7fa0f94f6000 rw-p 00017000 08:01 1573171                    /lib/x86_64-linux-gnu/libnsl-2.19.so
7fa0f94f6000-7fa0f94f8000 rw-p 00000000 00:00 0 
7fa0f94f8000-7fa0f9501000 r-xp 00000000 08:01 1573168                    /lib/x86_64-linux-gnu/libnss_compat-2.19.so
7fa0f9501000-7fa0f9700000 ---p 00009000 08:01 1573168                    /lib/x86_64-linux-gnu/libnss_compat-2.19.so
7fa0f9700000-7fa0f9701000 r--p 00008000 08:01 1573168                    /lib/x86_64-linux-gnu/libnss_compat-2.19.so
7fa0f9701000-7fa0f9702000 rw-p 00009000 08:01 1573168                    /lib/x86_64-linux-gnu/libnss_compat-2.19.so
7fa0f9702000-7fa0f972d000 r-xp 00000000 08:01 6691897                    /usr/lib/jvm/java-7-openjdk-amd64/jre/lib/amd64/libjava.so
7fa0f972d000-7fa0f992d000 ---p 0002b000 08:01 6691897                    /usr/lib/jvm/java-7-openjdk-amd64/jre/lib/amd64/libjava.so
7fa0f992d000-7fa0f992e000 r--p 0002b000 08:01 6691897                    /usr/lib/jvm/java-7-openjdk-amd64/jre/lib/amd64/libjava.so
7fa0f992e000-7fa0f9930000 rw-p 0002c000 08:01 6691897                    /usr/lib/jvm/java-7-openjdk-amd64/jre/lib/amd64/libjava.so
7fa0f9930000-7fa0f9940000 r-xp 00000000 08:01 6691896                    /usr/lib/jvm/java-7-openjdk-amd64/jre/lib/amd64/libverify.so
7fa0f9940000-7fa0f9b3f000 ---p 00010000 08:01 6691896                    /usr/lib/jvm/java-7-openjdk-amd64/jre/lib/amd64/libverify.so
7fa0f9b3f000-7fa0f9b41000 r--p 0000f000 08:01 6691896                    /usr/lib/jvm/java-7-openjdk-amd64/jre/lib/amd64/libverify.so
7fa0f9b41000-7fa0f9b42000 rw-p 00011000 08:01 6691896                    /usr/lib/jvm/java-7-openjdk-amd64/jre/lib/amd64/libverify.so
7fa0f9b42000-7fa0f9b49000 r-xp 00000000 08:01 1573163                    /lib/x86_64-linux-gnu/librt-2.19.so
7fa0f9b49000-7fa0f9d48000 ---p 00007000 08:01 1573163                    /lib/x86_64-linux-gnu/librt-2.19.so
7fa0f9d48000-7fa0f9d49000 r--p 00006000 08:01 1573163                    /lib/x86_64-linux-gnu/librt-2.19.so
7fa0f9d49000-7fa0f9d4a000 rw-p 00007000 08:01 1573163                    /lib/x86_64-linux-gnu/librt-2.19.so
7fa0f9d4a000-7fa0f9d60000 r-xp 00000000 08:01 1576858                    /lib/x86_64-linux-gnu/libgcc_s.so.1
7fa0f9d60000-7fa0f9f5f000 ---p 00016000 08:01 1576858                    /lib/x86_64-linux-gnu/libgcc_s.so.1
7fa0f9f5f000-7fa0f9f60000 rw-p 00015000 08:01 1576858                    /lib/x86_64-linux-gnu/libgcc_s.so.1
7fa0f9f60000-7fa0fa065000 r-xp 00000000 08:01 1573170                    /lib/x86_64-linux-gnu/libm-2.19.so
7fa0fa065000-7fa0fa264000 ---p 00105000 08:01 1573170                    /lib/x86_64-linux-gnu/libm-2.19.so
7fa0fa264000-7fa0fa265000 r--p 00104000 08:01 1573170                    /lib/x86_64-linux-gnu/libm-2.19.so
7fa0fa265000-7fa0fa266000 rw-p 00105000 08:01 1573170                    /lib/x86_64-linux-gnu/libm-2.19.so
7fa0fa266000-7fa0fa34c000 r-xp 00000000 08:01 6561050                    /usr/lib/x86_64-linux-gnu/libstdc++.so.6.0.19
7fa0fa34c000-7fa0fa54b000 ---p 000e6000 08:01 6561050                    /usr/lib/x86_64-linux-gnu/libstdc++.so.6.0.19
7fa0fa54b000-7fa0fa553000 r--p 000e5000 08:01 6561050                    /usr/lib/x86_64-linux-gnu/libstdc++.so.6.0.19
7fa0fa553000-7fa0fa555000 rw-p 000ed000 08:01 6561050                    /usr/lib/x86_64-linux-gnu/libstdc++.so.6.0.19
7fa0fa555000-7fa0fa56a000 rw-p 00000000 00:00 0 
7fa0fa56a000-7fa0fb082000 r-xp 00000000 08:01 6691901                    /usr/lib/jvm/java-7-openjdk-amd64/jre/lib/amd64/server/libjvm.so
7fa0fb082000-7fa0fb282000 ---p 00b18000 08:01 6691901                    /usr/lib/jvm/java-7-openjdk-amd64/jre/lib/amd64/server/libjvm.so
7fa0fb282000-7fa0fb31c000 r--p 00b18000 08:01 6691901                    /usr/lib/jvm/java-7-openjdk-amd64/jre/lib/amd64/server/libjvm.so
7fa0fb31c000-7fa0fb33f000 rw-p 00bb2000 08:01 6691901                    /usr/lib/jvm/java-7-openjdk-amd64/jre/lib/amd64/server/libjvm.so
7fa0fb33f000-7fa0fb36d000 rw-p 00000000 00:00 0 
7fa0fb36d000-7fa0fb385000 r-xp 00000000 08:01 1577042                    /lib/x86_64-linux-gnu/libz.so.1.2.8
7fa0fb385000-7fa0fb584000 ---p 00018000 08:01 1577042                    /lib/x86_64-linux-gnu/libz.so.1.2.8
7fa0fb584000-7fa0fb585000 r--p 00017000 08:01 1577042                    /lib/x86_64-linux-gnu/libz.so.1.2.8
7fa0fb585000-7fa0fb586000 rw-p 00018000 08:01 1577042                    /lib/x86_64-linux-gnu/libz.so.1.2.8
7fa0fb586000-7fa0fb59f000 r-xp 00000000 08:01 1573179                    /lib/x86_64-linux-gnu/libpthread-2.19.so
7fa0fb59f000-7fa0fb79e000 ---p 00019000 08:01 1573179                    /lib/x86_64-linux-gnu/libpthread-2.19.so
7fa0fb79e000-7fa0fb79f000 r--p 00018000 08:01 1573179                    /lib/x86_64-linux-gnu/libpthread-2.19.so
7fa0fb79f000-7fa0fb7a0000 rw-p 00019000 08:01 1573179                    /lib/x86_64-linux-gnu/libpthread-2.19.so
7fa0fb7a0000-7fa0fb7a4000 rw-p 00000000 00:00 0 
7fa0fb7a4000-7fa0fb7a7000 r-xp 00000000 08:01 1573166                    /lib/x86_64-linux-gnu/libdl-2.19.so
7fa0fb7a7000-7fa0fb9a6000 ---p 00003000 08:01 1573166                    /lib/x86_64-linux-gnu/libdl-2.19.so
7fa0fb9a6000-7fa0fb9a7000 r--p 00002000 08:01 1573166                    /lib/x86_64-linux-gnu/libdl-2.19.so
7fa0fb9a7000-7fa0fb9a8000 rw-p 00003000 08:01 1573166                    /lib/x86_64-linux-gnu/libdl-2.19.so
7fa0fb9a8000-7fa0fbb63000 r-xp 00000000 08:01 1573162                    /lib/x86_64-linux-gnu/libc-2.19.so
7fa0fbb63000-7fa0fbd63000 ---p 001bb000 08:01 1573162                    /lib/x86_64-linux-gnu/libc-2.19.so
7fa0fbd63000-7fa0fbd67000 r--p 001bb000 08:01 1573162                    /lib/x86_64-linux-gnu/libc-2.19.so
7fa0fbd67000-7fa0fbd69000 rw-p 001bf000 08:01 1573162                    /lib/x86_64-linux-gnu/libc-2.19.so
7fa0fbd69000-7fa0fbd6e000 rw-p 00000000 00:00 0 
7fa0fbd6e000-7fa0fbd7b000 r-xp 00000000 08:01 6691880                    /usr/lib/jvm/java-7-openjdk-amd64/jre/lib/amd64/jli/libjli.so
7fa0fbd7b000-7fa0fbf7a000 ---p 0000d000 08:01 6691880                    /usr/lib/jvm/java-7-openjdk-amd64/jre/lib/amd64/jli/libjli.so
7fa0fbf7a000-7fa0fbf7b000 r--p 0000c000 08:01 6691880                    /usr/lib/jvm/java-7-openjdk-amd64/jre/lib/amd64/jli/libjli.so
7fa0fbf7b000-7fa0fbf7c000 rw-p 0000d000 08:01 6691880                    /usr/lib/jvm/java-7-openjdk-amd64/jre/lib/amd64/jli/libjli.so
7fa0fbf7c000-7fa0fbf9f000 r-xp 00000000 08:01 1573160                    /lib/x86_64-linux-gnu/ld-2.19.so
7fa0fbf9f000-7fa0fbfa0000 r--s 00095000 08:01 6030786                    /home/sam/.gradle/caches/modules-2/files-2.1/org.lwjgl.lwjgl/lwjgl-platform/2.9.2/510c7d317f5e9e700b9cfaac5fd38bdebf0702e0/lwjgl-platform-2.9.2-natives-windows.jar
7fa0fbfa0000-7fa0fbfa1000 r--s 00001000 08:01 6030790                    /home/sam/.gradle/caches/modules-2/files-2.1/net.java.jutils/jutils/1.0.0/e12fe1fda814bd348c1579329c86943d2cd3c6a6/jutils-1.0.0.jar
7fa0fbfa1000-7fa0fbfa2000 r--s 00002000 08:01 6030791                    /home/sam/.gradle/caches/modules-2/files-2.1/net.java.jinput/jinput-platform/2.0.5/7ff832a6eb9ab6a767f1ade2b548092d0fa64795/jinput-platform-2.0.5-natives-linux.jar
7fa0fbfa2000-7fa0fbfa3000 r--s 00002000 08:01 6030793                    /home/sam/.gradle/caches/modules-2/files-2.1/net.java.jinput/jinput-platform/2.0.5/53f9c919f34d2ca9de8c51fc4e1e8282029a9232/jinput-platform-2.0.5-natives-osx.jar
7fa0fbfa3000-7fa0fbfa4000 r--s 00025000 08:01 6030792                    /home/sam/.gradle/caches/modules-2/files-2.1/net.java.jinput/jinput-platform/2.0.5/385ee093e01f587f30ee1c8a2ee7d408fd732e16/jinput-platform-2.0.5-natives-windows.jar
7fa0fbfa4000-7fa0fbfac000 r--s 00047000 08:01 6029485                    /home/sam/.gradle/caches/modules-2/files-2.1/junit/junit/4.13-SNAPSHOT/160889e9c728aa0321904a541438aaaa9b5406fe/junit-4.13-SNAPSHOT.jar
7fa0fbfac000-7fa0fbfad000 r--s 00003000 08:01 6029483                    /home/sam/.gradle/caches/modules-2/files-2.1/com.googlecode.json-simple/json-simple/1.1/5e303a03d04e6788dddfa3655272580ae0fc13bb/json-simple-1.1.jar
7fa0fbfad000-7fa0fbfae000 r--s 00015000 08:01 6030784                    /home/sam/.gradle/caches/modules-2/files-2.1/com.badlogicgames.jlayer/jlayer/1.0.1-gdx/7cca83cec5c1b2f011362f4d85aabd71a73b049d/jlayer-1.0.1-gdx.jar
7fa0fbfae000-7fa0fbfaf000 r--s 000ce000 08:01 6030776                    /home/sam/.gradle/caches/modules-2/files-2.1/com.badlogicgames.gdx/gdx-platform/1.5.2/fce63f1c2fa3bb5e009877b7347e5e241c482895/gdx-platform-1.5.2-natives-desktop.jar
7fa0fbfaf000-7fa0fbfb1000 r--s 00006000 08:01 6030781                    /home/sam/.gradle/caches/modules-2/files-2.1/com.badlogicgames.gdx/gdx-freetype/1.5.2/de5a9ab0cb0993bf43b81dbbb66ad6dee09e4613/gdx-freetype-1.5.2.jar
7fa0fbfb1000-7fa0fbfb3000 r--s 00010000 08:01 6030780                    /home/sam/.gradle/caches/modules-2/files-2.1/com.badlogicgames.gdx/gdx-box2d/1.5.2/dfef8e7b1118cc6ea70393e4f4f7ede95de8f4bd/gdx-box2d-1.5.2.jar
7fa0fbfb3000-7fa0fbfb6000 r--s 0001f000 08:01 6030775                    /home/sam/.gradle/caches/modules-2/files-2.1/com.badlogicgames.gdx/gdx-backend-lwjgl/1.5.2/e979b4d3fb8c42c9e0292d0e04bdf229b746ff9/gdx-backend-lwjgl-1.5.2.jar
7fa0fbfb6000-7fa0fbfb8000 r--s 00004000 08:01 6029489                    /home/sam/.gradle/caches/modules-2/files-2.1/com.badlogicgames.gdx/gdx-backend-headless/1.5.2/83fc2e5d62955c66f4cc7b3989e9e49788f6a64a/gdx-backend-headless-1.5.2.jar
7fa0fbfb8000-7fa0fbfbc000 r--s 0003c000 08:01 6816343                    /usr/lib/jvm/java-7-openjdk-amd64/jre/lib/ext/sunpkcs11.jar
7fa0fbfbc000-7fa0fbfc6000 rw-p 00000000 00:00 0 
7fa0fbfc6000-7fa0fc07c000 rw-p 00000000 00:00 0 
7fa0fc07c000-7fa0fc07f000 ---p 00000000 00:00 0 
7fa0fc07f000-7fa0fc182000 rw-p 00000000 00:00 0                          [stack:25503]
7fa0fc182000-7fa0fc183000 r--s 000fa000 08:01 6030777                    /home/sam/.gradle/caches/modules-2/files-2.1/com.badlogicgames.gdx/gdx-box2d-platform/1.5.2/b1ed9b7806ba2914fcf221457aa287b2a5d8e911/gdx-box2d-platform-1.5.2-natives-desktop.jar
7fa0fc183000-7fa0fc184000 r--s 00002000 08:01 6816346                    /usr/lib/jvm/java-7-openjdk-amd64/jre/lib/ext/dnsns.jar
7fa0fc184000-7fa0fc187000 r--s 00086000 08:01 6816347                    /usr/lib/jvm/java-7-openjdk-amd64/jre/lib/ext/localedata.jar
7fa0fc187000-7fa0fc189000 r--s 00012000 08:01 6816345                    /usr/lib/jvm/java-7-openjdk-amd64/jre/lib/ext/zipfs.jar
7fa0fc189000-7fa0fc18c000 r--s 0000f000 08:01 6816342                    /usr/lib/jvm/java-7-openjdk-amd64/jre/lib/ext/icedtea-sound.jar
7fa0fc18c000-7fa0fc190000 r--s 00034000 08:01 6816344                    /usr/lib/jvm/java-7-openjdk-amd64/jre/lib/ext/sunjce_provider.jar
7fa0fc190000-7fa0fc192000 r--s 00006000 08:01 6829410                    /usr/share/java/java-atk-wrapper.jar
7fa0fc192000-7fa0fc19a000 rw-s 00000000 08:01 6030312                    /tmp/hsperfdata_sam/25501
7fa0fc19a000-7fa0fc19b000 rw-p 00000000 00:00 0 
7fa0fc19b000-7fa0fc19c000 r--p 00000000 00:00 0 
7fa0fc19c000-7fa0fc19e000 rw-p 00000000 00:00 0 
7fa0fc19e000-7fa0fc19f000 r--p 00022000 08:01 1573160                    /lib/x86_64-linux-gnu/ld-2.19.so
7fa0fc19f000-7fa0fc1a0000 rw-p 00023000 08:01 1573160                    /lib/x86_64-linux-gnu/ld-2.19.so
7fa0fc1a0000-7fa0fc1a1000 rw-p 00000000 00:00 0 
7fffc7211000-7fffc7233000 rw-p 00000000 00:00 0                          [stack]
7fffc72ec000-7fffc72ee000 r-xp 00000000 00:00 0                          [vdso]
ffffffffff600000-ffffffffff601000 r-xp 00000000 00:00 0                  [vsyscall]

VM Arguments:
jvm_args: -Dfile.encoding=UTF-8 
java_command: com.TeamHEC.LocomotionCommotion.desktop.DesktopLauncher
Launcher Type: SUN_STANDARD

Environment Variables:
PATH=/usr/local/sbin:/usr/local/bin:/usr/sbin:/usr/bin:/sbin:/bin:/usr/games:/usr/local/games
SHELL=/bin/bash
DISPLAY=:0.0

Signal Handlers:
SIGSEGV: [libjvm.so+0x94b4b0], sa_mask[0]=0x7ffbfeff, sa_flags=0x10000004
SIGBUS: [libjvm.so+0x94b4b0], sa_mask[0]=0x7ffbfeff, sa_flags=0x10000004
SIGFPE: [libjvm.so+0x7c3390], sa_mask[0]=0x7ffbfeff, sa_flags=0x10000004
SIGPIPE: [libjvm.so+0x7c3390], sa_mask[0]=0x7ffbfeff, sa_flags=0x10000004
SIGXFSZ: [libjvm.so+0x7c3390], sa_mask[0]=0x7ffbfeff, sa_flags=0x10000004
SIGILL: [libjvm.so+0x7c3390], sa_mask[0]=0x7ffbfeff, sa_flags=0x10000004
SIGUSR1: SIG_DFL, sa_mask[0]=0x00000000, sa_flags=0x00000000
SIGUSR2: [libjvm.so+0x7c3230], sa_mask[0]=0x00000004, sa_flags=0x10000004
SIGHUP: [libjvm.so+0x7c3410], sa_mask[0]=0x7ffbfeff, sa_flags=0x10000004
SIGINT: [libjvm.so+0x7c3410], sa_mask[0]=0x7ffbfeff, sa_flags=0x10000004
SIGTERM: [libjvm.so+0x7c3410], sa_mask[0]=0x7ffbfeff, sa_flags=0x10000004
SIGQUIT: [libjvm.so+0x7c3410], sa_mask[0]=0x7ffbfeff, sa_flags=0x10000004
SIGTRAP: SIG_DFL, sa_mask[0]=0x00000000, sa_flags=0x00000000


---------------  S Y S T E M  ---------------

OS:Ubuntu 14.04 (trusty)
uname:Linux 3.13.0-45-generic #74-Ubuntu SMP Tue Jan 13 19:36:28 UTC 2015 x86_64
libc:glibc 2.19 NPTL 2.19 
rlimit: STACK 8192k, CORE 0k, NPROC 62805, NOFILE 4096, AS infinity
load average:7.84 4.43 3.73

/proc/meminfo:
MemTotal:        8060736 kB
MemFree:          702212 kB
Buffers:          235384 kB
Cached:          2389372 kB
SwapCached:            0 kB
Active:          5375600 kB
Inactive:        1666160 kB
Active(anon):    4423848 kB
Inactive(anon):   280268 kB
Active(file):     951752 kB
Inactive(file):  1385892 kB
Unevictable:         556 kB
Mlocked:             556 kB
SwapTotal:       4076540 kB
SwapFree:        4076540 kB
Dirty:             12892 kB
Writeback:             0 kB
AnonPages:       4417432 kB
Mapped:           326656 kB
Shmem:            287116 kB
Slab:             184836 kB
SReclaimable:     151740 kB
SUnreclaim:        33096 kB
KernelStack:        4976 kB
PageTables:        46116 kB
NFS_Unstable:          0 kB
Bounce:                0 kB
WritebackTmp:          0 kB
CommitLimit:     8106908 kB
Committed_AS:    9119228 kB
VmallocTotal:   34359738367 kB
VmallocUsed:      356224 kB
VmallocChunk:   34359362760 kB
HardwareCorrupted:     0 kB
AnonHugePages:   2924544 kB
HugePages_Total:       0
HugePages_Free:        0
HugePages_Rsvd:        0
HugePages_Surp:        0
Hugepagesize:       2048 kB
DirectMap4k:       52864 kB
DirectMap2M:     8220672 kB


CPU:total 4 (2 cores per cpu, 2 threads per core) family 6 model 42 stepping 7, cmov, cx8, fxsr, mmx, sse, sse2, sse3, ssse3, sse4.1, sse4.2, popcnt, avx, aes, ht, tsc, tscinvbit

/proc/cpuinfo:
processor	: 0
vendor_id	: GenuineIntel
cpu family	: 6
model		: 42
model name	: Intel(R) Core(TM) i5-2520M CPU @ 2.50GHz
stepping	: 7
microcode	: 0x18
cpu MHz		: 2200.000
cache size	: 3072 KB
physical id	: 0
siblings	: 4
core id		: 0
cpu cores	: 2
apicid		: 0
initial apicid	: 0
fpu		: yes
fpu_exception	: yes
cpuid level	: 13
wp		: yes
flags		: fpu vme de pse tsc msr pae mce cx8 apic sep mtrr pge mca cmov pat pse36 clflush dts acpi mmx fxsr sse sse2 ss ht tm pbe syscall nx rdtscp lm constant_tsc arch_perfmon pebs bts nopl xtopology nonstop_tsc aperfmperf eagerfpu pni pclmulqdq dtes64 monitor ds_cpl vmx smx est tm2 ssse3 cx16 xtpr pdcm pcid sse4_1 sse4_2 x2apic popcnt tsc_deadline_timer aes xsave avx lahf_lm ida arat epb xsaveopt pln pts dtherm tpr_shadow vnmi flexpriority ept vpid
bogomips	: 4983.71
clflush size	: 64
cache_alignment	: 64
address sizes	: 36 bits physical, 48 bits virtual
power management:

processor	: 1
vendor_id	: GenuineIntel
cpu family	: 6
model		: 42
model name	: Intel(R) Core(TM) i5-2520M CPU @ 2.50GHz
stepping	: 7
microcode	: 0x18
cpu MHz		: 2501.000
cache size	: 3072 KB
physical id	: 0
siblings	: 4
core id		: 0
cpu cores	: 2
apicid		: 1
initial apicid	: 1
fpu		: yes
fpu_exception	: yes
cpuid level	: 13
wp		: yes
flags		: fpu vme de pse tsc msr pae mce cx8 apic sep mtrr pge mca cmov pat pse36 clflush dts acpi mmx fxsr sse sse2 ss ht tm pbe syscall nx rdtscp lm constant_tsc arch_perfmon pebs bts nopl xtopology nonstop_tsc aperfmperf eagerfpu pni pclmulqdq dtes64 monitor ds_cpl vmx smx est tm2 ssse3 cx16 xtpr pdcm pcid sse4_1 sse4_2 x2apic popcnt tsc_deadline_timer aes xsave avx lahf_lm ida arat epb xsaveopt pln pts dtherm tpr_shadow vnmi flexpriority ept vpid
bogomips	: 4983.71
clflush size	: 64
cache_alignment	: 64
address sizes	: 36 bits physical, 48 bits virtual
power management:

processor	: 2
vendor_id	: GenuineIntel
cpu family	: 6
model		: 42
model name	: Intel(R) Core(TM) i5-2520M CPU @ 2.50GHz
stepping	: 7
microcode	: 0x18
cpu MHz		: 2501.000
cache size	: 3072 KB
physical id	: 0
siblings	: 4
core id		: 1
cpu cores	: 2
apicid		: 2
initial apicid	: 2
fpu		: yes
fpu_exception	: yes
cpuid level	: 13
wp		: yes
flags		: fpu vme de pse tsc msr pae mce cx8 apic sep mtrr pge mca cmov pat pse36 clflush dts acpi mmx fxsr sse sse2 ss ht tm pbe syscall nx rdtscp lm constant_tsc arch_perfmon pebs bts nopl xtopology nonstop_tsc aperfmperf eagerfpu pni pclmulqdq dtes64 monitor ds_cpl vmx smx est tm2 ssse3 cx16 xtpr pdcm pcid sse4_1 sse4_2 x2apic popcnt tsc_deadline_timer aes xsave avx lahf_lm ida arat epb xsaveopt pln pts dtherm tpr_shadow vnmi flexpriority ept vpid
bogomips	: 4983.71
clflush size	: 64
cache_alignment	: 64
address sizes	: 36 bits physical, 48 bits virtual
power management:

processor	: 3
vendor_id	: GenuineIntel
cpu family	: 6
model		: 42
model name	: Intel(R) Core(TM) i5-2520M CPU @ 2.50GHz
stepping	: 7
microcode	: 0x18
cpu MHz		: 2501.000
cache size	: 3072 KB
physical id	: 0
siblings	: 4
core id		: 1
cpu cores	: 2
apicid		: 3
initial apicid	: 3
fpu		: yes
fpu_exception	: yes
cpuid level	: 13
wp		: yes
flags		: fpu vme de pse tsc msr pae mce cx8 apic sep mtrr pge mca cmov pat pse36 clflush dts acpi mmx fxsr sse sse2 ss ht tm pbe syscall nx rdtscp lm constant_tsc arch_perfmon pebs bts nopl xtopology nonstop_tsc aperfmperf eagerfpu pni pclmulqdq dtes64 monitor ds_cpl vmx smx est tm2 ssse3 cx16 xtpr pdcm pcid sse4_1 sse4_2 x2apic popcnt tsc_deadline_timer aes xsave avx lahf_lm ida arat epb xsaveopt pln pts dtherm tpr_shadow vnmi flexpriority ept vpid
bogomips	: 4983.71
clflush size	: 64
cache_alignment	: 64
address sizes	: 36 bits physical, 48 bits virtual
power management:



Memory: 4k page, physical 8060736k(702212k free), swap 4076540k(4076540k free)

vm_info: OpenJDK 64-Bit Server VM (24.75-b04) for linux-amd64 JRE (1.7.0_75-b13), built on Jan 27 2015 00:38:59 by "buildd" with gcc 4.8.2

time: Tue Feb 17 21:23:03 2015
elapsed time: 1 seconds

